<?xml version="1.0" encoding="UTF-8"?>
<!-- Generated by org.testng.reporters.JUnitXMLReporter -->
<testsuite hostname="DESKTOP-D27FDN2" ignored="0" name="All Functional Test" tests="21" failures="6" timestamp="2021-05-03T23:25:00 PDT" time="72.401" errors="0">
  <testcase name="ToVerifySSDURLLaunch" time="12.037" classname="hpe.NewSSD.SSDModuleTest"/>
  <testcase name="ToVerifyLabelInHomePage" time="0.264" classname="hpe.NewSSD.SSDModuleTest"/>
  <testcase name="ToVerifyHelpMeChooseBtn" time="3.162" classname="hpe.NewSSD.SSDModuleTest"/>
  <testcase name="ToVerifyWorkloadDisplay" time="0.002" classname="hpe.NewSSD.SSDModuleTest"/>
  <testcase name="ToSelectTheWorkload" time="2.098" classname="hpe.NewSSD.SSDModuleTest"/>
  <testcase name="ToVerifySSDTypePage" time="3.817" classname="hpe.NewSSD.SSDModuleTest"/>
  <testcase name="ToVerifyToSelectSeverType" time="0.231" classname="hpe.NewSSD.SSDModuleTest"/>
  <testcase name="ToVerifyInterfacePage" time="4.578" classname="hpe.NewSSD.SSDModuleTest"/>
  <testcase name="ToVerifyFormFactorPage" time="1.56" classname="hpe.NewSSD.SSDModuleTest"/>
  <testcase name="ToVerifyMainstreamPage" time="3.47" classname="hpe.NewSSD.SSDModuleTest"/>
  <testcase name="ToVerifySSDResultPage" time="0.415" classname="hpe.NewSSD.SSDModuleTest"/>
  <testcase name="ToVerifySSDResults" time="5.412" classname="hpe.NewSSD.SSDModuleTest">
    <failure type="org.openqa.selenium.TimeoutException" message="Expected condition failed: waiting for text (&amp;apos;47 -  SSDs meet your requirements&amp;apos;) to be the value of element [[ChromeDriver: chrome on WINDOWS (29a6a69849867ad3fc568b9787073b85)] -&amp;gt; partial link text:  -  SSDs meet your requirements] (tried for 5 second(s) with 500 milliseconds interval)
Build info: version: &amp;apos;3.141.59&amp;apos;, revision: &amp;apos;e82be7d358&amp;apos;, time: &amp;apos;2018-11-14T08:17:03&amp;apos;
System info: host: &amp;apos;DESKTOP-D27FDN2&amp;apos;, ip: &amp;apos;16.116.130.89&amp;apos;, os.name: &amp;apos;Windows 10&amp;apos;, os.arch: &amp;apos;amd64&amp;apos;, os.version: &amp;apos;10.0&amp;apos;, java.version: &amp;apos;1.8.0_291&amp;apos;
Driver info: org.openqa.selenium.support.events.EventFiringWebDriver
Capabilities {acceptInsecureCerts: false, browserName: chrome, browserVersion: 90.0.4430.93, chrome: {chromedriverVersion: 90.0.4430.24 (4c6d850f087da..., userDataDir: C:\Users\user\AppData\Local...}, goog:chromeOptions: {debuggerAddress: localhost:57574}, javascriptEnabled: true, networkConnectionEnabled: false, pageLoadStrategy: normal, platform: WINDOWS, platformName: WINDOWS, proxy: Proxy(), setWindowRect: true, strictFileInteractability: false, timeouts: {implicit: 0, pageLoad: 300000, script: 30000}, unhandledPromptBehavior: dismiss and notify, webauthn:extension:largeBlob: true, webauthn:virtualAuthenticators: true}
Session ID: 29a6a69849867ad3fc568b9787073b85">
      <![CDATA[org.openqa.selenium.TimeoutException: Expected condition failed: waiting for text ('47 -  SSDs meet your requirements') to be the value of element [[ChromeDriver: chrome on WINDOWS (29a6a69849867ad3fc568b9787073b85)] -> partial link text:  -  SSDs meet your requirements] (tried for 5 second(s) with 500 milliseconds interval)
Build info: version: '3.141.59', revision: 'e82be7d358', time: '2018-11-14T08:17:03'
System info: host: 'DESKTOP-D27FDN2', ip: '16.116.130.89', os.name: 'Windows 10', os.arch: 'amd64', os.version: '10.0', java.version: '1.8.0_291'
Driver info: org.openqa.selenium.support.events.EventFiringWebDriver
Capabilities {acceptInsecureCerts: false, browserName: chrome, browserVersion: 90.0.4430.93, chrome: {chromedriverVersion: 90.0.4430.24 (4c6d850f087da..., userDataDir: C:\Users\user\AppData\Local...}, goog:chromeOptions: {debuggerAddress: localhost:57574}, javascriptEnabled: true, networkConnectionEnabled: false, pageLoadStrategy: normal, platform: WINDOWS, platformName: WINDOWS, proxy: Proxy(), setWindowRect: true, strictFileInteractability: false, timeouts: {implicit: 0, pageLoad: 300000, script: 30000}, unhandledPromptBehavior: dismiss and notify, webauthn:extension:largeBlob: true, webauthn:virtualAuthenticators: true}
Session ID: 29a6a69849867ad3fc568b9787073b85
at org.openqa.selenium.support.ui.WebDriverWait.timeoutException(WebDriverWait.java:95)
at org.openqa.selenium.support.ui.FluentWait.until(FluentWait.java:272)
at hpe.NewSSD.SSDModuleTest.ToVerifySSDResults(SSDModuleTest.java:226)
at java.util.ArrayList.forEach(ArrayList.java:1259)
... Removed 27 stack frames]]>
    </failure>
  </testcase> <!-- ToVerifySSDResults -->
  <testcase name="ToVerifyResultPageSelectedServerTypeDisplayed" time="0.488" classname="hpe.NewSSD.SSDModuleTest">
    <failure type="java.lang.AssertionError" message="expected:&amp;lt;Server Model&amp;gt; but was:&amp;lt;-- Server Model --&amp;gt;">
      <![CDATA[java.lang.AssertionError: expected:<Server Model> but was:<-- Server Model -->
at hpe.NewSSD.SSDModuleTest.ToVerifyResultPageSelectedServerTypeDisplayed(SSDModuleTest.java:261)
at java.util.ArrayList.forEach(ArrayList.java:1259)
... Removed 29 stack frames]]>
    </failure>
  </testcase> <!-- ToVerifyResultPageSelectedServerTypeDisplayed -->
  <testcase name="ToVerifyToSelectServerModel" time="0.186" classname="hpe.NewSSD.SSDModuleTest"/>
  <testcase name="ToVerifySSDsResults" time="5.365" classname="hpe.NewSSD.SSDModuleTest">
    <failure type="org.openqa.selenium.TimeoutException" message="Expected condition failed: waiting for text (&amp;apos;39 -  SSDs meet your requirements&amp;apos;) to be the value of element [[ChromeDriver: chrome on WINDOWS (29a6a69849867ad3fc568b9787073b85)] -&amp;gt; partial link text:  -  SSDs meet your requirements] (tried for 5 second(s) with 500 milliseconds interval)
Build info: version: &amp;apos;3.141.59&amp;apos;, revision: &amp;apos;e82be7d358&amp;apos;, time: &amp;apos;2018-11-14T08:17:03&amp;apos;
System info: host: &amp;apos;DESKTOP-D27FDN2&amp;apos;, ip: &amp;apos;16.116.130.89&amp;apos;, os.name: &amp;apos;Windows 10&amp;apos;, os.arch: &amp;apos;amd64&amp;apos;, os.version: &amp;apos;10.0&amp;apos;, java.version: &amp;apos;1.8.0_291&amp;apos;
Driver info: org.openqa.selenium.support.events.EventFiringWebDriver
Capabilities {acceptInsecureCerts: false, browserName: chrome, browserVersion: 90.0.4430.93, chrome: {chromedriverVersion: 90.0.4430.24 (4c6d850f087da..., userDataDir: C:\Users\user\AppData\Local...}, goog:chromeOptions: {debuggerAddress: localhost:57574}, javascriptEnabled: true, networkConnectionEnabled: false, pageLoadStrategy: normal, platform: WINDOWS, platformName: WINDOWS, proxy: Proxy(), setWindowRect: true, strictFileInteractability: false, timeouts: {implicit: 0, pageLoad: 300000, script: 30000}, unhandledPromptBehavior: dismiss and notify, webauthn:extension:largeBlob: true, webauthn:virtualAuthenticators: true}
Session ID: 29a6a69849867ad3fc568b9787073b85">
      <![CDATA[org.openqa.selenium.TimeoutException: Expected condition failed: waiting for text ('39 -  SSDs meet your requirements') to be the value of element [[ChromeDriver: chrome on WINDOWS (29a6a69849867ad3fc568b9787073b85)] -> partial link text:  -  SSDs meet your requirements] (tried for 5 second(s) with 500 milliseconds interval)
Build info: version: '3.141.59', revision: 'e82be7d358', time: '2018-11-14T08:17:03'
System info: host: 'DESKTOP-D27FDN2', ip: '16.116.130.89', os.name: 'Windows 10', os.arch: 'amd64', os.version: '10.0', java.version: '1.8.0_291'
Driver info: org.openqa.selenium.support.events.EventFiringWebDriver
Capabilities {acceptInsecureCerts: false, browserName: chrome, browserVersion: 90.0.4430.93, chrome: {chromedriverVersion: 90.0.4430.24 (4c6d850f087da..., userDataDir: C:\Users\user\AppData\Local...}, goog:chromeOptions: {debuggerAddress: localhost:57574}, javascriptEnabled: true, networkConnectionEnabled: false, pageLoadStrategy: normal, platform: WINDOWS, platformName: WINDOWS, proxy: Proxy(), setWindowRect: true, strictFileInteractability: false, timeouts: {implicit: 0, pageLoad: 300000, script: 30000}, unhandledPromptBehavior: dismiss and notify, webauthn:extension:largeBlob: true, webauthn:virtualAuthenticators: true}
Session ID: 29a6a69849867ad3fc568b9787073b85
at org.openqa.selenium.support.ui.WebDriverWait.timeoutException(WebDriverWait.java:95)
at org.openqa.selenium.support.ui.FluentWait.until(FluentWait.java:272)
at hpe.NewSSD.SSDModuleTest.ToVerifySSDsResults(SSDModuleTest.java:283)
at java.util.ArrayList.forEach(ArrayList.java:1259)
... Removed 27 stack frames]]>
    </failure>
  </testcase> <!-- ToVerifySSDsResults -->
  <testcase name="ToVerifySSDsResultOnChangeServertype" time="0.293" classname="hpe.NewSSD.SSDModuleTest"/>
  <testcase name="ToVerifySSDsMixedMainStreamResults" time="5.105" classname="hpe.NewSSD.SSDModuleTest">
    <failure type="org.openqa.selenium.TimeoutException" message="Expected condition failed: waiting for text (&amp;apos;54 -  SSDs meet your requirements&amp;apos;) to be the value of element [[ChromeDriver: chrome on WINDOWS (29a6a69849867ad3fc568b9787073b85)] -&amp;gt; partial link text:  -  SSDs meet your requirements] (tried for 5 second(s) with 500 milliseconds interval)
Build info: version: &amp;apos;3.141.59&amp;apos;, revision: &amp;apos;e82be7d358&amp;apos;, time: &amp;apos;2018-11-14T08:17:03&amp;apos;
System info: host: &amp;apos;DESKTOP-D27FDN2&amp;apos;, ip: &amp;apos;16.116.130.89&amp;apos;, os.name: &amp;apos;Windows 10&amp;apos;, os.arch: &amp;apos;amd64&amp;apos;, os.version: &amp;apos;10.0&amp;apos;, java.version: &amp;apos;1.8.0_291&amp;apos;
Driver info: org.openqa.selenium.support.events.EventFiringWebDriver
Capabilities {acceptInsecureCerts: false, browserName: chrome, browserVersion: 90.0.4430.93, chrome: {chromedriverVersion: 90.0.4430.24 (4c6d850f087da..., userDataDir: C:\Users\user\AppData\Local...}, goog:chromeOptions: {debuggerAddress: localhost:57574}, javascriptEnabled: true, networkConnectionEnabled: false, pageLoadStrategy: normal, platform: WINDOWS, platformName: WINDOWS, proxy: Proxy(), setWindowRect: true, strictFileInteractability: false, timeouts: {implicit: 0, pageLoad: 300000, script: 30000}, unhandledPromptBehavior: dismiss and notify, webauthn:extension:largeBlob: true, webauthn:virtualAuthenticators: true}
Session ID: 29a6a69849867ad3fc568b9787073b85">
      <![CDATA[org.openqa.selenium.TimeoutException: Expected condition failed: waiting for text ('54 -  SSDs meet your requirements') to be the value of element [[ChromeDriver: chrome on WINDOWS (29a6a69849867ad3fc568b9787073b85)] -> partial link text:  -  SSDs meet your requirements] (tried for 5 second(s) with 500 milliseconds interval)
Build info: version: '3.141.59', revision: 'e82be7d358', time: '2018-11-14T08:17:03'
System info: host: 'DESKTOP-D27FDN2', ip: '16.116.130.89', os.name: 'Windows 10', os.arch: 'amd64', os.version: '10.0', java.version: '1.8.0_291'
Driver info: org.openqa.selenium.support.events.EventFiringWebDriver
Capabilities {acceptInsecureCerts: false, browserName: chrome, browserVersion: 90.0.4430.93, chrome: {chromedriverVersion: 90.0.4430.24 (4c6d850f087da..., userDataDir: C:\Users\user\AppData\Local...}, goog:chromeOptions: {debuggerAddress: localhost:57574}, javascriptEnabled: true, networkConnectionEnabled: false, pageLoadStrategy: normal, platform: WINDOWS, platformName: WINDOWS, proxy: Proxy(), setWindowRect: true, strictFileInteractability: false, timeouts: {implicit: 0, pageLoad: 300000, script: 30000}, unhandledPromptBehavior: dismiss and notify, webauthn:extension:largeBlob: true, webauthn:virtualAuthenticators: true}
Session ID: 29a6a69849867ad3fc568b9787073b85
at org.openqa.selenium.support.ui.WebDriverWait.timeoutException(WebDriverWait.java:95)
at org.openqa.selenium.support.ui.FluentWait.until(FluentWait.java:272)
at hpe.NewSSD.SSDModuleTest.ToVerifySSDsMixedMainStreamResults(SSDModuleTest.java:317)
at java.util.ArrayList.forEach(ArrayList.java:1259)
... Removed 27 stack frames]]>
    </failure>
  </testcase> <!-- ToVerifySSDsMixedMainStreamResults -->
  <testcase name="ToVerifyToSelectServerType" time="0.242" classname="hpe.NewSSD.SSDModuleTest"/>
  <testcase name="ToVerifySelectedServerSSDs" time="5.441" classname="hpe.NewSSD.SSDModuleTest">
    <failure type="org.openqa.selenium.TimeoutException" message="Expected condition failed: waiting for text (&amp;apos;47 -  SSDs meet your requirements&amp;apos;) to be the value of element [[ChromeDriver: chrome on WINDOWS (29a6a69849867ad3fc568b9787073b85)] -&amp;gt; partial link text:  -  SSDs meet your requirements] (tried for 5 second(s) with 500 milliseconds interval)
Build info: version: &amp;apos;3.141.59&amp;apos;, revision: &amp;apos;e82be7d358&amp;apos;, time: &amp;apos;2018-11-14T08:17:03&amp;apos;
System info: host: &amp;apos;DESKTOP-D27FDN2&amp;apos;, ip: &amp;apos;16.116.130.89&amp;apos;, os.name: &amp;apos;Windows 10&amp;apos;, os.arch: &amp;apos;amd64&amp;apos;, os.version: &amp;apos;10.0&amp;apos;, java.version: &amp;apos;1.8.0_291&amp;apos;
Driver info: org.openqa.selenium.support.events.EventFiringWebDriver
Capabilities {acceptInsecureCerts: false, browserName: chrome, browserVersion: 90.0.4430.93, chrome: {chromedriverVersion: 90.0.4430.24 (4c6d850f087da..., userDataDir: C:\Users\user\AppData\Local...}, goog:chromeOptions: {debuggerAddress: localhost:57574}, javascriptEnabled: true, networkConnectionEnabled: false, pageLoadStrategy: normal, platform: WINDOWS, platformName: WINDOWS, proxy: Proxy(), setWindowRect: true, strictFileInteractability: false, timeouts: {implicit: 0, pageLoad: 300000, script: 30000}, unhandledPromptBehavior: dismiss and notify, webauthn:extension:largeBlob: true, webauthn:virtualAuthenticators: true}
Session ID: 29a6a69849867ad3fc568b9787073b85">
      <![CDATA[org.openqa.selenium.TimeoutException: Expected condition failed: waiting for text ('47 -  SSDs meet your requirements') to be the value of element [[ChromeDriver: chrome on WINDOWS (29a6a69849867ad3fc568b9787073b85)] -> partial link text:  -  SSDs meet your requirements] (tried for 5 second(s) with 500 milliseconds interval)
Build info: version: '3.141.59', revision: 'e82be7d358', time: '2018-11-14T08:17:03'
System info: host: 'DESKTOP-D27FDN2', ip: '16.116.130.89', os.name: 'Windows 10', os.arch: 'amd64', os.version: '10.0', java.version: '1.8.0_291'
Driver info: org.openqa.selenium.support.events.EventFiringWebDriver
Capabilities {acceptInsecureCerts: false, browserName: chrome, browserVersion: 90.0.4430.93, chrome: {chromedriverVersion: 90.0.4430.24 (4c6d850f087da..., userDataDir: C:\Users\user\AppData\Local...}, goog:chromeOptions: {debuggerAddress: localhost:57574}, javascriptEnabled: true, networkConnectionEnabled: false, pageLoadStrategy: normal, platform: WINDOWS, platformName: WINDOWS, proxy: Proxy(), setWindowRect: true, strictFileInteractability: false, timeouts: {implicit: 0, pageLoad: 300000, script: 30000}, unhandledPromptBehavior: dismiss and notify, webauthn:extension:largeBlob: true, webauthn:virtualAuthenticators: true}
Session ID: 29a6a69849867ad3fc568b9787073b85
at org.openqa.selenium.support.ui.WebDriverWait.timeoutException(WebDriverWait.java:95)
at org.openqa.selenium.support.ui.FluentWait.until(FluentWait.java:272)
at hpe.NewSSD.SSDModuleTest.ToVerifySelectedServerSSDs(SSDModuleTest.java:348)
at java.util.ArrayList.forEach(ArrayList.java:1259)
... Removed 27 stack frames]]>
    </failure>
  </testcase> <!-- ToVerifySelectedServerSSDs -->
  <testcase name="ToVerifyAlertMessageUnableUnCheckBestAvailabilityOptions" time="0.395" classname="hpe.NewSSD.SSDModuleTest"/>
  <testcase name="ToVerifySSDResultsNotChanged" time="5.378" classname="hpe.NewSSD.SSDModuleTest">
    <failure type="org.openqa.selenium.TimeoutException" message="Expected condition failed: waiting for text (&amp;apos;47 -  SSDs meet your requirements&amp;apos;) to be the value of element [[ChromeDriver: chrome on WINDOWS (29a6a69849867ad3fc568b9787073b85)] -&amp;gt; partial link text:  -  SSDs meet your requirements] (tried for 5 second(s) with 500 milliseconds interval)
Build info: version: &amp;apos;3.141.59&amp;apos;, revision: &amp;apos;e82be7d358&amp;apos;, time: &amp;apos;2018-11-14T08:17:03&amp;apos;
System info: host: &amp;apos;DESKTOP-D27FDN2&amp;apos;, ip: &amp;apos;16.116.130.89&amp;apos;, os.name: &amp;apos;Windows 10&amp;apos;, os.arch: &amp;apos;amd64&amp;apos;, os.version: &amp;apos;10.0&amp;apos;, java.version: &amp;apos;1.8.0_291&amp;apos;
Driver info: org.openqa.selenium.support.events.EventFiringWebDriver
Capabilities {acceptInsecureCerts: false, browserName: chrome, browserVersion: 90.0.4430.93, chrome: {chromedriverVersion: 90.0.4430.24 (4c6d850f087da..., userDataDir: C:\Users\user\AppData\Local...}, goog:chromeOptions: {debuggerAddress: localhost:57574}, javascriptEnabled: true, networkConnectionEnabled: false, pageLoadStrategy: normal, platform: WINDOWS, platformName: WINDOWS, proxy: Proxy(), setWindowRect: true, strictFileInteractability: false, timeouts: {implicit: 0, pageLoad: 300000, script: 30000}, unhandledPromptBehavior: dismiss and notify, webauthn:extension:largeBlob: true, webauthn:virtualAuthenticators: true}
Session ID: 29a6a69849867ad3fc568b9787073b85">
      <![CDATA[org.openqa.selenium.TimeoutException: Expected condition failed: waiting for text ('47 -  SSDs meet your requirements') to be the value of element [[ChromeDriver: chrome on WINDOWS (29a6a69849867ad3fc568b9787073b85)] -> partial link text:  -  SSDs meet your requirements] (tried for 5 second(s) with 500 milliseconds interval)
Build info: version: '3.141.59', revision: 'e82be7d358', time: '2018-11-14T08:17:03'
System info: host: 'DESKTOP-D27FDN2', ip: '16.116.130.89', os.name: 'Windows 10', os.arch: 'amd64', os.version: '10.0', java.version: '1.8.0_291'
Driver info: org.openqa.selenium.support.events.EventFiringWebDriver
Capabilities {acceptInsecureCerts: false, browserName: chrome, browserVersion: 90.0.4430.93, chrome: {chromedriverVersion: 90.0.4430.24 (4c6d850f087da..., userDataDir: C:\Users\user\AppData\Local...}, goog:chromeOptions: {debuggerAddress: localhost:57574}, javascriptEnabled: true, networkConnectionEnabled: false, pageLoadStrategy: normal, platform: WINDOWS, platformName: WINDOWS, proxy: Proxy(), setWindowRect: true, strictFileInteractability: false, timeouts: {implicit: 0, pageLoad: 300000, script: 30000}, unhandledPromptBehavior: dismiss and notify, webauthn:extension:largeBlob: true, webauthn:virtualAuthenticators: true}
Session ID: 29a6a69849867ad3fc568b9787073b85
at org.openqa.selenium.support.ui.WebDriverWait.timeoutException(WebDriverWait.java:95)
at org.openqa.selenium.support.ui.FluentWait.until(FluentWait.java:272)
at hpe.NewSSD.SSDModuleTest.ToVerifySSDResultsNotChanged(SSDModuleTest.java:380)
at java.util.ArrayList.forEach(ArrayList.java:1259)
... Removed 27 stack frames]]>
    </failure>
  </testcase> <!-- ToVerifySSDResultsNotChanged -->
</testsuite> <!-- All Functional Test -->
