<?xml version="1.0" encoding="UTF-8"?>
<!-- Generated by org.testng.reporters.JUnitXMLReporter -->
<testsuite hostname="DESKTOP-D27FDN2" ignored="0" name="I Know What I Need Page Testing" tests="47" failures="2" timestamp="2021-05-31T07:39:18 PDT" time="413.428" errors="0">
  <testcase name="ToVerifyIKnowWhatINeedPageDisplayed" time="29.528" classname="hpe.NewSSD.IKnowPage"/>
  <testcase name="ToVerifySSDWorkloadSelected" time="1.338" classname="hpe.NewSSD.IKnowPage"/>
  <testcase name="ToVerifySSDInterfaceOptionSelected" time="1.341" classname="hpe.NewSSD.IKnowPage"/>
  <testcase name="ToVerifySSDFormFactorOptionSelected" time="1.2" classname="hpe.NewSSD.IKnowPage"/>
  <testcase name="ToVerifySSDBestAvailabilityOptionSelected" time="0.503" classname="hpe.NewSSD.IKnowPage"/>
  <testcase name="ToVerifySSDCertificationOpionNotSelected" time="0.736" classname="hpe.NewSSD.IKnowPage">
    <failure type="java.lang.AssertionError" message="All Certifications are not Selected expected [false] but found [true]">
      <![CDATA[java.lang.AssertionError: All Certifications are not Selected expected [false] but found [true]
at hpe.NewSSD.IKnowPage.ToVerifySSDCertificationOpionNotSelected(IKnowPage.java:106)
at java.util.ArrayList.forEach(ArrayList.java:1259)
... Removed 30 stack frames]]>
    </failure>
  </testcase> <!-- ToVerifySSDCertificationOpionNotSelected -->
  <testcase name="ToVerifySSDSelectAllOptionIsSelected" time="0.237" classname="hpe.NewSSD.IKnowPage"/>
  <testcase name="ToVerifySSDResults" time="0.488" classname="hpe.NewSSD.IKnowPage"/>
  <testcase name="ToVerifySSDServerType" time="1.258" classname="hpe.NewSSD.IKnowPage"/>
  <testcase name="ToVerifySSDMouseTipDisplayed" time="1.192" classname="hpe.NewSSD.IKnowPage"/>
  <testcase name="ToUnCheckSSDWorkloads" time="21.78" classname="hpe.NewSSD.IKnowPage"/>
  <testcase name="ToVerifySSDResultsByDeSelectingBestAvailabilityOptions" time="5.85" classname="hpe.NewSSD.IKnowPage"/>
  <testcase name="ToVerifySSDResultBySelectingVROWorkload" time="4.677" classname="hpe.NewSSD.IKnowPage"/>
  <testcase name="ToVerifyOnlyVROResults" time="0.117" classname="hpe.NewSSD.IKnowPage"/>
  <testcase name="ToVerifySSDResultBySelectingReadIntensiveWorkload" time="16.441" classname="hpe.NewSSD.IKnowPage"/>
  <testcase name="ToVerifySSDResultBySelectingMixedUseWorkload" time="18.925" classname="hpe.NewSSD.IKnowPage"/>
  <testcase name="ToVerifySSDResultBySelectingWriteIntensive" time="5.437" classname="hpe.NewSSD.IKnowPage"/>
  <testcase name="ToDisAbleSSDWorkload" time="7.637" classname="hpe.NewSSD.IKnowPage"/>
  <testcase name="ToVerifySSDResultBySelectingInterfaceOptions" time="25.579" classname="hpe.NewSSD.IKnowPage"/>
  <testcase name="ToVerifySSDResultsBySelectingSATAVROOption" time="5.145" classname="hpe.NewSSD.IKnowPage"/>
  <testcase name="ToVerifySSDResultSBySelectingSATAOption" time="14.087" classname="hpe.NewSSD.IKnowPage"/>
  <testcase name="ToVerifySSDResultsBySelectingVALUESAS" time="11.397" classname="hpe.NewSSD.IKnowPage"/>
  <testcase name="ToVerifySSDResultsBySelectingSAS" time="15.151" classname="hpe.NewSSD.IKnowPage"/>
  <testcase name="ToVerifySSDResultsBySelectingNVMeMainStream" time="14.578" classname="hpe.NewSSD.IKnowPage"/>
  <testcase name="ToVerifySSDResultBySelectingNVMeHighPerformance" time="13.968" classname="hpe.NewSSD.IKnowPage"/>
  <testcase name="ToDisAbleSSDInterfaceOption" time="6.533" classname="hpe.NewSSD.IKnowPage"/>
  <testcase name="ToVerifySSDResultByDeselectingFormFactorOptions" time="10.038" classname="hpe.NewSSD.IKnowPage"/>
  <testcase name="ToVerifySSDResultsBySelectingSFFOption" time="23.403" classname="hpe.NewSSD.IKnowPage"/>
  <testcase name="ToVerifySSDResultsBySelectingLFFOption" time="24.12" classname="hpe.NewSSD.IKnowPage"/>
  <testcase name="ToVerifySSDResultsBySelectingAddInCardOption" time="10.157" classname="hpe.NewSSD.IKnowPage"/>
  <testcase name="ToVerifySSDResultsBySelectingM2Option" time="12.802" classname="hpe.NewSSD.IKnowPage"/>
  <testcase name="ToVerifySSDResultsBySelectingM2EKitOption" time="11.909" classname="hpe.NewSSD.IKnowPage"/>
  <testcase name="ToDisableFormFactorOptions" time="7.423" classname="hpe.NewSSD.IKnowPage"/>
  <testcase name="ToVerifyDownloadExcelFile" time="1.437" classname="hpe.NewSSD.IKnowPage"/>
  <testcase name="ToVerifySSDResultsByChangingSliders" time="17.555" classname="hpe.NewSSD.IKnowPage"/>
  <testcase name="ToVerifyCapacitySliderToolTipValue" time="0.366" classname="hpe.NewSSD.IKnowPage"/>
  <testcase name="ToVerifyDownloadExcelFileAfterSlidling" time="1.479" classname="hpe.NewSSD.IKnowPage"/>
  <testcase name="ToVerifySSDResultsBySelectingMainStreamOption" time="5.909" classname="hpe.NewSSD.IKnowPage">
    <failure type="org.openqa.selenium.TimeoutException" message="Expected condition failed: waiting for text (&amp;apos;175 -  SSDs meet your requirements&amp;apos;) to be present in element [[ChromeDriver: chrome on WINDOWS (5e3b37944d35198d992f06fcd88730ea)] -&amp;gt; xpath: //*[@id=&amp;quot;panel-ggroup3&amp;quot;]/div/div[1]/h4/a/span] (tried for 2 second(s) with 500 milliseconds interval)
Build info: version: &amp;apos;3.141.59&amp;apos;, revision: &amp;apos;e82be7d358&amp;apos;, time: &amp;apos;2018-11-14T08:17:03&amp;apos;
System info: host: &amp;apos;DESKTOP-D27FDN2&amp;apos;, ip: &amp;apos;192.168.43.199&amp;apos;, os.name: &amp;apos;Windows 10&amp;apos;, os.arch: &amp;apos;amd64&amp;apos;, os.version: &amp;apos;10.0&amp;apos;, java.version: &amp;apos;1.8.0_291&amp;apos;
Driver info: org.openqa.selenium.support.events.EventFiringWebDriver
Capabilities {acceptInsecureCerts: false, browserName: chrome, browserVersion: 90.0.4430.212, chrome: {chromedriverVersion: 90.0.4430.24 (4c6d850f087da..., userDataDir: C:\Users\user\AppData\Local...}, goog:chromeOptions: {debuggerAddress: localhost:59513}, javascriptEnabled: true, networkConnectionEnabled: false, pageLoadStrategy: normal, platform: WINDOWS, platformName: WINDOWS, proxy: Proxy(), setWindowRect: true, strictFileInteractability: false, timeouts: {implicit: 0, pageLoad: 300000, script: 30000}, unhandledPromptBehavior: dismiss and notify, webauthn:extension:largeBlob: true, webauthn:virtualAuthenticators: true}
Session ID: 5e3b37944d35198d992f06fcd88730ea">
      <![CDATA[org.openqa.selenium.TimeoutException: Expected condition failed: waiting for text ('175 -  SSDs meet your requirements') to be present in element [[ChromeDriver: chrome on WINDOWS (5e3b37944d35198d992f06fcd88730ea)] -> xpath: //*[@id="panel-ggroup3"]/div/div[1]/h4/a/span] (tried for 2 second(s) with 500 milliseconds interval)
Build info: version: '3.141.59', revision: 'e82be7d358', time: '2018-11-14T08:17:03'
System info: host: 'DESKTOP-D27FDN2', ip: '192.168.43.199', os.name: 'Windows 10', os.arch: 'amd64', os.version: '10.0', java.version: '1.8.0_291'
Driver info: org.openqa.selenium.support.events.EventFiringWebDriver
Capabilities {acceptInsecureCerts: false, browserName: chrome, browserVersion: 90.0.4430.212, chrome: {chromedriverVersion: 90.0.4430.24 (4c6d850f087da..., userDataDir: C:\Users\user\AppData\Local...}, goog:chromeOptions: {debuggerAddress: localhost:59513}, javascriptEnabled: true, networkConnectionEnabled: false, pageLoadStrategy: normal, platform: WINDOWS, platformName: WINDOWS, proxy: Proxy(), setWindowRect: true, strictFileInteractability: false, timeouts: {implicit: 0, pageLoad: 300000, script: 30000}, unhandledPromptBehavior: dismiss and notify, webauthn:extension:largeBlob: true, webauthn:virtualAuthenticators: true}
Session ID: 5e3b37944d35198d992f06fcd88730ea
at org.openqa.selenium.support.ui.WebDriverWait.timeoutException(WebDriverWait.java:95)
at org.openqa.selenium.support.ui.FluentWait.until(FluentWait.java:272)
at hpe.NewSSD.IKnowPage.ToVerifySSDResultsBySelectingMainStreamOption(IKnowPage.java:1386)
at java.util.ArrayList.forEach(ArrayList.java:1259)
... Removed 27 stack frames]]>
    </failure>
  </testcase> <!-- ToVerifySSDResultsBySelectingMainStreamOption -->
  <testcase name="ToVerifyAlertMessageDisplayed" time="1.158" classname="hpe.NewSSD.IKnowPage"/>
  <testcase name="ToVerifySSDsResultsOnClickNOInResetAlertMessage" time="9.364" classname="hpe.NewSSD.IKnowPage"/>
  <testcase name="ToVerifySSDsResultsOnClickYESInResetAlertMessage" time="3.713" classname="hpe.NewSSD.IKnowPage"/>
  <testcase name="ToVerifyCapacityValueAfterReset" time="0.482" classname="hpe.NewSSD.IKnowPage"/>
  <testcase name="ToVerifySSDImageDisplayed" time="0.715" classname="hpe.NewSSD.IKnowPage"/>
  <testcase name="ToVerifyValidSearchSKUNumber" time="1.775" classname="hpe.NewSSD.IKnowPage"/>
  <testcase name="ToVerifySSDsResultsAfterClearingSearchTab" time="2.181" classname="hpe.NewSSD.IKnowPage"/>
  <testcase name="ToVerifyAlertMessageDisplayedInValidSearch" time="1.488" classname="hpe.NewSSD.IKnowPage"/>
  <testcase name="ToVerifyMessageDisplayedInRedColor" time="0.183" classname="hpe.NewSSD.IKnowPage"/>
</testsuite> <!-- I Know What I Need Page Testing -->
