<?xml version="1.0" encoding="UTF-8"?>
<testng-results skipped="0" failed="2" ignored="0" total="47" passed="45">
  <reporter-output>
  </reporter-output>
  <suite name="To Test All Scenario&#039;s In I Know What I Need Page Module" duration-ms="413428" started-at="2021-05-31T07:32:25 PDT" finished-at="2021-05-31T07:39:18 PDT">
    <groups>
    </groups>
    <test name="I Know What I Need Page Testing" duration-ms="413428" started-at="2021-05-31T07:32:25 PDT" finished-at="2021-05-31T07:39:18 PDT">
      <class name="hpe.NewSSD.IKnowPage">
        <test-method status="PASS" signature="ToVerifyIKnowWhatINeedPageDisplayed()[pri:0, instance:hpe.NewSSD.IKnowPage@cd3fee8]" name="ToVerifyIKnowWhatINeedPageDisplayed" is-config="true" duration-ms="38426" started-at="2021-05-31T07:32:25 PDT" description="!----------------- SSD Selector Tool Test Scenario&#039;s For I Know What I Need Page ----------------------------!" finished-at="2021-05-31T07:33:03 PDT">
          <reporter-output>
          </reporter-output>
        </test-method> <!-- ToVerifyIKnowWhatINeedPageDisplayed -->
        <test-method status="PASS" signature="ToVerifyIKnowWhatINeedPageDisplayed()[pri:0, instance:hpe.NewSSD.IKnowPage@cd3fee8]" name="ToVerifyIKnowWhatINeedPageDisplayed" duration-ms="29528" started-at="2021-05-31T07:33:03 PDT" description="To Check the Result Page Is Displayed" finished-at="2021-05-31T07:33:33 PDT">
          <reporter-output>
          </reporter-output>
        </test-method> <!-- ToVerifyIKnowWhatINeedPageDisplayed -->
        <test-method status="PASS" signature="ToVerifySSDWorkloadSelected()[pri:1, instance:hpe.NewSSD.IKnowPage@cd3fee8]" name="ToVerifySSDWorkloadSelected" duration-ms="1338" started-at="2021-05-31T07:33:33 PDT" description="To Check All SSD Workloads are Selected" finished-at="2021-05-31T07:33:34 PDT">
          <reporter-output>
          </reporter-output>
        </test-method> <!-- ToVerifySSDWorkloadSelected -->
        <test-method status="PASS" signature="ToVerifySSDInterfaceOptionSelected()[pri:2, instance:hpe.NewSSD.IKnowPage@cd3fee8]" name="ToVerifySSDInterfaceOptionSelected" duration-ms="1341" started-at="2021-05-31T07:33:34 PDT" description="To Check All Interface Options are Selected" finished-at="2021-05-31T07:33:35 PDT">
          <reporter-output>
          </reporter-output>
        </test-method> <!-- ToVerifySSDInterfaceOptionSelected -->
        <test-method status="PASS" signature="ToVerifySSDFormFactorOptionSelected()[pri:3, instance:hpe.NewSSD.IKnowPage@cd3fee8]" name="ToVerifySSDFormFactorOptionSelected" duration-ms="1200" started-at="2021-05-31T07:33:35 PDT" description="To Check All FormFactor Options are Selected" finished-at="2021-05-31T07:33:37 PDT">
          <reporter-output>
          </reporter-output>
        </test-method> <!-- ToVerifySSDFormFactorOptionSelected -->
        <test-method status="PASS" signature="ToVerifySSDBestAvailabilityOptionSelected()[pri:4, instance:hpe.NewSSD.IKnowPage@cd3fee8]" name="ToVerifySSDBestAvailabilityOptionSelected" duration-ms="503" started-at="2021-05-31T07:33:37 PDT" description="To Check Best Availablilty Options are Selected" finished-at="2021-05-31T07:33:37 PDT">
          <reporter-output>
          </reporter-output>
        </test-method> <!-- ToVerifySSDBestAvailabilityOptionSelected -->
        <test-method status="FAIL" signature="ToVerifySSDCertificationOpionNotSelected()[pri:5, instance:hpe.NewSSD.IKnowPage@cd3fee8]" name="ToVerifySSDCertificationOpionNotSelected" duration-ms="736" started-at="2021-05-31T07:33:37 PDT" description="To Check Certification Options are not Selected" finished-at="2021-05-31T07:33:38 PDT">
          <exception class="java.lang.AssertionError">
            <message>
              <![CDATA[All Certifications are not Selected expected [false] but found [true]]]>
            </message>
            <full-stacktrace>
              <![CDATA[java.lang.AssertionError: All Certifications are not Selected expected [false] but found [true]
at org.testng.Assert.fail(Assert.java:97)
at org.testng.Assert.failNotEquals(Assert.java:968)
at org.testng.Assert.assertFalse(Assert.java:65)
at hpe.NewSSD.IKnowPage.ToVerifySSDCertificationOpionNotSelected(IKnowPage.java:106)
at sun.reflect.NativeMethodAccessorImpl.invoke0(Native Method)
at sun.reflect.NativeMethodAccessorImpl.invoke(NativeMethodAccessorImpl.java:62)
at sun.reflect.DelegatingMethodAccessorImpl.invoke(DelegatingMethodAccessorImpl.java:43)
at java.lang.reflect.Method.invoke(Method.java:498)
at org.testng.internal.MethodInvocationHelper.invokeMethod(MethodInvocationHelper.java:135)
at org.testng.internal.TestInvoker.invokeMethod(TestInvoker.java:598)
at org.testng.internal.TestInvoker.invokeTestMethod(TestInvoker.java:174)
at org.testng.internal.MethodRunner.runInSequence(MethodRunner.java:46)
at org.testng.internal.TestInvoker$MethodInvocationAgent.invoke(TestInvoker.java:821)
at org.testng.internal.TestInvoker.invokeTestMethods(TestInvoker.java:147)
at org.testng.internal.TestMethodWorker.invokeTestMethods(TestMethodWorker.java:146)
at org.testng.internal.TestMethodWorker.run(TestMethodWorker.java:128)
at java.util.ArrayList.forEach(ArrayList.java:1259)
at org.testng.TestRunner.privateRun(TestRunner.java:767)
at org.testng.TestRunner.run(TestRunner.java:588)
at org.testng.SuiteRunner.runTest(SuiteRunner.java:384)
at org.testng.SuiteRunner.runSequentially(SuiteRunner.java:378)
at org.testng.SuiteRunner.privateRun(SuiteRunner.java:337)
at org.testng.SuiteRunner.run(SuiteRunner.java:286)
at org.testng.SuiteRunnerWorker.runSuite(SuiteRunnerWorker.java:53)
at org.testng.SuiteRunnerWorker.run(SuiteRunnerWorker.java:96)
at org.testng.TestNG.runSuitesSequentially(TestNG.java:1214)
at org.testng.TestNG.runSuitesLocally(TestNG.java:1136)
at org.testng.TestNG.runSuites(TestNG.java:1066)
at org.testng.TestNG.run(TestNG.java:1034)
at org.testng.remote.AbstractRemoteTestNG.run(AbstractRemoteTestNG.java:115)
at org.testng.remote.RemoteTestNG.initAndRun(RemoteTestNG.java:251)
at org.testng.remote.RemoteTestNG.main(RemoteTestNG.java:77)
]]>
            </full-stacktrace>
          </exception> <!-- java.lang.AssertionError -->
          <reporter-output>
          </reporter-output>
        </test-method> <!-- ToVerifySSDCertificationOpionNotSelected -->
        <test-method status="PASS" signature="ToVerifySSDSelectAllOptionIsSelected()[pri:6, instance:hpe.NewSSD.IKnowPage@cd3fee8]" name="ToVerifySSDSelectAllOptionIsSelected" duration-ms="237" started-at="2021-05-31T07:33:38 PDT" description="To Check Select All/UnCheck All Option is Selected" finished-at="2021-05-31T07:33:39 PDT">
          <reporter-output>
          </reporter-output>
        </test-method> <!-- ToVerifySSDSelectAllOptionIsSelected -->
        <test-method status="PASS" signature="ToVerifySSDResults()[pri:7, instance:hpe.NewSSD.IKnowPage@cd3fee8]" name="ToVerifySSDResults" duration-ms="488" started-at="2021-05-31T07:33:39 PDT" description="To Verify SSD Results Are Displayed" finished-at="2021-05-31T07:33:39 PDT">
          <reporter-output>
          </reporter-output>
        </test-method> <!-- ToVerifySSDResults -->
        <test-method status="PASS" signature="ToVerifySSDServerType()[pri:8, instance:hpe.NewSSD.IKnowPage@cd3fee8]" name="ToVerifySSDServerType" duration-ms="1258" started-at="2021-05-31T07:33:39 PDT" description="To Verify Server Type DropDow" finished-at="2021-05-31T07:33:40 PDT">
          <reporter-output>
          </reporter-output>
        </test-method> <!-- ToVerifySSDServerType -->
        <test-method status="PASS" signature="ToVerifySSDMouseTipDisplayed()[pri:9, instance:hpe.NewSSD.IKnowPage@cd3fee8]" name="ToVerifySSDMouseTipDisplayed" duration-ms="1192" started-at="2021-05-31T07:33:40 PDT" description="To Verify Mouse Tip In Capacity Slider" finished-at="2021-05-31T07:33:42 PDT">
          <reporter-output>
          </reporter-output>
        </test-method> <!-- ToVerifySSDMouseTipDisplayed -->
        <test-method status="PASS" signature="ToUnCheckSSDWorkloads()[pri:10, instance:hpe.NewSSD.IKnowPage@cd3fee8]" name="ToUnCheckSSDWorkloads" duration-ms="21780" started-at="2021-05-31T07:33:42 PDT" description="To Verify SSD Results After UnCheck Of SSD Workloads" finished-at="2021-05-31T07:34:03 PDT">
          <reporter-output>
          </reporter-output>
        </test-method> <!-- ToUnCheckSSDWorkloads -->
        <test-method status="PASS" signature="ToVerifySSDResultsByDeSelectingBestAvailabilityOptions()[pri:11, instance:hpe.NewSSD.IKnowPage@cd3fee8]" name="ToVerifySSDResultsByDeSelectingBestAvailabilityOptions" duration-ms="5850" started-at="2021-05-31T07:34:03 PDT" description="To Verify SSD Results By Deselecting the Best Availability Options" finished-at="2021-05-31T07:34:09 PDT">
          <reporter-output>
          </reporter-output>
        </test-method> <!-- ToVerifySSDResultsByDeSelectingBestAvailabilityOptions -->
        <test-method status="PASS" signature="ToVerifySSDResultBySelectingVROWorkload()[pri:12, instance:hpe.NewSSD.IKnowPage@cd3fee8]" name="ToVerifySSDResultBySelectingVROWorkload" duration-ms="4677" started-at="2021-05-31T07:34:09 PDT" description="To Verify SSD Results After Selecting The VRO SSD Workloads" finished-at="2021-05-31T07:34:14 PDT">
          <reporter-output>
          </reporter-output>
        </test-method> <!-- ToVerifySSDResultBySelectingVROWorkload -->
        <test-method status="PASS" signature="ToVerifyOnlyVROResults()[pri:13, instance:hpe.NewSSD.IKnowPage@cd3fee8]" name="ToVerifyOnlyVROResults" duration-ms="117" started-at="2021-05-31T07:34:14 PDT" description="To Verify Only VRO SSDs are displayed" finished-at="2021-05-31T07:34:14 PDT">
          <reporter-output>
          </reporter-output>
        </test-method> <!-- ToVerifyOnlyVROResults -->
        <test-method status="PASS" signature="ToVerifySSDResultBySelectingReadIntensiveWorkload()[pri:14, instance:hpe.NewSSD.IKnowPage@cd3fee8]" name="ToVerifySSDResultBySelectingReadIntensiveWorkload" duration-ms="16441" started-at="2021-05-31T07:34:14 PDT" description="To Verify SSD Results After Selecting The Read Intensive Workload" finished-at="2021-05-31T07:34:31 PDT">
          <reporter-output>
          </reporter-output>
        </test-method> <!-- ToVerifySSDResultBySelectingReadIntensiveWorkload -->
        <test-method status="PASS" signature="ToVerifySSDResultBySelectingMixedUseWorkload()[pri:15, instance:hpe.NewSSD.IKnowPage@cd3fee8]" name="ToVerifySSDResultBySelectingMixedUseWorkload" duration-ms="18925" started-at="2021-05-31T07:34:31 PDT" description="To Verify SSD Results After Selecting The Mixed Use Workload" finished-at="2021-05-31T07:34:49 PDT">
          <reporter-output>
          </reporter-output>
        </test-method> <!-- ToVerifySSDResultBySelectingMixedUseWorkload -->
        <test-method status="PASS" signature="ToVerifySSDResultBySelectingWriteIntensive()[pri:16, instance:hpe.NewSSD.IKnowPage@cd3fee8]" name="ToVerifySSDResultBySelectingWriteIntensive" duration-ms="5437" started-at="2021-05-31T07:34:49 PDT" description="To Verify SSD Results After Selecting The Write Intensive Workload" finished-at="2021-05-31T07:34:55 PDT">
          <reporter-output>
          </reporter-output>
        </test-method> <!-- ToVerifySSDResultBySelectingWriteIntensive -->
        <test-method status="PASS" signature="ToDisAbleSSDWorkload()[pri:17, instance:hpe.NewSSD.IKnowPage@cd3fee8]" name="ToDisAbleSSDWorkload" duration-ms="7637" started-at="2021-05-31T07:34:55 PDT" description="To UnCheck the Write Intensive Workload and Check the Mainstream Option" finished-at="2021-05-31T07:35:03 PDT">
          <reporter-output>
          </reporter-output>
        </test-method> <!-- ToDisAbleSSDWorkload -->
        <test-method status="PASS" signature="ToVerifySSDResultBySelectingInterfaceOptions()[pri:18, instance:hpe.NewSSD.IKnowPage@cd3fee8]" name="ToVerifySSDResultBySelectingInterfaceOptions" duration-ms="25579" started-at="2021-05-31T07:35:03 PDT" description="To Verify SSD Results After Deselecting The Interface Options" finished-at="2021-05-31T07:35:28 PDT">
          <reporter-output>
          </reporter-output>
        </test-method> <!-- ToVerifySSDResultBySelectingInterfaceOptions -->
        <test-method status="PASS" signature="ToVerifySSDResultsBySelectingSATAVROOption()[pri:19, instance:hpe.NewSSD.IKnowPage@cd3fee8]" name="ToVerifySSDResultsBySelectingSATAVROOption" duration-ms="5145" started-at="2021-05-31T07:35:28 PDT" description="To Verify SSD Results By Selecting SATAVRO Interface Option" finished-at="2021-05-31T07:35:33 PDT">
          <reporter-output>
          </reporter-output>
        </test-method> <!-- ToVerifySSDResultsBySelectingSATAVROOption -->
        <test-method status="PASS" signature="ToVerifySSDResultSBySelectingSATAOption()[pri:20, instance:hpe.NewSSD.IKnowPage@cd3fee8]" name="ToVerifySSDResultSBySelectingSATAOption" duration-ms="14087" started-at="2021-05-31T07:35:33 PDT" description="To Verify SSD Results By Selecting SATA Interface Option" finished-at="2021-05-31T07:35:47 PDT">
          <reporter-output>
          </reporter-output>
        </test-method> <!-- ToVerifySSDResultSBySelectingSATAOption -->
        <test-method status="PASS" signature="ToVerifySSDResultsBySelectingVALUESAS()[pri:21, instance:hpe.NewSSD.IKnowPage@cd3fee8]" name="ToVerifySSDResultsBySelectingVALUESAS" duration-ms="11397" started-at="2021-05-31T07:35:47 PDT" description="To Verify SSD Results By Selecting VALUESAS Interface Option" finished-at="2021-05-31T07:35:59 PDT">
          <reporter-output>
          </reporter-output>
        </test-method> <!-- ToVerifySSDResultsBySelectingVALUESAS -->
        <test-method status="PASS" signature="ToVerifySSDResultsBySelectingSAS()[pri:22, instance:hpe.NewSSD.IKnowPage@cd3fee8]" name="ToVerifySSDResultsBySelectingSAS" duration-ms="15151" started-at="2021-05-31T07:35:59 PDT" description="To Verify SSD Results By Selecting SAS Interface Option" finished-at="2021-05-31T07:36:14 PDT">
          <reporter-output>
          </reporter-output>
        </test-method> <!-- ToVerifySSDResultsBySelectingSAS -->
        <test-method status="PASS" signature="ToVerifySSDResultsBySelectingNVMeMainStream()[pri:23, instance:hpe.NewSSD.IKnowPage@cd3fee8]" name="ToVerifySSDResultsBySelectingNVMeMainStream" duration-ms="14578" started-at="2021-05-31T07:36:14 PDT" description="To Verify SSD Results By Selecting NVMe Mainstream Interface Option" finished-at="2021-05-31T07:36:28 PDT">
          <reporter-output>
          </reporter-output>
        </test-method> <!-- ToVerifySSDResultsBySelectingNVMeMainStream -->
        <test-method status="PASS" signature="ToVerifySSDResultBySelectingNVMeHighPerformance()[pri:24, instance:hpe.NewSSD.IKnowPage@cd3fee8]" name="ToVerifySSDResultBySelectingNVMeHighPerformance" duration-ms="13968" started-at="2021-05-31T07:36:28 PDT" description="To Verify SSD Results By Selecting NVMe High Performance Interface Option" finished-at="2021-05-31T07:36:42 PDT">
          <reporter-output>
          </reporter-output>
        </test-method> <!-- ToVerifySSDResultBySelectingNVMeHighPerformance -->
        <test-method status="PASS" signature="ToDisAbleSSDInterfaceOption()[pri:25, instance:hpe.NewSSD.IKnowPage@cd3fee8]" name="ToDisAbleSSDInterfaceOption" duration-ms="6533" started-at="2021-05-31T07:36:42 PDT" description="To UnCheck the NVMe High Performance Interface and Check the Mainstream SSDs" finished-at="2021-05-31T07:36:49 PDT">
          <reporter-output>
          </reporter-output>
        </test-method> <!-- ToDisAbleSSDInterfaceOption -->
        <test-method status="PASS" signature="ToVerifySSDResultByDeselectingFormFactorOptions()[pri:26, instance:hpe.NewSSD.IKnowPage@cd3fee8]" name="ToVerifySSDResultByDeselectingFormFactorOptions" duration-ms="10038" started-at="2021-05-31T07:36:49 PDT" description="To Verify SSD Results By DeSelecting Form Factor Options" finished-at="2021-05-31T07:36:59 PDT">
          <reporter-output>
          </reporter-output>
        </test-method> <!-- ToVerifySSDResultByDeselectingFormFactorOptions -->
        <test-method status="PASS" signature="ToVerifySSDResultsBySelectingSFFOption()[pri:27, instance:hpe.NewSSD.IKnowPage@cd3fee8]" name="ToVerifySSDResultsBySelectingSFFOption" duration-ms="23403" started-at="2021-05-31T07:36:59 PDT" description="To Verify SSD Results By Selecting 2.5 SFF Form Factor Option" finished-at="2021-05-31T07:37:22 PDT">
          <reporter-output>
          </reporter-output>
        </test-method> <!-- ToVerifySSDResultsBySelectingSFFOption -->
        <test-method status="PASS" signature="ToVerifySSDResultsBySelectingLFFOption()[pri:28, instance:hpe.NewSSD.IKnowPage@cd3fee8]" name="ToVerifySSDResultsBySelectingLFFOption" duration-ms="24120" started-at="2021-05-31T07:37:22 PDT" description="To Verify SSD Results By Selecting 3.5 LFF Form Factor Option" finished-at="2021-05-31T07:37:47 PDT">
          <reporter-output>
          </reporter-output>
        </test-method> <!-- ToVerifySSDResultsBySelectingLFFOption -->
        <test-method status="PASS" signature="ToVerifySSDResultsBySelectingAddInCardOption()[pri:29, instance:hpe.NewSSD.IKnowPage@cd3fee8]" name="ToVerifySSDResultsBySelectingAddInCardOption" duration-ms="10157" started-at="2021-05-31T07:37:47 PDT" description="To Verify SSD Results By Selecting Add-In Card Form Factor Option" finished-at="2021-05-31T07:37:57 PDT">
          <reporter-output>
          </reporter-output>
        </test-method> <!-- ToVerifySSDResultsBySelectingAddInCardOption -->
        <test-method status="PASS" signature="ToVerifySSDResultsBySelectingM2Option()[pri:30, instance:hpe.NewSSD.IKnowPage@cd3fee8]" name="ToVerifySSDResultsBySelectingM2Option" duration-ms="12802" started-at="2021-05-31T07:37:57 PDT" description="To Verify SSD Results By Selecting M.2 Form Factor Option" finished-at="2021-05-31T07:38:10 PDT">
          <reporter-output>
          </reporter-output>
        </test-method> <!-- ToVerifySSDResultsBySelectingM2Option -->
        <test-method status="PASS" signature="ToVerifySSDResultsBySelectingM2EKitOption()[pri:31, instance:hpe.NewSSD.IKnowPage@cd3fee8]" name="ToVerifySSDResultsBySelectingM2EKitOption" duration-ms="11909" started-at="2021-05-31T07:38:10 PDT" description="To Verify SSD Results By Selecting M.2 E Kit Form Factor Option" finished-at="2021-05-31T07:38:21 PDT">
          <reporter-output>
          </reporter-output>
        </test-method> <!-- ToVerifySSDResultsBySelectingM2EKitOption -->
        <test-method status="PASS" signature="ToDisableFormFactorOptions()[pri:32, instance:hpe.NewSSD.IKnowPage@cd3fee8]" name="ToDisableFormFactorOptions" duration-ms="7423" started-at="2021-05-31T07:38:21 PDT" description=" To Enable the Mainstream and Uncheck the M.2 E Kit" finished-at="2021-05-31T07:38:29 PDT">
          <reporter-output>
          </reporter-output>
        </test-method> <!-- ToDisableFormFactorOptions -->
        <test-method status="PASS" signature="ToVerifyDownloadExcelFile()[pri:33, instance:hpe.NewSSD.IKnowPage@cd3fee8]" name="ToVerifyDownloadExcelFile" duration-ms="1437" started-at="2021-05-31T07:38:29 PDT" description="To Verify Download Excel File" finished-at="2021-05-31T07:38:30 PDT">
          <reporter-output>
          </reporter-output>
        </test-method> <!-- ToVerifyDownloadExcelFile -->
        <test-method status="PASS" signature="ToVerifySSDResultsByChangingSliders()[pri:34, instance:hpe.NewSSD.IKnowPage@cd3fee8]" name="ToVerifySSDResultsByChangingSliders" duration-ms="17555" started-at="2021-05-31T07:38:30 PDT" description="To Verify SSD Results By Deselecting the Best Availability Options" finished-at="2021-05-31T07:38:48 PDT">
          <reporter-output>
          </reporter-output>
        </test-method> <!-- ToVerifySSDResultsByChangingSliders -->
        <test-method status="PASS" signature="ToVerifyCapacitySliderToolTipValue()[pri:35, instance:hpe.NewSSD.IKnowPage@cd3fee8]" name="ToVerifyCapacitySliderToolTipValue" duration-ms="366" started-at="2021-05-31T07:38:48 PDT" description="To Verify Capacity Slider Tool Tip Value" finished-at="2021-05-31T07:38:48 PDT">
          <reporter-output>
          </reporter-output>
        </test-method> <!-- ToVerifyCapacitySliderToolTipValue -->
        <test-method status="PASS" signature="ToVerifyDownloadExcelFileAfterSlidling()[pri:36, instance:hpe.NewSSD.IKnowPage@cd3fee8]" name="ToVerifyDownloadExcelFileAfterSlidling" duration-ms="1479" started-at="2021-05-31T07:38:48 PDT" description="To Verify Download Excel File" finished-at="2021-05-31T07:38:50 PDT">
          <reporter-output>
          </reporter-output>
        </test-method> <!-- ToVerifyDownloadExcelFileAfterSlidling -->
        <test-method status="FAIL" signature="ToVerifySSDResultsBySelectingMainStreamOption()[pri:37, instance:hpe.NewSSD.IKnowPage@cd3fee8]" name="ToVerifySSDResultsBySelectingMainStreamOption" duration-ms="5909" started-at="2021-05-31T07:38:50 PDT" description="To Verify SSD Results By Selecting MainStream Option" finished-at="2021-05-31T07:38:56 PDT">
          <exception class="org.openqa.selenium.TimeoutException">
            <message>
              <![CDATA[Expected condition failed: waiting for text ('175 -  SSDs meet your requirements') to be present in element [[ChromeDriver: chrome on WINDOWS (5e3b37944d35198d992f06fcd88730ea)] -> xpath: //*[@id="panel-ggroup3"]/div/div[1]/h4/a/span] (tried for 2 second(s) with 500 milliseconds interval)
Build info: version: '3.141.59', revision: 'e82be7d358', time: '2018-11-14T08:17:03'
System info: host: 'DESKTOP-D27FDN2', ip: '192.168.43.199', os.name: 'Windows 10', os.arch: 'amd64', os.version: '10.0', java.version: '1.8.0_291'
Driver info: org.openqa.selenium.support.events.EventFiringWebDriver
Capabilities {acceptInsecureCerts: false, browserName: chrome, browserVersion: 90.0.4430.212, chrome: {chromedriverVersion: 90.0.4430.24 (4c6d850f087da..., userDataDir: C:\Users\user\AppData\Local...}, goog:chromeOptions: {debuggerAddress: localhost:59513}, javascriptEnabled: true, networkConnectionEnabled: false, pageLoadStrategy: normal, platform: WINDOWS, platformName: WINDOWS, proxy: Proxy(), setWindowRect: true, strictFileInteractability: false, timeouts: {implicit: 0, pageLoad: 300000, script: 30000}, unhandledPromptBehavior: dismiss and notify, webauthn:extension:largeBlob: true, webauthn:virtualAuthenticators: true}
Session ID: 5e3b37944d35198d992f06fcd88730ea]]>
            </message>
            <full-stacktrace>
              <![CDATA[org.openqa.selenium.TimeoutException: Expected condition failed: waiting for text ('175 -  SSDs meet your requirements') to be present in element [[ChromeDriver: chrome on WINDOWS (5e3b37944d35198d992f06fcd88730ea)] -> xpath: //*[@id="panel-ggroup3"]/div/div[1]/h4/a/span] (tried for 2 second(s) with 500 milliseconds interval)
Build info: version: '3.141.59', revision: 'e82be7d358', time: '2018-11-14T08:17:03'
System info: host: 'DESKTOP-D27FDN2', ip: '192.168.43.199', os.name: 'Windows 10', os.arch: 'amd64', os.version: '10.0', java.version: '1.8.0_291'
Driver info: org.openqa.selenium.support.events.EventFiringWebDriver
Capabilities {acceptInsecureCerts: false, browserName: chrome, browserVersion: 90.0.4430.212, chrome: {chromedriverVersion: 90.0.4430.24 (4c6d850f087da..., userDataDir: C:\Users\user\AppData\Local...}, goog:chromeOptions: {debuggerAddress: localhost:59513}, javascriptEnabled: true, networkConnectionEnabled: false, pageLoadStrategy: normal, platform: WINDOWS, platformName: WINDOWS, proxy: Proxy(), setWindowRect: true, strictFileInteractability: false, timeouts: {implicit: 0, pageLoad: 300000, script: 30000}, unhandledPromptBehavior: dismiss and notify, webauthn:extension:largeBlob: true, webauthn:virtualAuthenticators: true}
Session ID: 5e3b37944d35198d992f06fcd88730ea
at org.openqa.selenium.support.ui.WebDriverWait.timeoutException(WebDriverWait.java:95)
at org.openqa.selenium.support.ui.FluentWait.until(FluentWait.java:272)
at hpe.NewSSD.IKnowPage.ToVerifySSDResultsBySelectingMainStreamOption(IKnowPage.java:1386)
at sun.reflect.NativeMethodAccessorImpl.invoke0(Native Method)
at sun.reflect.NativeMethodAccessorImpl.invoke(NativeMethodAccessorImpl.java:62)
at sun.reflect.DelegatingMethodAccessorImpl.invoke(DelegatingMethodAccessorImpl.java:43)
at java.lang.reflect.Method.invoke(Method.java:498)
at org.testng.internal.MethodInvocationHelper.invokeMethod(MethodInvocationHelper.java:135)
at org.testng.internal.TestInvoker.invokeMethod(TestInvoker.java:598)
at org.testng.internal.TestInvoker.invokeTestMethod(TestInvoker.java:174)
at org.testng.internal.MethodRunner.runInSequence(MethodRunner.java:46)
at org.testng.internal.TestInvoker$MethodInvocationAgent.invoke(TestInvoker.java:821)
at org.testng.internal.TestInvoker.invokeTestMethods(TestInvoker.java:147)
at org.testng.internal.TestMethodWorker.invokeTestMethods(TestMethodWorker.java:146)
at org.testng.internal.TestMethodWorker.run(TestMethodWorker.java:128)
at java.util.ArrayList.forEach(ArrayList.java:1259)
at org.testng.TestRunner.privateRun(TestRunner.java:767)
at org.testng.TestRunner.run(TestRunner.java:588)
at org.testng.SuiteRunner.runTest(SuiteRunner.java:384)
at org.testng.SuiteRunner.runSequentially(SuiteRunner.java:378)
at org.testng.SuiteRunner.privateRun(SuiteRunner.java:337)
at org.testng.SuiteRunner.run(SuiteRunner.java:286)
at org.testng.SuiteRunnerWorker.runSuite(SuiteRunnerWorker.java:53)
at org.testng.SuiteRunnerWorker.run(SuiteRunnerWorker.java:96)
at org.testng.TestNG.runSuitesSequentially(TestNG.java:1214)
at org.testng.TestNG.runSuitesLocally(TestNG.java:1136)
at org.testng.TestNG.runSuites(TestNG.java:1066)
at org.testng.TestNG.run(TestNG.java:1034)
at org.testng.remote.AbstractRemoteTestNG.run(AbstractRemoteTestNG.java:115)
at org.testng.remote.RemoteTestNG.initAndRun(RemoteTestNG.java:251)
at org.testng.remote.RemoteTestNG.main(RemoteTestNG.java:77)
]]>
            </full-stacktrace>
          </exception> <!-- org.openqa.selenium.TimeoutException -->
          <reporter-output>
          </reporter-output>
        </test-method> <!-- ToVerifySSDResultsBySelectingMainStreamOption -->
        <test-method status="PASS" signature="ToVerifyAlertMessageDisplayed()[pri:38, instance:hpe.NewSSD.IKnowPage@cd3fee8]" name="ToVerifyAlertMessageDisplayed" duration-ms="1158" started-at="2021-05-31T07:38:57 PDT" description="To Verify SSD Results By Selecting NonMainStream, Alert Message Is Displayed" finished-at="2021-05-31T07:38:58 PDT">
          <reporter-output>
          </reporter-output>
        </test-method> <!-- ToVerifyAlertMessageDisplayed -->
        <test-method status="PASS" signature="ToVerifySSDsResultsOnClickNOInResetAlertMessage()[pri:39, instance:hpe.NewSSD.IKnowPage@cd3fee8]" name="ToVerifySSDsResultsOnClickNOInResetAlertMessage" duration-ms="9364" started-at="2021-05-31T07:38:58 PDT" description="Select NO to Reset All Options in Alert Message In Result Page" finished-at="2021-05-31T07:39:07 PDT">
          <reporter-output>
          </reporter-output>
        </test-method> <!-- ToVerifySSDsResultsOnClickNOInResetAlertMessage -->
        <test-method status="PASS" signature="ToVerifySSDsResultsOnClickYESInResetAlertMessage()[pri:40, instance:hpe.NewSSD.IKnowPage@cd3fee8]" name="ToVerifySSDsResultsOnClickYESInResetAlertMessage" duration-ms="3713" started-at="2021-05-31T07:39:07 PDT" description="Select YES to Reset All Options in Alert Message In Result Page" finished-at="2021-05-31T07:39:11 PDT">
          <reporter-output>
          </reporter-output>
        </test-method> <!-- ToVerifySSDsResultsOnClickYESInResetAlertMessage -->
        <test-method status="PASS" signature="ToVerifyCapacityValueAfterReset()[pri:41, instance:hpe.NewSSD.IKnowPage@cd3fee8]" name="ToVerifyCapacityValueAfterReset" duration-ms="482" started-at="2021-05-31T07:39:11 PDT" description="To Verify Capacity Value After Reset" finished-at="2021-05-31T07:39:11 PDT">
          <reporter-output>
          </reporter-output>
        </test-method> <!-- ToVerifyCapacityValueAfterReset -->
        <test-method status="PASS" signature="ToVerifySSDImageDisplayed()[pri:42, instance:hpe.NewSSD.IKnowPage@cd3fee8]" name="ToVerifySSDImageDisplayed" duration-ms="715" started-at="2021-05-31T07:39:11 PDT" description="To Check SSD Selector Tool Representational Image Is Displayed" finished-at="2021-05-31T07:39:12 PDT">
          <reporter-output>
          </reporter-output>
        </test-method> <!-- ToVerifySSDImageDisplayed -->
        <test-method status="PASS" signature="ToVerifyValidSearchSKUNumber()[pri:43, instance:hpe.NewSSD.IKnowPage@cd3fee8]" name="ToVerifyValidSearchSKUNumber" duration-ms="1775" started-at="2021-05-31T07:39:12 PDT" description="To Check SKU Number In Search Tab" finished-at="2021-05-31T07:39:14 PDT">
          <reporter-output>
          </reporter-output>
        </test-method> <!-- ToVerifyValidSearchSKUNumber -->
        <test-method status="PASS" signature="ToVerifySSDsResultsAfterClearingSearchTab()[pri:44, instance:hpe.NewSSD.IKnowPage@cd3fee8]" name="ToVerifySSDsResultsAfterClearingSearchTab" duration-ms="2181" started-at="2021-05-31T07:39:14 PDT" description=" To Check SSDs Results are Retained After Clearing the Search Tab" finished-at="2021-05-31T07:39:16 PDT">
          <reporter-output>
          </reporter-output>
        </test-method> <!-- ToVerifySSDsResultsAfterClearingSearchTab -->
        <test-method status="PASS" signature="ToVerifyAlertMessageDisplayedInValidSearch()[pri:45, instance:hpe.NewSSD.IKnowPage@cd3fee8]" name="ToVerifyAlertMessageDisplayedInValidSearch" duration-ms="1488" started-at="2021-05-31T07:39:16 PDT" description="To Check Invalid SKU Number and Message Is displayed" finished-at="2021-05-31T07:39:17 PDT">
          <reporter-output>
          </reporter-output>
        </test-method> <!-- ToVerifyAlertMessageDisplayedInValidSearch -->
        <test-method status="PASS" signature="ToVerifyMessageDisplayedInRedColor()[pri:46, instance:hpe.NewSSD.IKnowPage@cd3fee8]" name="ToVerifyMessageDisplayedInRedColor" duration-ms="183" started-at="2021-05-31T07:39:17 PDT" description="Message Is Displayed In Red Color" finished-at="2021-05-31T07:39:18 PDT">
          <reporter-output>
          </reporter-output>
        </test-method> <!-- ToVerifyMessageDisplayedInRedColor -->
        <test-method status="PASS" signature="TearDown()[pri:0, instance:hpe.NewSSD.IKnowPage@cd3fee8]" name="TearDown" is-config="true" duration-ms="289" started-at="2021-05-31T07:39:18 PDT" description="Close the Browser" finished-at="2021-05-31T07:39:18 PDT">
          <reporter-output>
          </reporter-output>
        </test-method> <!-- TearDown -->
      </class> <!-- hpe.NewSSD.IKnowPage -->
    </test> <!-- I Know What I Need Page Testing -->
  </suite> <!-- To Test All Scenario's In I Know What I Need Page Module -->
</testng-results>
