<?xml version="1.0" encoding="UTF-8"?>
<!-- Generated by org.testng.reporters.JUnitReportReporter -->
<testsuite skipped="0" hostname="DESKTOP-D27FDN2" name="hpe.NewSSD.SSDSelectAll" tests="67" failures="2" timestamp="2021-05-18T06:13:25 PDT" time="84.939" errors="2">
  <testcase name="ToVerifySSDURL" time="9.381" classname="hpe.NewSSD.SSDSelectAll"/>
  <system-out/>
  <testcase name="ToVerifyHomePageLables" time="0.283" classname="hpe.NewSSD.SSDSelectAll"/>
  <system-out/>
  <testcase name="ToVerifyPDFFileLinkOpen" time="2.544" classname="hpe.NewSSD.SSDSelectAll"/>
  <system-out/>
  <testcase name="ToVerifySSDWorkloadPage" time="0.019" classname="hpe.NewSSD.SSDSelectAll"/>
  <system-out/>
  <testcase name="ToVerifySelectAllOption" time="0.359" classname="hpe.NewSSD.SSDSelectAll"/>
  <system-out/>
  <testcase name="ToVerifyPDFFileOpened" time="0.611" classname="hpe.NewSSD.SSDSelectAll"/>
  <system-out/>
  <testcase name="ToVerifyWorkloadMenuBar" time="0.049" classname="hpe.NewSSD.SSDSelectAll"/>
  <system-out/>
  <testcase name="ToVerifyClickonBackBtn" time="3.013" classname="hpe.NewSSD.SSDSelectAll"/>
  <system-out/>
  <testcase name="ToVerfyNextBtnEnabled" time="2.789" classname="hpe.NewSSD.SSDSelectAll"/>
  <system-out/>
  <testcase name="ToVerifySSDPage" time="0.024" classname="hpe.NewSSD.SSDSelectAll"/>
  <system-out/>
  <testcase name="ToVerifySSDTypesAutoSelected" time="0.161" classname="hpe.NewSSD.SSDSelectAll"/>
  <system-out/>
  <testcase name="ToVerifySSDTypeMenuBar" time="0.028" classname="hpe.NewSSD.SSDSelectAll"/>
  <system-out/>
  <testcase name="ToVerifySSDTypeWorkloadMenuBar" time="0.026" classname="hpe.NewSSD.SSDSelectAll"/>
  <system-out/>
  <testcase name="ToVerifyToEditSSDTypeAutoSelectedOptions" time="1.756" classname="hpe.NewSSD.SSDSelectAll"/>
  <system-out/>
  <testcase name="ToVerifySelectedWorkloadsDisplayed" time="1.473" classname="hpe.NewSSD.SSDSelectAll"/>
  <system-out/>
  <testcase name="ToCheckOptionsAreAutoSelected" time="0.148" classname="hpe.NewSSD.SSDSelectAll"/>
  <system-out/>
  <testcase name="ToVerifyNextBtnInSSDPage" time="4.341" classname="hpe.NewSSD.SSDSelectAll"/>
  <system-out/>
  <testcase name="ToVerifyServerTypePageMenubar" time="0.043" classname="hpe.NewSSD.SSDSelectAll"/>
  <system-out/>
  <testcase name="ToVerifyOtherPageNamesInMenuBar" time="0.057" classname="hpe.NewSSD.SSDSelectAll"/>
  <system-out/>
  <testcase name="ToVerifyServerTypeLabel" time="0.058" classname="hpe.NewSSD.SSDSelectAll"/>
  <system-out/>
  <testcase name="ToVerifyServerModelLabel" time="0.060" classname="hpe.NewSSD.SSDSelectAll"/>
  <system-out/>
  <testcase name="ToVerifyCapacityLabel" time="0.066" classname="hpe.NewSSD.SSDSelectAll"/>
  <system-out/>
  <testcase name="ToVerifyServerTypeServerModelList" time="11.779" classname="hpe.NewSSD.SSDSelectAll"/>
  <system-out/>
  <testcase name="ToVerifyCapacityValue" time="0.061" classname="hpe.NewSSD.SSDSelectAll"/>
  <system-out/>
  <testcase name="ToVerifyServerTyeSelectAllOption" time="1.562" classname="hpe.NewSSD.SSDSelectAll"/>
  <system-out/>
  <testcase name="ToVerifyNextBtnEnabled" time="1.615" classname="hpe.NewSSD.SSDSelectAll"/>
  <system-out/>
  <testcase name="ToVerifyServerTypeNextBtn" time="0.173" classname="hpe.NewSSD.SSDSelectAll"/>
  <system-out/>
  <testcase name="ToVerifyInterfaceMenuBar" time="0.013" classname="hpe.NewSSD.SSDSelectAll">
    <failure type="org.junit.ComparisonFailure" message="expected:&lt;...d.azurewebsites.net/[interface]-type&gt; but was:&lt;...d.azurewebsites.net/[server]-type&gt;">
      <![CDATA[org.junit.ComparisonFailure: expected:<...d.azurewebsites.net/[interface]-type> but was:<...d.azurewebsites.net/[server]-type>
at org.junit.Assert.assertEquals(Assert.java:117)
at org.junit.Assert.assertEquals(Assert.java:146)
at hpe.NewSSD.SSDSelectAll.ToVerifyInterfaceMenuBar(SSDSelectAll.java:298)
at sun.reflect.NativeMethodAccessorImpl.invoke0(Native Method)
at sun.reflect.NativeMethodAccessorImpl.invoke(NativeMethodAccessorImpl.java:62)
at sun.reflect.DelegatingMethodAccessorImpl.invoke(DelegatingMethodAccessorImpl.java:43)
at java.lang.reflect.Method.invoke(Method.java:498)
at org.testng.internal.MethodInvocationHelper.invokeMethod(MethodInvocationHelper.java:135)
at org.testng.internal.TestInvoker.invokeMethod(TestInvoker.java:598)
at org.testng.internal.TestInvoker.invokeTestMethod(TestInvoker.java:174)
at org.testng.internal.MethodRunner.runInSequence(MethodRunner.java:46)
at org.testng.internal.TestInvoker$MethodInvocationAgent.invoke(TestInvoker.java:821)
at org.testng.internal.TestInvoker.invokeTestMethods(TestInvoker.java:147)
at org.testng.internal.TestMethodWorker.invokeTestMethods(TestMethodWorker.java:146)
at org.testng.internal.TestMethodWorker.run(TestMethodWorker.java:128)
at java.util.ArrayList.forEach(ArrayList.java:1259)
at org.testng.TestRunner.privateRun(TestRunner.java:767)
at org.testng.TestRunner.run(TestRunner.java:588)
at org.testng.SuiteRunner.runTest(SuiteRunner.java:384)
at org.testng.SuiteRunner.runSequentially(SuiteRunner.java:378)
at org.testng.SuiteRunner.privateRun(SuiteRunner.java:337)
at org.testng.SuiteRunner.run(SuiteRunner.java:286)
at org.testng.SuiteRunnerWorker.runSuite(SuiteRunnerWorker.java:53)
at org.testng.SuiteRunnerWorker.run(SuiteRunnerWorker.java:96)
at org.testng.TestNG.runSuitesSequentially(TestNG.java:1214)
at org.testng.TestNG.runSuitesLocally(TestNG.java:1136)
at org.testng.TestNG.runSuites(TestNG.java:1066)
at org.testng.TestNG.run(TestNG.java:1034)
at org.testng.remote.AbstractRemoteTestNG.run(AbstractRemoteTestNG.java:115)
at org.testng.remote.RemoteTestNG.initAndRun(RemoteTestNG.java:251)
at org.testng.remote.RemoteTestNG.main(RemoteTestNG.java:77)
]]>
    </failure>
  </testcase> <!-- ToVerifyInterfaceMenuBar -->
  <system-out/>
  <testcase name="ToVerifyInterfaceOtherPageMenuBar" time="0.032" classname="hpe.NewSSD.SSDSelectAll"/>
  <system-out/>
  <testcase name="ToVerifyInterfaceOptions" time="1.732" classname="hpe.NewSSD.SSDSelectAll"/>
  <system-out/>
  <testcase name="ToVerifyInterfaceOptionsEdit" time="0.100" classname="hpe.NewSSD.SSDSelectAll"/>
  <system-out/>
  <testcase name="ToVerifyInterfaceNextbtn" time="2.042" classname="hpe.NewSSD.SSDSelectAll"/>
  <system-out/>
  <testcase name="ToVerifyFormFactorPageDisplayed" time="0.022" classname="hpe.NewSSD.SSDSelectAll"/>
  <system-out/>
  <testcase name="ToVerifyFormFactorMenuBar" time="0.061" classname="hpe.NewSSD.SSDSelectAll"/>
  <system-out/>
  <testcase name="ToVerifyFormFactorAutoSelected" time="0.155" classname="hpe.NewSSD.SSDSelectAll"/>
  <system-out/>
  <testcase name="ToVerifyFormFactorImages" time="0.208" classname="hpe.NewSSD.SSDSelectAll"/>
  <system-out/>
  <testcase name="ToVerifyFormFactorOptionsEditable" time="0.058" classname="hpe.NewSSD.SSDSelectAll"/>
  <system-out/>
  <testcase name="ToVerifyFormFactorNextBtn" time="1.500" classname="hpe.NewSSD.SSDSelectAll"/>
  <system-out/>
  <testcase name="ToVerifyBestAvailabilityPageDisplayed" time="0.024" classname="hpe.NewSSD.SSDSelectAll"/>
  <system-out/>
  <testcase name="ToVerifyBestAvailabilityMenubar" time="0.031" classname="hpe.NewSSD.SSDSelectAll"/>
  <system-out/>
  <testcase name="ToVerifyBestAvailabilityOptionSelected" time="0.055" classname="hpe.NewSSD.SSDSelectAll"/>
  <system-out/>
  <testcase name="ToVerifySelectAllBestAvailability" time="4.641" classname="hpe.NewSSD.SSDSelectAll"/>
  <system-out/>
  <testcase name="ToVerifyResultPageDisplayed" time="0.017" classname="hpe.NewSSD.SSDSelectAll"/>
  <system-out/>
  <testcase name="ToVerifyResultPageRefinelabel" time="0.084" classname="hpe.NewSSD.SSDSelectAll"/>
  <system-out/>
  <testcase name="ToVerifyResultPageSSDPortfilioAlignmentlabel" time="0.127" classname="hpe.NewSSD.SSDSelectAll"/>
  <system-out/>
  <testcase name="ToVerifyResultPagSSDRequirements" time="10.331" classname="hpe.NewSSD.SSDSelectAll">
    <error type="org.openqa.selenium.TimeoutException" message="Expected condition failed: waiting for text (&#039;153 -  SSDs meet your requirements&#039;) to be present in element [[ChromeDriver: chrome on WINDOWS (6c3369152f7f1af96eb8e1de03aad5a4)] -&gt; xpath: //*[@id=&quot;panel-ggroup3&quot;]/div/div[1]/h4/a/span] (tried for 10 second(s) with 500 milliseconds interval)
Build info: version: &#039;3.141.59&#039;, revision: &#039;e82be7d358&#039;, time: &#039;2018-11-14T08:17:03&#039;
System info: host: &#039;DESKTOP-D27FDN2&#039;, ip: &#039;16.214.3.181&#039;, os.name: &#039;Windows 10&#039;, os.arch: &#039;amd64&#039;, os.version: &#039;10.0&#039;, java.version: &#039;1.8.0_291&#039;
Driver info: org.openqa.selenium.support.events.EventFiringWebDriver
Capabilities {acceptInsecureCerts: false, browserName: chrome, browserVersion: 90.0.4430.212, chrome: {chromedriverVersion: 90.0.4430.24 (4c6d850f087da..., userDataDir: C:\Users\user\AppData\Local...}, goog:chromeOptions: {debuggerAddress: localhost:58297}, javascriptEnabled: true, networkConnectionEnabled: false, pageLoadStrategy: normal, platform: WINDOWS, platformName: WINDOWS, proxy: Proxy(), setWindowRect: true, strictFileInteractability: false, timeouts: {implicit: 0, pageLoad: 300000, script: 30000}, unhandledPromptBehavior: dismiss and notify, webauthn:extension:largeBlob: true, webauthn:virtualAuthenticators: true}
Session ID: 6c3369152f7f1af96eb8e1de03aad5a4">
      <![CDATA[org.openqa.selenium.TimeoutException: Expected condition failed: waiting for text ('153 -  SSDs meet your requirements') to be present in element [[ChromeDriver: chrome on WINDOWS (6c3369152f7f1af96eb8e1de03aad5a4)] -> xpath: //*[@id="panel-ggroup3"]/div/div[1]/h4/a/span] (tried for 10 second(s) with 500 milliseconds interval)
Build info: version: '3.141.59', revision: 'e82be7d358', time: '2018-11-14T08:17:03'
System info: host: 'DESKTOP-D27FDN2', ip: '16.214.3.181', os.name: 'Windows 10', os.arch: 'amd64', os.version: '10.0', java.version: '1.8.0_291'
Driver info: org.openqa.selenium.support.events.EventFiringWebDriver
Capabilities {acceptInsecureCerts: false, browserName: chrome, browserVersion: 90.0.4430.212, chrome: {chromedriverVersion: 90.0.4430.24 (4c6d850f087da..., userDataDir: C:\Users\user\AppData\Local...}, goog:chromeOptions: {debuggerAddress: localhost:58297}, javascriptEnabled: true, networkConnectionEnabled: false, pageLoadStrategy: normal, platform: WINDOWS, platformName: WINDOWS, proxy: Proxy(), setWindowRect: true, strictFileInteractability: false, timeouts: {implicit: 0, pageLoad: 300000, script: 30000}, unhandledPromptBehavior: dismiss and notify, webauthn:extension:largeBlob: true, webauthn:virtualAuthenticators: true}
Session ID: 6c3369152f7f1af96eb8e1de03aad5a4
at org.openqa.selenium.support.ui.WebDriverWait.timeoutException(WebDriverWait.java:95)
at org.openqa.selenium.support.ui.FluentWait.until(FluentWait.java:272)
at hpe.NewSSD.SSDSelectAll.ToVerifyResultPagSSDRequirements(SSDSelectAll.java:438)
at sun.reflect.NativeMethodAccessorImpl.invoke0(Native Method)
at sun.reflect.NativeMethodAccessorImpl.invoke(NativeMethodAccessorImpl.java:62)
at sun.reflect.DelegatingMethodAccessorImpl.invoke(DelegatingMethodAccessorImpl.java:43)
at java.lang.reflect.Method.invoke(Method.java:498)
at org.testng.internal.MethodInvocationHelper.invokeMethod(MethodInvocationHelper.java:135)
at org.testng.internal.TestInvoker.invokeMethod(TestInvoker.java:598)
at org.testng.internal.TestInvoker.invokeTestMethod(TestInvoker.java:174)
at org.testng.internal.MethodRunner.runInSequence(MethodRunner.java:46)
at org.testng.internal.TestInvoker$MethodInvocationAgent.invoke(TestInvoker.java:821)
at org.testng.internal.TestInvoker.invokeTestMethods(TestInvoker.java:147)
at org.testng.internal.TestMethodWorker.invokeTestMethods(TestMethodWorker.java:146)
at org.testng.internal.TestMethodWorker.run(TestMethodWorker.java:128)
at java.util.ArrayList.forEach(ArrayList.java:1259)
at org.testng.TestRunner.privateRun(TestRunner.java:767)
at org.testng.TestRunner.run(TestRunner.java:588)
at org.testng.SuiteRunner.runTest(SuiteRunner.java:384)
at org.testng.SuiteRunner.runSequentially(SuiteRunner.java:378)
at org.testng.SuiteRunner.privateRun(SuiteRunner.java:337)
at org.testng.SuiteRunner.run(SuiteRunner.java:286)
at org.testng.SuiteRunnerWorker.runSuite(SuiteRunnerWorker.java:53)
at org.testng.SuiteRunnerWorker.run(SuiteRunnerWorker.java:96)
at org.testng.TestNG.runSuitesSequentially(TestNG.java:1214)
at org.testng.TestNG.runSuitesLocally(TestNG.java:1136)
at org.testng.TestNG.runSuites(TestNG.java:1066)
at org.testng.TestNG.run(TestNG.java:1034)
at org.testng.remote.AbstractRemoteTestNG.run(AbstractRemoteTestNG.java:115)
at org.testng.remote.RemoteTestNG.initAndRun(RemoteTestNG.java:251)
at org.testng.remote.RemoteTestNG.main(RemoteTestNG.java:77)
]]>
    </error>
  </testcase> <!-- ToVerifyResultPagSSDRequirements -->
  <system-out/>
  <testcase name="ToVerifyResultPageSSDWorkloadPart" time="0.300" classname="hpe.NewSSD.SSDSelectAll"/>
  <system-out/>
  <testcase name="ToVerifyResultPageInterfaceTypePart" time="0.347" classname="hpe.NewSSD.SSDSelectAll"/>
  <system-out/>
  <testcase name="ToVerifyResultPageFormFactorPart" time="0.201" classname="hpe.NewSSD.SSDSelectAll"/>
  <system-out/>
  <testcase name="ToVerifyResultPageBestAvailabiltyPart" time="0.125" classname="hpe.NewSSD.SSDSelectAll"/>
  <system-out/>
  <testcase name="ToVerifyResultPageSearchTab" time="0.067" classname="hpe.NewSSD.SSDSelectAll">
    <failure type="java.lang.AssertionError" message="expected [] but found [Search by SKU]">
      <![CDATA[java.lang.AssertionError: expected [] but found [Search by SKU]
at org.testng.Assert.fail(Assert.java:97)
at org.testng.Assert.assertEqualsImpl(Assert.java:136)
at org.testng.Assert.assertEquals(Assert.java:118)
at org.testng.Assert.assertEquals(Assert.java:575)
at org.testng.Assert.assertEquals(Assert.java:585)
at hpessdPageObjects.SSDResultPage.SSDSearchTabText(SSDResultPage.java:709)
at hpe.NewSSD.SSDSelectAll.ToVerifyResultPageSearchTab(SSDSelectAll.java:478)
at sun.reflect.NativeMethodAccessorImpl.invoke0(Native Method)
at sun.reflect.NativeMethodAccessorImpl.invoke(NativeMethodAccessorImpl.java:62)
at sun.reflect.DelegatingMethodAccessorImpl.invoke(DelegatingMethodAccessorImpl.java:43)
at java.lang.reflect.Method.invoke(Method.java:498)
at org.testng.internal.MethodInvocationHelper.invokeMethod(MethodInvocationHelper.java:135)
at org.testng.internal.TestInvoker.invokeMethod(TestInvoker.java:598)
at org.testng.internal.TestInvoker.invokeTestMethod(TestInvoker.java:174)
at org.testng.internal.MethodRunner.runInSequence(MethodRunner.java:46)
at org.testng.internal.TestInvoker$MethodInvocationAgent.invoke(TestInvoker.java:821)
at org.testng.internal.TestInvoker.invokeTestMethods(TestInvoker.java:147)
at org.testng.internal.TestMethodWorker.invokeTestMethods(TestMethodWorker.java:146)
at org.testng.internal.TestMethodWorker.run(TestMethodWorker.java:128)
at java.util.ArrayList.forEach(ArrayList.java:1259)
at org.testng.TestRunner.privateRun(TestRunner.java:767)
at org.testng.TestRunner.run(TestRunner.java:588)
at org.testng.SuiteRunner.runTest(SuiteRunner.java:384)
at org.testng.SuiteRunner.runSequentially(SuiteRunner.java:378)
at org.testng.SuiteRunner.privateRun(SuiteRunner.java:337)
at org.testng.SuiteRunner.run(SuiteRunner.java:286)
at org.testng.SuiteRunnerWorker.runSuite(SuiteRunnerWorker.java:53)
at org.testng.SuiteRunnerWorker.run(SuiteRunnerWorker.java:96)
at org.testng.TestNG.runSuitesSequentially(TestNG.java:1214)
at org.testng.TestNG.runSuitesLocally(TestNG.java:1136)
at org.testng.TestNG.runSuites(TestNG.java:1066)
at org.testng.TestNG.run(TestNG.java:1034)
at org.testng.remote.AbstractRemoteTestNG.run(AbstractRemoteTestNG.java:115)
at org.testng.remote.RemoteTestNG.initAndRun(RemoteTestNG.java:251)
at org.testng.remote.RemoteTestNG.main(RemoteTestNG.java:77)
]]>
    </failure>
  </testcase> <!-- ToVerifyResultPageSearchTab -->
  <system-out/>
  <testcase name="ToVerifyResultPageServerType" time="0.322" classname="hpe.NewSSD.SSDSelectAll"/>
  <system-out/>
  <testcase name="ToVerifyResultPageServerModel" time="0.392" classname="hpe.NewSSD.SSDSelectAll"/>
  <system-out/>
  <testcase name="ToVerifyResultPageCapacitySlider" time="0.124" classname="hpe.NewSSD.SSDSelectAll"/>
  <system-out/>
  <testcase name="ToVerifyResultPageEnduranceSlider" time="0.077" classname="hpe.NewSSD.SSDSelectAll"/>
  <system-out/>
  <testcase name="ToVerifyResultPageRandomReadSlider" time="0.080" classname="hpe.NewSSD.SSDSelectAll"/>
  <system-out/>
  <testcase name="ToVerifyResultPageRandomWriteSlider" time="0.073" classname="hpe.NewSSD.SSDSelectAll"/>
  <system-out/>
  <testcase name="ToVerifyResultMaxRandomReadSlider" time="0.062" classname="hpe.NewSSD.SSDSelectAll"/>
  <system-out/>
  <testcase name="ToVerifyResultPageMaxRandomWriteSlider" time="0.061" classname="hpe.NewSSD.SSDSelectAll"/>
  <system-out/>
  <testcase name="ToVerifyResultPageMaxPowerSlider" time="0.061" classname="hpe.NewSSD.SSDSelectAll"/>
  <system-out/>
  <testcase name="ToVerifyResultPageSelectAllOption" time="0.066" classname="hpe.NewSSD.SSDSelectAll"/>
  <system-out/>
  <testcase name="ToVerifyResultPageSelectAllOptionSelected" time="0.658" classname="hpe.NewSSD.SSDSelectAll"/>
  <system-out/>
  <testcase name="ToVerifyAllSSDsResultDisplayed" time="10.577" classname="hpe.NewSSD.SSDSelectAll">
    <error type="org.openqa.selenium.TimeoutException" message="Expected condition failed: waiting for text (&#039;216 -  SSDs meet your requirements&#039;) to be present in element [[ChromeDriver: chrome on WINDOWS (6c3369152f7f1af96eb8e1de03aad5a4)] -&gt; xpath: //*[@id=&quot;panel-ggroup3&quot;]/div/div[1]/h4/a/span] (tried for 10 second(s) with 500 milliseconds interval)
Build info: version: &#039;3.141.59&#039;, revision: &#039;e82be7d358&#039;, time: &#039;2018-11-14T08:17:03&#039;
System info: host: &#039;DESKTOP-D27FDN2&#039;, ip: &#039;16.214.3.181&#039;, os.name: &#039;Windows 10&#039;, os.arch: &#039;amd64&#039;, os.version: &#039;10.0&#039;, java.version: &#039;1.8.0_291&#039;
Driver info: org.openqa.selenium.support.events.EventFiringWebDriver
Capabilities {acceptInsecureCerts: false, browserName: chrome, browserVersion: 90.0.4430.212, chrome: {chromedriverVersion: 90.0.4430.24 (4c6d850f087da..., userDataDir: C:\Users\user\AppData\Local...}, goog:chromeOptions: {debuggerAddress: localhost:58297}, javascriptEnabled: true, networkConnectionEnabled: false, pageLoadStrategy: normal, platform: WINDOWS, platformName: WINDOWS, proxy: Proxy(), setWindowRect: true, strictFileInteractability: false, timeouts: {implicit: 0, pageLoad: 300000, script: 30000}, unhandledPromptBehavior: dismiss and notify, webauthn:extension:largeBlob: true, webauthn:virtualAuthenticators: true}
Session ID: 6c3369152f7f1af96eb8e1de03aad5a4">
      <![CDATA[org.openqa.selenium.TimeoutException: Expected condition failed: waiting for text ('216 -  SSDs meet your requirements') to be present in element [[ChromeDriver: chrome on WINDOWS (6c3369152f7f1af96eb8e1de03aad5a4)] -> xpath: //*[@id="panel-ggroup3"]/div/div[1]/h4/a/span] (tried for 10 second(s) with 500 milliseconds interval)
Build info: version: '3.141.59', revision: 'e82be7d358', time: '2018-11-14T08:17:03'
System info: host: 'DESKTOP-D27FDN2', ip: '16.214.3.181', os.name: 'Windows 10', os.arch: 'amd64', os.version: '10.0', java.version: '1.8.0_291'
Driver info: org.openqa.selenium.support.events.EventFiringWebDriver
Capabilities {acceptInsecureCerts: false, browserName: chrome, browserVersion: 90.0.4430.212, chrome: {chromedriverVersion: 90.0.4430.24 (4c6d850f087da..., userDataDir: C:\Users\user\AppData\Local...}, goog:chromeOptions: {debuggerAddress: localhost:58297}, javascriptEnabled: true, networkConnectionEnabled: false, pageLoadStrategy: normal, platform: WINDOWS, platformName: WINDOWS, proxy: Proxy(), setWindowRect: true, strictFileInteractability: false, timeouts: {implicit: 0, pageLoad: 300000, script: 30000}, unhandledPromptBehavior: dismiss and notify, webauthn:extension:largeBlob: true, webauthn:virtualAuthenticators: true}
Session ID: 6c3369152f7f1af96eb8e1de03aad5a4
at org.openqa.selenium.support.ui.WebDriverWait.timeoutException(WebDriverWait.java:95)
at org.openqa.selenium.support.ui.FluentWait.until(FluentWait.java:272)
at hpe.NewSSD.SSDSelectAll.ToVerifyAllSSDsResultDisplayed(SSDSelectAll.java:558)
at sun.reflect.NativeMethodAccessorImpl.invoke0(Native Method)
at sun.reflect.NativeMethodAccessorImpl.invoke(NativeMethodAccessorImpl.java:62)
at sun.reflect.DelegatingMethodAccessorImpl.invoke(DelegatingMethodAccessorImpl.java:43)
at java.lang.reflect.Method.invoke(Method.java:498)
at org.testng.internal.MethodInvocationHelper.invokeMethod(MethodInvocationHelper.java:135)
at org.testng.internal.TestInvoker.invokeMethod(TestInvoker.java:598)
at org.testng.internal.TestInvoker.invokeTestMethod(TestInvoker.java:174)
at org.testng.internal.MethodRunner.runInSequence(MethodRunner.java:46)
at org.testng.internal.TestInvoker$MethodInvocationAgent.invoke(TestInvoker.java:821)
at org.testng.internal.TestInvoker.invokeTestMethods(TestInvoker.java:147)
at org.testng.internal.TestMethodWorker.invokeTestMethods(TestMethodWorker.java:146)
at org.testng.internal.TestMethodWorker.run(TestMethodWorker.java:128)
at java.util.ArrayList.forEach(ArrayList.java:1259)
at org.testng.TestRunner.privateRun(TestRunner.java:767)
at org.testng.TestRunner.run(TestRunner.java:588)
at org.testng.SuiteRunner.runTest(SuiteRunner.java:384)
at org.testng.SuiteRunner.runSequentially(SuiteRunner.java:378)
at org.testng.SuiteRunner.privateRun(SuiteRunner.java:337)
at org.testng.SuiteRunner.run(SuiteRunner.java:286)
at org.testng.SuiteRunnerWorker.runSuite(SuiteRunnerWorker.java:53)
at org.testng.SuiteRunnerWorker.run(SuiteRunnerWorker.java:96)
at org.testng.TestNG.runSuitesSequentially(TestNG.java:1214)
at org.testng.TestNG.runSuitesLocally(TestNG.java:1136)
at org.testng.TestNG.runSuites(TestNG.java:1066)
at org.testng.TestNG.run(TestNG.java:1034)
at org.testng.remote.AbstractRemoteTestNG.run(AbstractRemoteTestNG.java:115)
at org.testng.remote.RemoteTestNG.initAndRun(RemoteTestNG.java:251)
at org.testng.remote.RemoteTestNG.main(RemoteTestNG.java:77)
]]>
    </error>
  </testcase> <!-- ToVerifyAllSSDsResultDisplayed -->
  <system-out/>
  <testcase name="ToVerifySSDMainStreamResults" time="1.732" classname="hpe.NewSSD.SSDSelectAll"/>
  <system-out/>
  <testcase name="ToVerifyAlertMessage" time="0.354" classname="hpe.NewSSD.SSDSelectAll"/>
  <system-out/>
  <testcase name="ToVerifySSDNonMainstream" time="5.227" classname="hpe.NewSSD.SSDSelectAll"/>
  <system-out/>
  <testcase name="ToVerifyPriceLink" time="0.321" classname="hpe.NewSSD.SSDSelectAll"/>
  <system-out/>
</testsuite> <!-- hpe.NewSSD.SSDSelectAll -->
