<?xml version="1.0" encoding="UTF-8"?>
<!-- Generated by org.testng.reporters.JUnitReportReporter -->
<testsuite skipped="0" hostname="DESKTOP-D27FDN2" name="hpe.NewSSD.SSDVROAll" tests="49" failures="2" timestamp="2021-05-25T01:24:51 PDT" time="122.104" errors="3">
  <testcase name="ToVerifyHomepage" time="11.251" classname="hpe.NewSSD.SSDVROAll"/>
  <system-out/>
  <testcase name="ToVerifyHomePageLabels" time="0.726" classname="hpe.NewSSD.SSDVROAll"/>
  <system-out/>
  <testcase name="ToVerifyHomePagePDFFilesOpen" time="4.889" classname="hpe.NewSSD.SSDVROAll"/>
  <system-out/>
  <testcase name="ToVerifyWorkloadURL" time="0.018" classname="hpe.NewSSD.SSDVROAll"/>
  <system-out/>
  <testcase name="ToVerifyDisplayOfWorkloads" time="0.132" classname="hpe.NewSSD.SSDVROAll">
    <failure type="java.lang.AssertionError" message="VRO Workload Column Is Displayed At 1st expected [true] but found [false]">
      <![CDATA[java.lang.AssertionError: VRO Workload Column Is Displayed At 1st expected [true] but found [false]
at org.testng.Assert.fail(Assert.java:97)
at org.testng.Assert.failNotEquals(Assert.java:968)
at org.testng.Assert.assertTrue(Assert.java:43)
at hpe.NewSSD.SSDVROAll.ToVerifyDisplayOfWorkloads(SSDVROAll.java:100)
at sun.reflect.NativeMethodAccessorImpl.invoke0(Native Method)
at sun.reflect.NativeMethodAccessorImpl.invoke(NativeMethodAccessorImpl.java:62)
at sun.reflect.DelegatingMethodAccessorImpl.invoke(DelegatingMethodAccessorImpl.java:43)
at java.lang.reflect.Method.invoke(Method.java:498)
at org.testng.internal.MethodInvocationHelper.invokeMethod(MethodInvocationHelper.java:135)
at org.testng.internal.TestInvoker.invokeMethod(TestInvoker.java:598)
at org.testng.internal.TestInvoker.invokeTestMethod(TestInvoker.java:174)
at org.testng.internal.MethodRunner.runInSequence(MethodRunner.java:46)
at org.testng.internal.TestInvoker$MethodInvocationAgent.invoke(TestInvoker.java:821)
at org.testng.internal.TestInvoker.invokeTestMethods(TestInvoker.java:147)
at org.testng.internal.TestMethodWorker.invokeTestMethods(TestMethodWorker.java:146)
at org.testng.internal.TestMethodWorker.run(TestMethodWorker.java:128)
at java.util.ArrayList.forEach(ArrayList.java:1259)
at org.testng.TestRunner.privateRun(TestRunner.java:767)
at org.testng.TestRunner.run(TestRunner.java:588)
at org.testng.SuiteRunner.runTest(SuiteRunner.java:384)
at org.testng.SuiteRunner.runSequentially(SuiteRunner.java:378)
at org.testng.SuiteRunner.privateRun(SuiteRunner.java:337)
at org.testng.SuiteRunner.run(SuiteRunner.java:286)
at org.testng.SuiteRunnerWorker.runSuite(SuiteRunnerWorker.java:53)
at org.testng.SuiteRunnerWorker.run(SuiteRunnerWorker.java:96)
at org.testng.TestNG.runSuitesSequentially(TestNG.java:1214)
at org.testng.TestNG.runSuitesLocally(TestNG.java:1136)
at org.testng.TestNG.runSuites(TestNG.java:1066)
at org.testng.TestNG.run(TestNG.java:1034)
at org.testng.remote.AbstractRemoteTestNG.run(AbstractRemoteTestNG.java:115)
at org.testng.remote.RemoteTestNG.initAndRun(RemoteTestNG.java:251)
at org.testng.remote.RemoteTestNG.main(RemoteTestNG.java:77)
]]>
    </failure>
  </testcase> <!-- ToVerifyDisplayOfWorkloads -->
  <system-out/>
  <testcase name="ToVerifyWorkloadPageComponents" time="0.741" classname="hpe.NewSSD.SSDVROAll"/>
  <system-out/>
  <testcase name="ToVerifyToSelectVROWorkloads" time="0.581" classname="hpe.NewSSD.SSDVROAll"/>
  <system-out/>
  <testcase name="ToVerifyToOpenPDFFile" time="1.675" classname="hpe.NewSSD.SSDVROAll"/>
  <system-out/>
  <testcase name="ToVerifyWorkloadBackBtn" time="5.088" classname="hpe.NewSSD.SSDVROAll"/>
  <system-out/>
  <testcase name="ToVerifyToSelectVeryReadOptimizedWorkloads" time="2.497" classname="hpe.NewSSD.SSDVROAll"/>
  <system-out/>
  <testcase name="ToVerifySSDPageDisplayed" time="0.036" classname="hpe.NewSSD.SSDVROAll"/>
  <system-out/>
  <testcase name="ToVerifySSDTypeIsSelected" time="0.078" classname="hpe.NewSSD.SSDVROAll"/>
  <system-out/>
  <testcase name="ToVerifyVeryReadOptimizedSelected" time="8.167" classname="hpe.NewSSD.SSDVROAll"/>
  <system-out/>
  <testcase name="ToVerifyServerTypePageDisplayed" time="0.032" classname="hpe.NewSSD.SSDVROAll"/>
  <system-out/>
  <testcase name="ToVerifyServerTypeMenuBar" time="0.072" classname="hpe.NewSSD.SSDVROAll"/>
  <system-out/>
  <testcase name="ToVerifyServerPageLabels" time="0.390" classname="hpe.NewSSD.SSDVROAll"/>
  <system-out/>
  <testcase name="ToVerifyServerTypeServerModel" time="14.415" classname="hpe.NewSSD.SSDVROAll"/>
  <system-out/>
  <testcase name="ToSelectServerTypeServerModel" time="1.389" classname="hpe.NewSSD.SSDVROAll"/>
  <system-out/>
  <testcase name="ToVerifyCapacityAlert" time="2.617" classname="hpe.NewSSD.SSDVROAll"/>
  <system-out/>
  <testcase name="ToMaximumPtToMiddlePt" time="1.192" classname="hpe.NewSSD.SSDVROAll"/>
  <system-out/>
  <testcase name="ToVerifyInterfacePage" time="8.609" classname="hpe.NewSSD.SSDVROAll"/>
  <system-out/>
  <testcase name="ToVerifySSDValues" time="1.004" classname="hpe.NewSSD.SSDVROAll"/>
  <system-out/>
  <testcase name="ToVerifyInterfaceLabels" time="2.628" classname="hpe.NewSSD.SSDVROAll"/>
  <system-out/>
  <testcase name="ToEditInterfaceOptions" time="3.023" classname="hpe.NewSSD.SSDVROAll"/>
  <system-out/>
  <testcase name="ToVerifyEditedOptionsRetained" time="4.260" classname="hpe.NewSSD.SSDVROAll"/>
  <system-out/>
  <testcase name="ToVerifyFormFactorPage" time="0.014" classname="hpe.NewSSD.SSDVROAll"/>
  <system-out/>
  <testcase name="ToVerifyFormFactorOptions" time="0.132" classname="hpe.NewSSD.SSDVROAll">
    <failure type="java.lang.AssertionError" message="Select All Option Is Selected In FormFactor Page expected [true] but found [false]">
      <![CDATA[java.lang.AssertionError: Select All Option Is Selected In FormFactor Page expected [true] but found [false]
at org.testng.Assert.fail(Assert.java:97)
at org.testng.Assert.failNotEquals(Assert.java:968)
at org.testng.Assert.assertTrue(Assert.java:43)
at hpe.NewSSD.SSDVROAll.ToVerifyFormFactorOptions(SSDVROAll.java:354)
at sun.reflect.NativeMethodAccessorImpl.invoke0(Native Method)
at sun.reflect.NativeMethodAccessorImpl.invoke(NativeMethodAccessorImpl.java:62)
at sun.reflect.DelegatingMethodAccessorImpl.invoke(DelegatingMethodAccessorImpl.java:43)
at java.lang.reflect.Method.invoke(Method.java:498)
at org.testng.internal.MethodInvocationHelper.invokeMethod(MethodInvocationHelper.java:135)
at org.testng.internal.TestInvoker.invokeMethod(TestInvoker.java:598)
at org.testng.internal.TestInvoker.invokeTestMethod(TestInvoker.java:174)
at org.testng.internal.MethodRunner.runInSequence(MethodRunner.java:46)
at org.testng.internal.TestInvoker$MethodInvocationAgent.invoke(TestInvoker.java:821)
at org.testng.internal.TestInvoker.invokeTestMethods(TestInvoker.java:147)
at org.testng.internal.TestMethodWorker.invokeTestMethods(TestMethodWorker.java:146)
at org.testng.internal.TestMethodWorker.run(TestMethodWorker.java:128)
at java.util.ArrayList.forEach(ArrayList.java:1259)
at org.testng.TestRunner.privateRun(TestRunner.java:767)
at org.testng.TestRunner.run(TestRunner.java:588)
at org.testng.SuiteRunner.runTest(SuiteRunner.java:384)
at org.testng.SuiteRunner.runSequentially(SuiteRunner.java:378)
at org.testng.SuiteRunner.privateRun(SuiteRunner.java:337)
at org.testng.SuiteRunner.run(SuiteRunner.java:286)
at org.testng.SuiteRunnerWorker.runSuite(SuiteRunnerWorker.java:53)
at org.testng.SuiteRunnerWorker.run(SuiteRunnerWorker.java:96)
at org.testng.TestNG.runSuitesSequentially(TestNG.java:1214)
at org.testng.TestNG.runSuitesLocally(TestNG.java:1136)
at org.testng.TestNG.runSuites(TestNG.java:1066)
at org.testng.TestNG.run(TestNG.java:1034)
at org.testng.remote.AbstractRemoteTestNG.run(AbstractRemoteTestNG.java:115)
at org.testng.remote.RemoteTestNG.initAndRun(RemoteTestNG.java:251)
at org.testng.remote.RemoteTestNG.main(RemoteTestNG.java:77)
]]>
    </failure>
  </testcase> <!-- ToVerifyFormFactorOptions -->
  <system-out/>
  <testcase name="ToEditFormFactionOptions" time="2.531" classname="hpe.NewSSD.SSDVROAll"/>
  <system-out/>
  <testcase name="ToVerifyEditedOptionRetained" time="4.393" classname="hpe.NewSSD.SSDVROAll"/>
  <system-out/>
  <testcase name="ToVerifyBestAvailabilityPageDisplayed" time="0.110" classname="hpe.NewSSD.SSDVROAll"/>
  <system-out/>
  <testcase name="ToVerifyToEditSelectedOption" time="5.330" classname="hpe.NewSSD.SSDVROAll"/>
  <system-out/>
  <testcase name="ToVerifyResultPageDisplayed" time="0.040" classname="hpe.NewSSD.SSDVROAll"/>
  <system-out/>
  <testcase name="ToVerifyWorkloadSelectedOptionDisplayed" time="0.060" classname="hpe.NewSSD.SSDVROAll"/>
  <system-out/>
  <testcase name="ToVerifySelectedInterfaceOptionsDisplayed" time="0.059" classname="hpe.NewSSD.SSDVROAll"/>
  <system-out/>
  <testcase name="ToVerifySelectedFormFactorDisplayed" time="0.127" classname="hpe.NewSSD.SSDVROAll"/>
  <system-out/>
  <testcase name="ToVerifySelectedCatergoryDisplayed" time="0.156" classname="hpe.NewSSD.SSDVROAll"/>
  <system-out/>
  <testcase name="ToVerifySelectedServerTypeDisplayed" time="0.622" classname="hpe.NewSSD.SSDVROAll"/>
  <system-out/>
  <testcase name="ToVerifySliderLables" time="0.465" classname="hpe.NewSSD.SSDVROAll"/>
  <system-out/>
  <testcase name="ToVerifySSDResultsDisplayedBasedOnServerType" time="0.196" classname="hpe.NewSSD.SSDVROAll"/>
  <system-out/>
  <testcase name="ToVerifyDownloadExportCSVFile" time="1.292" classname="hpe.NewSSD.SSDVROAll"/>
  <system-out/>
  <testcase name="ToVerifyDownloadExportExcelFile" time="1.689" classname="hpe.NewSSD.SSDVROAll"/>
  <system-out/>
  <testcase name="ToVerifySSDsUponSelectingServerTypeToPleaseSelectServerType" time="1.384" classname="hpe.NewSSD.SSDVROAll"/>
  <system-out/>
  <testcase name="ToVerifyAllVeryreadOptimizedSSDsDisplayedOnSelectServerType" time="0.895" classname="hpe.NewSSD.SSDVROAll"/>
  <system-out/>
  <testcase name="ToVerifyOnlyVeryReadOptimizedSSDsDisplayed" time="0.089" classname="hpe.NewSSD.SSDVROAll"/>
  <system-out/>
  <testcase name="ToVerifyShoweMoreLink" time="0.216" classname="hpe.NewSSD.SSDVROAll"/>
  <system-out/>
  <testcase name="ToVerifyDownloadPDFFileIndividualSSDs" time="4.282" classname="hpe.NewSSD.SSDVROAll"/>
  <system-out/>
  <testcase name="ToVerifyDownloadIndividualExportExcelFile" time="20.255" classname="hpe.NewSSD.SSDVROAll">
    <error type="org.openqa.selenium.NoSuchElementException" message="no such element: Unable to locate element: {&quot;method&quot;:&quot;xpath&quot;,&quot;selector&quot;:&quot;//img[@id=&#039;download_22&#039;]&quot;}
  (Session info: chrome=90.0.4430.212)
For documentation on this error, please visit: https://www.seleniumhq.org/exceptions/no_such_element.html
Build info: version: &#039;3.141.59&#039;, revision: &#039;e82be7d358&#039;, time: &#039;2018-11-14T08:17:03&#039;
System info: host: &#039;DESKTOP-D27FDN2&#039;, ip: &#039;16.116.171.229&#039;, os.name: &#039;Windows 10&#039;, os.arch: &#039;amd64&#039;, os.version: &#039;10.0&#039;, java.version: &#039;1.8.0_291&#039;
Driver info: org.openqa.selenium.chrome.ChromeDriver
Capabilities {acceptInsecureCerts: false, browserName: chrome, browserVersion: 90.0.4430.212, chrome: {chromedriverVersion: 90.0.4430.24 (4c6d850f087da..., userDataDir: C:\Users\user\AppData\Local...}, goog:chromeOptions: {debuggerAddress: localhost:51795}, javascriptEnabled: true, networkConnectionEnabled: false, pageLoadStrategy: normal, platform: WINDOWS, platformName: WINDOWS, proxy: Proxy(), setWindowRect: true, strictFileInteractability: false, timeouts: {implicit: 0, pageLoad: 300000, script: 30000}, unhandledPromptBehavior: dismiss and notify, webauthn:extension:largeBlob: true, webauthn:virtualAuthenticators: true}
Session ID: e1853fdf6bce4671378d9b69e062006c
*** Element info: {Using=xpath, value=//img[@id=&#039;download_22&#039;]}">
      <![CDATA[org.openqa.selenium.NoSuchElementException: no such element: Unable to locate element: {"method":"xpath","selector":"//img[@id='download_22']"}
  (Session info: chrome=90.0.4430.212)
For documentation on this error, please visit: https://www.seleniumhq.org/exceptions/no_such_element.html
Build info: version: '3.141.59', revision: 'e82be7d358', time: '2018-11-14T08:17:03'
System info: host: 'DESKTOP-D27FDN2', ip: '16.116.171.229', os.name: 'Windows 10', os.arch: 'amd64', os.version: '10.0', java.version: '1.8.0_291'
Driver info: org.openqa.selenium.chrome.ChromeDriver
Capabilities {acceptInsecureCerts: false, browserName: chrome, browserVersion: 90.0.4430.212, chrome: {chromedriverVersion: 90.0.4430.24 (4c6d850f087da..., userDataDir: C:\Users\user\AppData\Local...}, goog:chromeOptions: {debuggerAddress: localhost:51795}, javascriptEnabled: true, networkConnectionEnabled: false, pageLoadStrategy: normal, platform: WINDOWS, platformName: WINDOWS, proxy: Proxy(), setWindowRect: true, strictFileInteractability: false, timeouts: {implicit: 0, pageLoad: 300000, script: 30000}, unhandledPromptBehavior: dismiss and notify, webauthn:extension:largeBlob: true, webauthn:virtualAuthenticators: true}
Session ID: e1853fdf6bce4671378d9b69e062006c
*** Element info: {Using=xpath, value=//img[@id='download_22']}
at sun.reflect.NativeConstructorAccessorImpl.newInstance0(Native Method)
at sun.reflect.NativeConstructorAccessorImpl.newInstance(NativeConstructorAccessorImpl.java:62)
at sun.reflect.DelegatingConstructorAccessorImpl.newInstance(DelegatingConstructorAccessorImpl.java:45)
at java.lang.reflect.Constructor.newInstance(Constructor.java:423)
at org.openqa.selenium.remote.http.W3CHttpResponseCodec.createException(W3CHttpResponseCodec.java:187)
at org.openqa.selenium.remote.http.W3CHttpResponseCodec.decode(W3CHttpResponseCodec.java:122)
at org.openqa.selenium.remote.http.W3CHttpResponseCodec.decode(W3CHttpResponseCodec.java:49)
at org.openqa.selenium.remote.HttpCommandExecutor.execute(HttpCommandExecutor.java:158)
at org.openqa.selenium.remote.service.DriverCommandExecutor.execute(DriverCommandExecutor.java:83)
at org.openqa.selenium.remote.RemoteWebDriver.execute(RemoteWebDriver.java:552)
at org.openqa.selenium.remote.RemoteWebDriver.findElement(RemoteWebDriver.java:323)
at org.openqa.selenium.remote.RemoteWebDriver.findElementByXPath(RemoteWebDriver.java:428)
at org.openqa.selenium.By$ByXPath.findElement(By.java:353)
at org.openqa.selenium.remote.RemoteWebDriver.findElement(RemoteWebDriver.java:315)
at sun.reflect.GeneratedMethodAccessor1.invoke(Unknown Source)
at sun.reflect.DelegatingMethodAccessorImpl.invoke(DelegatingMethodAccessorImpl.java:43)
at java.lang.reflect.Method.invoke(Method.java:498)
at org.openqa.selenium.support.events.EventFiringWebDriver.lambda$new$1(EventFiringWebDriver.java:105)
at com.sun.proxy.$Proxy9.findElement(Unknown Source)
at org.openqa.selenium.support.events.EventFiringWebDriver.findElement(EventFiringWebDriver.java:194)
at org.openqa.selenium.support.pagefactory.DefaultElementLocator.findElement(DefaultElementLocator.java:69)
at org.openqa.selenium.support.pagefactory.internal.LocatingElementHandler.invoke(LocatingElementHandler.java:38)
at com.sun.proxy.$Proxy13.click(Unknown Source)
at hpessdPageObjects.SSDResultPage.DownloadIndividualExcelFile(SSDResultPage.java:1121)
at hpe.NewSSD.SSDVROAll.ToVerifyDownloadIndividualExportExcelFile(SSDVROAll.java:590)
at sun.reflect.NativeMethodAccessorImpl.invoke0(Native Method)
at sun.reflect.NativeMethodAccessorImpl.invoke(NativeMethodAccessorImpl.java:62)
at sun.reflect.DelegatingMethodAccessorImpl.invoke(DelegatingMethodAccessorImpl.java:43)
at java.lang.reflect.Method.invoke(Method.java:498)
at org.testng.internal.MethodInvocationHelper.invokeMethod(MethodInvocationHelper.java:135)
at org.testng.internal.TestInvoker.invokeMethod(TestInvoker.java:598)
at org.testng.internal.TestInvoker.invokeTestMethod(TestInvoker.java:174)
at org.testng.internal.MethodRunner.runInSequence(MethodRunner.java:46)
at org.testng.internal.TestInvoker$MethodInvocationAgent.invoke(TestInvoker.java:821)
at org.testng.internal.TestInvoker.invokeTestMethods(TestInvoker.java:147)
at org.testng.internal.TestMethodWorker.invokeTestMethods(TestMethodWorker.java:146)
at org.testng.internal.TestMethodWorker.run(TestMethodWorker.java:128)
at java.util.ArrayList.forEach(ArrayList.java:1259)
at org.testng.TestRunner.privateRun(TestRunner.java:767)
at org.testng.TestRunner.run(TestRunner.java:588)
at org.testng.SuiteRunner.runTest(SuiteRunner.java:384)
at org.testng.SuiteRunner.runSequentially(SuiteRunner.java:378)
at org.testng.SuiteRunner.privateRun(SuiteRunner.java:337)
at org.testng.SuiteRunner.run(SuiteRunner.java:286)
at org.testng.SuiteRunnerWorker.runSuite(SuiteRunnerWorker.java:53)
at org.testng.SuiteRunnerWorker.run(SuiteRunnerWorker.java:96)
at org.testng.TestNG.runSuitesSequentially(TestNG.java:1214)
at org.testng.TestNG.runSuitesLocally(TestNG.java:1136)
at org.testng.TestNG.runSuites(TestNG.java:1066)
at org.testng.TestNG.run(TestNG.java:1034)
at org.testng.remote.AbstractRemoteTestNG.run(AbstractRemoteTestNG.java:115)
at org.testng.remote.RemoteTestNG.initAndRun(RemoteTestNG.java:251)
at org.testng.remote.RemoteTestNG.main(RemoteTestNG.java:77)
]]>
    </error>
  </testcase> <!-- ToVerifyDownloadIndividualExportExcelFile -->
  <system-out/>
  <testcase name="ToVerifyBrowserBackButton" time="1.158" classname="hpe.NewSSD.SSDVROAll">
    <error type="org.openqa.selenium.TimeoutException" message="Expected condition failed: waiting for url to be &quot;MainstreamPage&quot;. Current url: &quot;https://stg-app-hpessd.azurewebsites.net/recommendation&quot; (tried for 1 second(s) with 500 milliseconds interval)
Build info: version: &#039;3.141.59&#039;, revision: &#039;e82be7d358&#039;, time: &#039;2018-11-14T08:17:03&#039;
System info: host: &#039;DESKTOP-D27FDN2&#039;, ip: &#039;16.116.171.229&#039;, os.name: &#039;Windows 10&#039;, os.arch: &#039;amd64&#039;, os.version: &#039;10.0&#039;, java.version: &#039;1.8.0_291&#039;
Driver info: org.openqa.selenium.support.events.EventFiringWebDriver
Capabilities {acceptInsecureCerts: false, browserName: chrome, browserVersion: 90.0.4430.212, chrome: {chromedriverVersion: 90.0.4430.24 (4c6d850f087da..., userDataDir: C:\Users\user\AppData\Local...}, goog:chromeOptions: {debuggerAddress: localhost:51795}, javascriptEnabled: true, networkConnectionEnabled: false, pageLoadStrategy: normal, platform: WINDOWS, platformName: WINDOWS, proxy: Proxy(), setWindowRect: true, strictFileInteractability: false, timeouts: {implicit: 0, pageLoad: 300000, script: 30000}, unhandledPromptBehavior: dismiss and notify, webauthn:extension:largeBlob: true, webauthn:virtualAuthenticators: true}
Session ID: e1853fdf6bce4671378d9b69e062006c">
      <![CDATA[org.openqa.selenium.TimeoutException: Expected condition failed: waiting for url to be "MainstreamPage". Current url: "https://stg-app-hpessd.azurewebsites.net/recommendation" (tried for 1 second(s) with 500 milliseconds interval)
Build info: version: '3.141.59', revision: 'e82be7d358', time: '2018-11-14T08:17:03'
System info: host: 'DESKTOP-D27FDN2', ip: '16.116.171.229', os.name: 'Windows 10', os.arch: 'amd64', os.version: '10.0', java.version: '1.8.0_291'
Driver info: org.openqa.selenium.support.events.EventFiringWebDriver
Capabilities {acceptInsecureCerts: false, browserName: chrome, browserVersion: 90.0.4430.212, chrome: {chromedriverVersion: 90.0.4430.24 (4c6d850f087da..., userDataDir: C:\Users\user\AppData\Local...}, goog:chromeOptions: {debuggerAddress: localhost:51795}, javascriptEnabled: true, networkConnectionEnabled: false, pageLoadStrategy: normal, platform: WINDOWS, platformName: WINDOWS, proxy: Proxy(), setWindowRect: true, strictFileInteractability: false, timeouts: {implicit: 0, pageLoad: 300000, script: 30000}, unhandledPromptBehavior: dismiss and notify, webauthn:extension:largeBlob: true, webauthn:virtualAuthenticators: true}
Session ID: e1853fdf6bce4671378d9b69e062006c
at org.openqa.selenium.support.ui.WebDriverWait.timeoutException(WebDriverWait.java:95)
at org.openqa.selenium.support.ui.FluentWait.until(FluentWait.java:272)
at hpe.NewSSD.SSDVROAll.ToVerifyBrowserBackButton(SSDVROAll.java:615)
at sun.reflect.NativeMethodAccessorImpl.invoke0(Native Method)
at sun.reflect.NativeMethodAccessorImpl.invoke(NativeMethodAccessorImpl.java:62)
at sun.reflect.DelegatingMethodAccessorImpl.invoke(DelegatingMethodAccessorImpl.java:43)
at java.lang.reflect.Method.invoke(Method.java:498)
at org.testng.internal.MethodInvocationHelper.invokeMethod(MethodInvocationHelper.java:135)
at org.testng.internal.TestInvoker.invokeMethod(TestInvoker.java:598)
at org.testng.internal.TestInvoker.invokeTestMethod(TestInvoker.java:174)
at org.testng.internal.MethodRunner.runInSequence(MethodRunner.java:46)
at org.testng.internal.TestInvoker$MethodInvocationAgent.invoke(TestInvoker.java:821)
at org.testng.internal.TestInvoker.invokeTestMethods(TestInvoker.java:147)
at org.testng.internal.TestMethodWorker.invokeTestMethods(TestMethodWorker.java:146)
at org.testng.internal.TestMethodWorker.run(TestMethodWorker.java:128)
at java.util.ArrayList.forEach(ArrayList.java:1259)
at org.testng.TestRunner.privateRun(TestRunner.java:767)
at org.testng.TestRunner.run(TestRunner.java:588)
at org.testng.SuiteRunner.runTest(SuiteRunner.java:384)
at org.testng.SuiteRunner.runSequentially(SuiteRunner.java:378)
at org.testng.SuiteRunner.privateRun(SuiteRunner.java:337)
at org.testng.SuiteRunner.run(SuiteRunner.java:286)
at org.testng.SuiteRunnerWorker.runSuite(SuiteRunnerWorker.java:53)
at org.testng.SuiteRunnerWorker.run(SuiteRunnerWorker.java:96)
at org.testng.TestNG.runSuitesSequentially(TestNG.java:1214)
at org.testng.TestNG.runSuitesLocally(TestNG.java:1136)
at org.testng.TestNG.runSuites(TestNG.java:1066)
at org.testng.TestNG.run(TestNG.java:1034)
at org.testng.remote.AbstractRemoteTestNG.run(AbstractRemoteTestNG.java:115)
at org.testng.remote.RemoteTestNG.initAndRun(RemoteTestNG.java:251)
at org.testng.remote.RemoteTestNG.main(RemoteTestNG.java:77)
]]>
    </error>
  </testcase> <!-- ToVerifyBrowserBackButton -->
  <system-out/>
  <testcase name="ToVerifyItRedirectsToHomePage" time="1.099" classname="hpe.NewSSD.SSDVROAll">
    <error type="org.openqa.selenium.TimeoutException" message="Expected condition failed: waiting for url to be &quot;HomePage1&quot;. Current url: &quot;https://stg-app-hpessd.azurewebsites.net/recommendation#&quot; (tried for 1 second(s) with 500 milliseconds interval)
Build info: version: &#039;3.141.59&#039;, revision: &#039;e82be7d358&#039;, time: &#039;2018-11-14T08:17:03&#039;
System info: host: &#039;DESKTOP-D27FDN2&#039;, ip: &#039;16.116.171.229&#039;, os.name: &#039;Windows 10&#039;, os.arch: &#039;amd64&#039;, os.version: &#039;10.0&#039;, java.version: &#039;1.8.0_291&#039;
Driver info: org.openqa.selenium.support.events.EventFiringWebDriver
Capabilities {acceptInsecureCerts: false, browserName: chrome, browserVersion: 90.0.4430.212, chrome: {chromedriverVersion: 90.0.4430.24 (4c6d850f087da..., userDataDir: C:\Users\user\AppData\Local...}, goog:chromeOptions: {debuggerAddress: localhost:51795}, javascriptEnabled: true, networkConnectionEnabled: false, pageLoadStrategy: normal, platform: WINDOWS, platformName: WINDOWS, proxy: Proxy(), setWindowRect: true, strictFileInteractability: false, timeouts: {implicit: 0, pageLoad: 300000, script: 30000}, unhandledPromptBehavior: dismiss and notify, webauthn:extension:largeBlob: true, webauthn:virtualAuthenticators: true}
Session ID: e1853fdf6bce4671378d9b69e062006c">
      <![CDATA[org.openqa.selenium.TimeoutException: Expected condition failed: waiting for url to be "HomePage1". Current url: "https://stg-app-hpessd.azurewebsites.net/recommendation#" (tried for 1 second(s) with 500 milliseconds interval)
Build info: version: '3.141.59', revision: 'e82be7d358', time: '2018-11-14T08:17:03'
System info: host: 'DESKTOP-D27FDN2', ip: '16.116.171.229', os.name: 'Windows 10', os.arch: 'amd64', os.version: '10.0', java.version: '1.8.0_291'
Driver info: org.openqa.selenium.support.events.EventFiringWebDriver
Capabilities {acceptInsecureCerts: false, browserName: chrome, browserVersion: 90.0.4430.212, chrome: {chromedriverVersion: 90.0.4430.24 (4c6d850f087da..., userDataDir: C:\Users\user\AppData\Local...}, goog:chromeOptions: {debuggerAddress: localhost:51795}, javascriptEnabled: true, networkConnectionEnabled: false, pageLoadStrategy: normal, platform: WINDOWS, platformName: WINDOWS, proxy: Proxy(), setWindowRect: true, strictFileInteractability: false, timeouts: {implicit: 0, pageLoad: 300000, script: 30000}, unhandledPromptBehavior: dismiss and notify, webauthn:extension:largeBlob: true, webauthn:virtualAuthenticators: true}
Session ID: e1853fdf6bce4671378d9b69e062006c
at org.openqa.selenium.support.ui.WebDriverWait.timeoutException(WebDriverWait.java:95)
at org.openqa.selenium.support.ui.FluentWait.until(FluentWait.java:272)
at hpe.NewSSD.SSDVROAll.ToVerifyItRedirectsToHomePage(SSDVROAll.java:640)
at sun.reflect.NativeMethodAccessorImpl.invoke0(Native Method)
at sun.reflect.NativeMethodAccessorImpl.invoke(NativeMethodAccessorImpl.java:62)
at sun.reflect.DelegatingMethodAccessorImpl.invoke(DelegatingMethodAccessorImpl.java:43)
at java.lang.reflect.Method.invoke(Method.java:498)
at org.testng.internal.MethodInvocationHelper.invokeMethod(MethodInvocationHelper.java:135)
at org.testng.internal.TestInvoker.invokeMethod(TestInvoker.java:598)
at org.testng.internal.TestInvoker.invokeTestMethod(TestInvoker.java:174)
at org.testng.internal.MethodRunner.runInSequence(MethodRunner.java:46)
at org.testng.internal.TestInvoker$MethodInvocationAgent.invoke(TestInvoker.java:821)
at org.testng.internal.TestInvoker.invokeTestMethods(TestInvoker.java:147)
at org.testng.internal.TestMethodWorker.invokeTestMethods(TestMethodWorker.java:146)
at org.testng.internal.TestMethodWorker.run(TestMethodWorker.java:128)
at java.util.ArrayList.forEach(ArrayList.java:1259)
at org.testng.TestRunner.privateRun(TestRunner.java:767)
at org.testng.TestRunner.run(TestRunner.java:588)
at org.testng.SuiteRunner.runTest(SuiteRunner.java:384)
at org.testng.SuiteRunner.runSequentially(SuiteRunner.java:378)
at org.testng.SuiteRunner.privateRun(SuiteRunner.java:337)
at org.testng.SuiteRunner.run(SuiteRunner.java:286)
at org.testng.SuiteRunnerWorker.runSuite(SuiteRunnerWorker.java:53)
at org.testng.SuiteRunnerWorker.run(SuiteRunnerWorker.java:96)
at org.testng.TestNG.runSuitesSequentially(TestNG.java:1214)
at org.testng.TestNG.runSuitesLocally(TestNG.java:1136)
at org.testng.TestNG.runSuites(TestNG.java:1066)
at org.testng.TestNG.run(TestNG.java:1034)
at org.testng.remote.AbstractRemoteTestNG.run(AbstractRemoteTestNG.java:115)
at org.testng.remote.RemoteTestNG.initAndRun(RemoteTestNG.java:251)
at org.testng.remote.RemoteTestNG.main(RemoteTestNG.java:77)
]]>
    </error>
  </testcase> <!-- ToVerifyItRedirectsToHomePage -->
  <system-out/>
</testsuite> <!-- hpe.NewSSD.SSDVROAll -->
