<?xml version="1.0" encoding="UTF-8"?>
<!-- Generated by org.testng.reporters.JUnitReportReporter -->
<testsuite skipped="0" hostname="DESKTOP-D27FDN2" name="hpe.NewSSD.SSDResult" tests="14" failures="1" timestamp="2021-05-25T01:29:14 PDT" time="7.601" errors="0">
  <testcase name="ToVerifyResultPageURL" time="0.024" classname="hpe.NewSSD.SSDResult"/>
  <system-out/>
  <testcase name="ToVerifyResultPageRefineResults" time="0.284" classname="hpe.NewSSD.SSDResult"/>
  <system-out/>
  <testcase name="ToVerifyResultPageSSDWorkloadComponents" time="0.555" classname="hpe.NewSSD.SSDResult"/>
  <system-out/>
  <testcase name="ToVerifyResultPageServerTypeDropDown" time="0.738" classname="hpe.NewSSD.SSDResult"/>
  <system-out/>
  <testcase name="ToVerifyCapacitySliderValue" time="0.082" classname="hpe.NewSSD.SSDResult"/>
  <system-out/>
  <testcase name="ToVerifyMaximumCapacitySliderValue" time="0.079" classname="hpe.NewSSD.SSDResult"/>
  <system-out/>
  <testcase name="ToVerifyResultPageSSDInterfaceTypeComponents" time="0.760" classname="hpe.NewSSD.SSDResult"/>
  <system-out/>
  <testcase name="ToVerifyResultPageSSDFormFactorComponents" time="0.400" classname="hpe.NewSSD.SSDResult"/>
  <system-out/>
  <testcase name="ToVerifyResultPageSSDSelectAllOption" time="0.095" classname="hpe.NewSSD.SSDResult"/>
  <system-out/>
  <testcase name="ToVerifyResultPageSSDBestAvailabilityComponents" time="0.172" classname="hpe.NewSSD.SSDResult"/>
  <system-out/>
  <testcase name="ToVerifyResultPageSSDResults" time="0.188" classname="hpe.NewSSD.SSDResult"/>
  <system-out/>
  <testcase name="ToVerifyResultPagelabels" time="0.500" classname="hpe.NewSSD.SSDResult"/>
  <system-out/>
  <testcase name="ToVerifyMessageDisplayedAndExportExcelNotDisplayed" time="1.464" classname="hpe.NewSSD.SSDResult">
    <failure type="java.lang.AssertionError" message="Export CSV Is Not Visible expected [false] but found [true]">
      <![CDATA[java.lang.AssertionError: Export CSV Is Not Visible expected [false] but found [true]
at org.testng.Assert.fail(Assert.java:97)
at org.testng.Assert.failNotEquals(Assert.java:968)
at org.testng.Assert.assertFalse(Assert.java:65)
at hpe.NewSSD.SSDResult.ToVerifyMessageDisplayedAndExportExcelNotDisplayed(SSDResult.java:209)
at sun.reflect.NativeMethodAccessorImpl.invoke0(Native Method)
at sun.reflect.NativeMethodAccessorImpl.invoke(NativeMethodAccessorImpl.java:62)
at sun.reflect.DelegatingMethodAccessorImpl.invoke(DelegatingMethodAccessorImpl.java:43)
at java.lang.reflect.Method.invoke(Method.java:498)
at org.testng.internal.MethodInvocationHelper.invokeMethod(MethodInvocationHelper.java:135)
at org.testng.internal.TestInvoker.invokeMethod(TestInvoker.java:598)
at org.testng.internal.TestInvoker.invokeTestMethod(TestInvoker.java:174)
at org.testng.internal.MethodRunner.runInSequence(MethodRunner.java:46)
at org.testng.internal.TestInvoker$MethodInvocationAgent.invoke(TestInvoker.java:821)
at org.testng.internal.TestInvoker.invokeTestMethods(TestInvoker.java:147)
at org.testng.internal.TestMethodWorker.invokeTestMethods(TestMethodWorker.java:146)
at org.testng.internal.TestMethodWorker.run(TestMethodWorker.java:128)
at java.util.ArrayList.forEach(ArrayList.java:1259)
at org.testng.TestRunner.privateRun(TestRunner.java:767)
at org.testng.TestRunner.run(TestRunner.java:588)
at org.testng.SuiteRunner.runTest(SuiteRunner.java:384)
at org.testng.SuiteRunner.runSequentially(SuiteRunner.java:378)
at org.testng.SuiteRunner.privateRun(SuiteRunner.java:337)
at org.testng.SuiteRunner.run(SuiteRunner.java:286)
at org.testng.SuiteRunnerWorker.runSuite(SuiteRunnerWorker.java:53)
at org.testng.SuiteRunnerWorker.run(SuiteRunnerWorker.java:96)
at org.testng.TestNG.runSuitesSequentially(TestNG.java:1214)
at org.testng.TestNG.runSuitesLocally(TestNG.java:1136)
at org.testng.TestNG.runSuites(TestNG.java:1066)
at org.testng.TestNG.run(TestNG.java:1034)
at org.testng.remote.AbstractRemoteTestNG.run(AbstractRemoteTestNG.java:115)
at org.testng.remote.RemoteTestNG.initAndRun(RemoteTestNG.java:251)
at org.testng.remote.RemoteTestNG.main(RemoteTestNG.java:77)
]]>
    </failure>
  </testcase> <!-- ToVerifyMessageDisplayedAndExportExcelNotDisplayed -->
  <system-out/>
  <testcase name="ToVerifyResultPageClickStartOver" time="2.260" classname="hpe.NewSSD.SSDResult"/>
  <system-out/>
</testsuite> <!-- hpe.NewSSD.SSDResult -->
