<?xml version="1.0" encoding="UTF-8"?>
<!-- Generated by org.testng.reporters.JUnitReportReporter -->
<testsuite skipped="0" hostname="DESKTOP-D27FDN2" name="hpe.NewSSD.IKnowPage" tests="47" failures="1" timestamp="2021-05-31T07:39:20 PDT" time="372.780" errors="1">
  <testcase name="ToVerifyIKnowWhatINeedPageDisplayed" time="29.528" classname="hpe.NewSSD.IKnowPage"/>
  <system-out/>
  <testcase name="ToVerifySSDWorkloadSelected" time="1.338" classname="hpe.NewSSD.IKnowPage"/>
  <system-out/>
  <testcase name="ToVerifySSDInterfaceOptionSelected" time="1.341" classname="hpe.NewSSD.IKnowPage"/>
  <system-out/>
  <testcase name="ToVerifySSDFormFactorOptionSelected" time="1.200" classname="hpe.NewSSD.IKnowPage"/>
  <system-out/>
  <testcase name="ToVerifySSDBestAvailabilityOptionSelected" time="0.503" classname="hpe.NewSSD.IKnowPage"/>
  <system-out/>
  <testcase name="ToVerifySSDCertificationOpionNotSelected" time="0.736" classname="hpe.NewSSD.IKnowPage">
    <failure type="java.lang.AssertionError" message="All Certifications are not Selected expected [false] but found [true]">
      <![CDATA[java.lang.AssertionError: All Certifications are not Selected expected [false] but found [true]
at org.testng.Assert.fail(Assert.java:97)
at org.testng.Assert.failNotEquals(Assert.java:968)
at org.testng.Assert.assertFalse(Assert.java:65)
at hpe.NewSSD.IKnowPage.ToVerifySSDCertificationOpionNotSelected(IKnowPage.java:106)
at sun.reflect.NativeMethodAccessorImpl.invoke0(Native Method)
at sun.reflect.NativeMethodAccessorImpl.invoke(NativeMethodAccessorImpl.java:62)
at sun.reflect.DelegatingMethodAccessorImpl.invoke(DelegatingMethodAccessorImpl.java:43)
at java.lang.reflect.Method.invoke(Method.java:498)
at org.testng.internal.MethodInvocationHelper.invokeMethod(MethodInvocationHelper.java:135)
at org.testng.internal.TestInvoker.invokeMethod(TestInvoker.java:598)
at org.testng.internal.TestInvoker.invokeTestMethod(TestInvoker.java:174)
at org.testng.internal.MethodRunner.runInSequence(MethodRunner.java:46)
at org.testng.internal.TestInvoker$MethodInvocationAgent.invoke(TestInvoker.java:821)
at org.testng.internal.TestInvoker.invokeTestMethods(TestInvoker.java:147)
at org.testng.internal.TestMethodWorker.invokeTestMethods(TestMethodWorker.java:146)
at org.testng.internal.TestMethodWorker.run(TestMethodWorker.java:128)
at java.util.ArrayList.forEach(ArrayList.java:1259)
at org.testng.TestRunner.privateRun(TestRunner.java:767)
at org.testng.TestRunner.run(TestRunner.java:588)
at org.testng.SuiteRunner.runTest(SuiteRunner.java:384)
at org.testng.SuiteRunner.runSequentially(SuiteRunner.java:378)
at org.testng.SuiteRunner.privateRun(SuiteRunner.java:337)
at org.testng.SuiteRunner.run(SuiteRunner.java:286)
at org.testng.SuiteRunnerWorker.runSuite(SuiteRunnerWorker.java:53)
at org.testng.SuiteRunnerWorker.run(SuiteRunnerWorker.java:96)
at org.testng.TestNG.runSuitesSequentially(TestNG.java:1214)
at org.testng.TestNG.runSuitesLocally(TestNG.java:1136)
at org.testng.TestNG.runSuites(TestNG.java:1066)
at org.testng.TestNG.run(TestNG.java:1034)
at org.testng.remote.AbstractRemoteTestNG.run(AbstractRemoteTestNG.java:115)
at org.testng.remote.RemoteTestNG.initAndRun(RemoteTestNG.java:251)
at org.testng.remote.RemoteTestNG.main(RemoteTestNG.java:77)
]]>
    </failure>
  </testcase> <!-- ToVerifySSDCertificationOpionNotSelected -->
  <system-out/>
  <testcase name="ToVerifySSDSelectAllOptionIsSelected" time="0.237" classname="hpe.NewSSD.IKnowPage"/>
  <system-out/>
  <testcase name="ToVerifySSDResults" time="0.488" classname="hpe.NewSSD.IKnowPage"/>
  <system-out/>
  <testcase name="ToVerifySSDServerType" time="1.258" classname="hpe.NewSSD.IKnowPage"/>
  <system-out/>
  <testcase name="ToVerifySSDMouseTipDisplayed" time="1.192" classname="hpe.NewSSD.IKnowPage"/>
  <system-out/>
  <testcase name="ToUnCheckSSDWorkloads" time="21.780" classname="hpe.NewSSD.IKnowPage"/>
  <system-out/>
  <testcase name="ToVerifySSDResultsByDeSelectingBestAvailabilityOptions" time="5.850" classname="hpe.NewSSD.IKnowPage"/>
  <system-out/>
  <testcase name="ToVerifySSDResultBySelectingVROWorkload" time="4.677" classname="hpe.NewSSD.IKnowPage"/>
  <system-out/>
  <testcase name="ToVerifyOnlyVROResults" time="0.117" classname="hpe.NewSSD.IKnowPage"/>
  <system-out/>
  <testcase name="ToVerifySSDResultBySelectingReadIntensiveWorkload" time="16.441" classname="hpe.NewSSD.IKnowPage"/>
  <system-out/>
  <testcase name="ToVerifySSDResultBySelectingMixedUseWorkload" time="18.925" classname="hpe.NewSSD.IKnowPage"/>
  <system-out/>
  <testcase name="ToVerifySSDResultBySelectingWriteIntensive" time="5.437" classname="hpe.NewSSD.IKnowPage"/>
  <system-out/>
  <testcase name="ToDisAbleSSDWorkload" time="7.637" classname="hpe.NewSSD.IKnowPage"/>
  <system-out/>
  <testcase name="ToVerifySSDResultBySelectingInterfaceOptions" time="25.579" classname="hpe.NewSSD.IKnowPage"/>
  <system-out/>
  <testcase name="ToVerifySSDResultsBySelectingSATAVROOption" time="5.145" classname="hpe.NewSSD.IKnowPage"/>
  <system-out/>
  <testcase name="ToVerifySSDResultSBySelectingSATAOption" time="14.087" classname="hpe.NewSSD.IKnowPage"/>
  <system-out/>
  <testcase name="ToVerifySSDResultsBySelectingVALUESAS" time="11.397" classname="hpe.NewSSD.IKnowPage"/>
  <system-out/>
  <testcase name="ToVerifySSDResultsBySelectingSAS" time="15.151" classname="hpe.NewSSD.IKnowPage"/>
  <system-out/>
  <testcase name="ToVerifySSDResultsBySelectingNVMeMainStream" time="14.578" classname="hpe.NewSSD.IKnowPage"/>
  <system-out/>
  <testcase name="ToVerifySSDResultBySelectingNVMeHighPerformance" time="13.968" classname="hpe.NewSSD.IKnowPage"/>
  <system-out/>
  <testcase name="ToDisAbleSSDInterfaceOption" time="6.533" classname="hpe.NewSSD.IKnowPage"/>
  <system-out/>
  <testcase name="ToVerifySSDResultByDeselectingFormFactorOptions" time="10.038" classname="hpe.NewSSD.IKnowPage"/>
  <system-out/>
  <testcase name="ToVerifySSDResultsBySelectingSFFOption" time="23.403" classname="hpe.NewSSD.IKnowPage"/>
  <system-out/>
  <testcase name="ToVerifySSDResultsBySelectingLFFOption" time="24.120" classname="hpe.NewSSD.IKnowPage"/>
  <system-out/>
  <testcase name="ToVerifySSDResultsBySelectingAddInCardOption" time="10.157" classname="hpe.NewSSD.IKnowPage"/>
  <system-out/>
  <testcase name="ToVerifySSDResultsBySelectingM2Option" time="12.802" classname="hpe.NewSSD.IKnowPage"/>
  <system-out/>
  <testcase name="ToVerifySSDResultsBySelectingM2EKitOption" time="11.909" classname="hpe.NewSSD.IKnowPage"/>
  <system-out/>
  <testcase name="ToDisableFormFactorOptions" time="7.423" classname="hpe.NewSSD.IKnowPage"/>
  <system-out/>
  <testcase name="ToVerifyDownloadExcelFile" time="1.437" classname="hpe.NewSSD.IKnowPage"/>
  <system-out/>
  <testcase name="ToVerifySSDResultsByChangingSliders" time="17.555" classname="hpe.NewSSD.IKnowPage"/>
  <system-out/>
  <testcase name="ToVerifyCapacitySliderToolTipValue" time="0.366" classname="hpe.NewSSD.IKnowPage"/>
  <system-out/>
  <testcase name="ToVerifyDownloadExcelFileAfterSlidling" time="1.479" classname="hpe.NewSSD.IKnowPage"/>
  <system-out/>
  <testcase name="ToVerifySSDResultsBySelectingMainStreamOption" time="5.909" classname="hpe.NewSSD.IKnowPage">
    <error type="org.openqa.selenium.TimeoutException" message="Expected condition failed: waiting for text (&#039;175 -  SSDs meet your requirements&#039;) to be present in element [[ChromeDriver: chrome on WINDOWS (5e3b37944d35198d992f06fcd88730ea)] -&gt; xpath: //*[@id=&quot;panel-ggroup3&quot;]/div/div[1]/h4/a/span] (tried for 2 second(s) with 500 milliseconds interval)
Build info: version: &#039;3.141.59&#039;, revision: &#039;e82be7d358&#039;, time: &#039;2018-11-14T08:17:03&#039;
System info: host: &#039;DESKTOP-D27FDN2&#039;, ip: &#039;192.168.43.199&#039;, os.name: &#039;Windows 10&#039;, os.arch: &#039;amd64&#039;, os.version: &#039;10.0&#039;, java.version: &#039;1.8.0_291&#039;
Driver info: org.openqa.selenium.support.events.EventFiringWebDriver
Capabilities {acceptInsecureCerts: false, browserName: chrome, browserVersion: 90.0.4430.212, chrome: {chromedriverVersion: 90.0.4430.24 (4c6d850f087da..., userDataDir: C:\Users\user\AppData\Local...}, goog:chromeOptions: {debuggerAddress: localhost:59513}, javascriptEnabled: true, networkConnectionEnabled: false, pageLoadStrategy: normal, platform: WINDOWS, platformName: WINDOWS, proxy: Proxy(), setWindowRect: true, strictFileInteractability: false, timeouts: {implicit: 0, pageLoad: 300000, script: 30000}, unhandledPromptBehavior: dismiss and notify, webauthn:extension:largeBlob: true, webauthn:virtualAuthenticators: true}
Session ID: 5e3b37944d35198d992f06fcd88730ea">
      <![CDATA[org.openqa.selenium.TimeoutException: Expected condition failed: waiting for text ('175 -  SSDs meet your requirements') to be present in element [[ChromeDriver: chrome on WINDOWS (5e3b37944d35198d992f06fcd88730ea)] -> xpath: //*[@id="panel-ggroup3"]/div/div[1]/h4/a/span] (tried for 2 second(s) with 500 milliseconds interval)
Build info: version: '3.141.59', revision: 'e82be7d358', time: '2018-11-14T08:17:03'
System info: host: 'DESKTOP-D27FDN2', ip: '192.168.43.199', os.name: 'Windows 10', os.arch: 'amd64', os.version: '10.0', java.version: '1.8.0_291'
Driver info: org.openqa.selenium.support.events.EventFiringWebDriver
Capabilities {acceptInsecureCerts: false, browserName: chrome, browserVersion: 90.0.4430.212, chrome: {chromedriverVersion: 90.0.4430.24 (4c6d850f087da..., userDataDir: C:\Users\user\AppData\Local...}, goog:chromeOptions: {debuggerAddress: localhost:59513}, javascriptEnabled: true, networkConnectionEnabled: false, pageLoadStrategy: normal, platform: WINDOWS, platformName: WINDOWS, proxy: Proxy(), setWindowRect: true, strictFileInteractability: false, timeouts: {implicit: 0, pageLoad: 300000, script: 30000}, unhandledPromptBehavior: dismiss and notify, webauthn:extension:largeBlob: true, webauthn:virtualAuthenticators: true}
Session ID: 5e3b37944d35198d992f06fcd88730ea
at org.openqa.selenium.support.ui.WebDriverWait.timeoutException(WebDriverWait.java:95)
at org.openqa.selenium.support.ui.FluentWait.until(FluentWait.java:272)
at hpe.NewSSD.IKnowPage.ToVerifySSDResultsBySelectingMainStreamOption(IKnowPage.java:1386)
at sun.reflect.NativeMethodAccessorImpl.invoke0(Native Method)
at sun.reflect.NativeMethodAccessorImpl.invoke(NativeMethodAccessorImpl.java:62)
at sun.reflect.DelegatingMethodAccessorImpl.invoke(DelegatingMethodAccessorImpl.java:43)
at java.lang.reflect.Method.invoke(Method.java:498)
at org.testng.internal.MethodInvocationHelper.invokeMethod(MethodInvocationHelper.java:135)
at org.testng.internal.TestInvoker.invokeMethod(TestInvoker.java:598)
at org.testng.internal.TestInvoker.invokeTestMethod(TestInvoker.java:174)
at org.testng.internal.MethodRunner.runInSequence(MethodRunner.java:46)
at org.testng.internal.TestInvoker$MethodInvocationAgent.invoke(TestInvoker.java:821)
at org.testng.internal.TestInvoker.invokeTestMethods(TestInvoker.java:147)
at org.testng.internal.TestMethodWorker.invokeTestMethods(TestMethodWorker.java:146)
at org.testng.internal.TestMethodWorker.run(TestMethodWorker.java:128)
at java.util.ArrayList.forEach(ArrayList.java:1259)
at org.testng.TestRunner.privateRun(TestRunner.java:767)
at org.testng.TestRunner.run(TestRunner.java:588)
at org.testng.SuiteRunner.runTest(SuiteRunner.java:384)
at org.testng.SuiteRunner.runSequentially(SuiteRunner.java:378)
at org.testng.SuiteRunner.privateRun(SuiteRunner.java:337)
at org.testng.SuiteRunner.run(SuiteRunner.java:286)
at org.testng.SuiteRunnerWorker.runSuite(SuiteRunnerWorker.java:53)
at org.testng.SuiteRunnerWorker.run(SuiteRunnerWorker.java:96)
at org.testng.TestNG.runSuitesSequentially(TestNG.java:1214)
at org.testng.TestNG.runSuitesLocally(TestNG.java:1136)
at org.testng.TestNG.runSuites(TestNG.java:1066)
at org.testng.TestNG.run(TestNG.java:1034)
at org.testng.remote.AbstractRemoteTestNG.run(AbstractRemoteTestNG.java:115)
at org.testng.remote.RemoteTestNG.initAndRun(RemoteTestNG.java:251)
at org.testng.remote.RemoteTestNG.main(RemoteTestNG.java:77)
]]>
    </error>
  </testcase> <!-- ToVerifySSDResultsBySelectingMainStreamOption -->
  <system-out/>
  <testcase name="ToVerifyAlertMessageDisplayed" time="1.158" classname="hpe.NewSSD.IKnowPage"/>
  <system-out/>
  <testcase name="ToVerifySSDsResultsOnClickNOInResetAlertMessage" time="9.364" classname="hpe.NewSSD.IKnowPage"/>
  <system-out/>
  <testcase name="ToVerifySSDsResultsOnClickYESInResetAlertMessage" time="3.713" classname="hpe.NewSSD.IKnowPage"/>
  <system-out/>
  <testcase name="ToVerifyCapacityValueAfterReset" time="0.482" classname="hpe.NewSSD.IKnowPage"/>
  <system-out/>
  <testcase name="ToVerifySSDImageDisplayed" time="0.715" classname="hpe.NewSSD.IKnowPage"/>
  <system-out/>
  <testcase name="ToVerifyValidSearchSKUNumber" time="1.775" classname="hpe.NewSSD.IKnowPage"/>
  <system-out/>
  <testcase name="ToVerifySSDsResultsAfterClearingSearchTab" time="2.181" classname="hpe.NewSSD.IKnowPage"/>
  <system-out/>
  <testcase name="ToVerifyAlertMessageDisplayedInValidSearch" time="1.488" classname="hpe.NewSSD.IKnowPage"/>
  <system-out/>
  <testcase name="ToVerifyMessageDisplayedInRedColor" time="0.183" classname="hpe.NewSSD.IKnowPage"/>
  <system-out/>
</testsuite> <!-- hpe.NewSSD.IKnowPage -->
