<?xml version="1.0" encoding="UTF-8"?>
<!-- Generated by org.testng.reporters.JUnitReportReporter -->
<testsuite skipped="0" hostname="DESKTOP-D27FDN2" name="hpe.NewSSD.SSDWriteAll" tests="48" failures="1" timestamp="2021-05-23T06:31:14 PDT" time="93.944" errors="1">
  <testcase name="ToVerifyHomepage" time="10.662" classname="hpe.NewSSD.SSDWriteAll"/>
  <system-out/>
  <testcase name="ToVerifyHomePageLabels" time="0.256" classname="hpe.NewSSD.SSDWriteAll"/>
  <system-out/>
  <testcase name="ToVerifyHomePagePDFFilesOpen" time="3.650" classname="hpe.NewSSD.SSDWriteAll"/>
  <system-out/>
  <testcase name="ToVerifyWorkloadURL" time="0.011" classname="hpe.NewSSD.SSDWriteAll"/>
  <system-out/>
  <testcase name="ToVerifyDisplayOfWorkloads" time="0.144" classname="hpe.NewSSD.SSDWriteAll"/>
  <system-out/>
  <testcase name="ToVerifyWorkloadPageComponents" time="0.323" classname="hpe.NewSSD.SSDWriteAll"/>
  <system-out/>
  <testcase name="ToVerifyToSelectMixedWorkloads" time="0.495" classname="hpe.NewSSD.SSDWriteAll"/>
  <system-out/>
  <testcase name="ToVerifyToOpenPDFFile" time="0.593" classname="hpe.NewSSD.SSDWriteAll"/>
  <system-out/>
  <testcase name="ToVerifyWorkloadBackBtn" time="3.365" classname="hpe.NewSSD.SSDWriteAll"/>
  <system-out/>
  <testcase name="ToVerifyToSelectWriteIntensive" time="2.931" classname="hpe.NewSSD.SSDWriteAll"/>
  <system-out/>
  <testcase name="ToVerifySSDPageDisplayed" time="0.025" classname="hpe.NewSSD.SSDWriteAll"/>
  <system-out/>
  <testcase name="ToVerifySSDTypeIsSelected" time="0.031" classname="hpe.NewSSD.SSDWriteAll"/>
  <system-out/>
  <testcase name="ToVerifyWriteIntensiveSelected" time="6.355" classname="hpe.NewSSD.SSDWriteAll"/>
  <system-out/>
  <testcase name="ToVerifyServerTypePageDisplayed" time="0.027" classname="hpe.NewSSD.SSDWriteAll"/>
  <system-out/>
  <testcase name="ToVerifyServerTypeMenuBar" time="0.042" classname="hpe.NewSSD.SSDWriteAll"/>
  <system-out/>
  <testcase name="ToVerifyServerPageLabels" time="0.176" classname="hpe.NewSSD.SSDWriteAll"/>
  <system-out/>
  <testcase name="ToVerifyServerTypeServerModel" time="12.024" classname="hpe.NewSSD.SSDWriteAll"/>
  <system-out/>
  <testcase name="ToSelectServerTypeServerModel" time="0.269" classname="hpe.NewSSD.SSDWriteAll"/>
  <system-out/>
  <testcase name="ToVerifyCapacityAlert" time="1.254" classname="hpe.NewSSD.SSDWriteAll"/>
  <system-out/>
  <testcase name="ToMaximumPtToMiddlePt" time="0.618" classname="hpe.NewSSD.SSDWriteAll"/>
  <system-out/>
  <testcase name="ToVerifyInterfacePage" time="3.821" classname="hpe.NewSSD.SSDWriteAll"/>
  <system-out/>
  <testcase name="ToVerifySSDValues" time="1.589" classname="hpe.NewSSD.SSDWriteAll"/>
  <system-out/>
  <testcase name="ToVerifyInterfaceLabels" time="2.054" classname="hpe.NewSSD.SSDWriteAll"/>
  <system-out/>
  <testcase name="ToEditInterfaceOptions" time="2.428" classname="hpe.NewSSD.SSDWriteAll"/>
  <system-out/>
  <testcase name="ToVerifyEditedOptionsRetained" time="3.711" classname="hpe.NewSSD.SSDWriteAll"/>
  <system-out/>
  <testcase name="ToVerifyFormFactorPage" time="0.011" classname="hpe.NewSSD.SSDWriteAll"/>
  <system-out/>
  <testcase name="ToVerifyFormFactorOptions" time="0.065" classname="hpe.NewSSD.SSDWriteAll">
    <failure type="java.lang.AssertionError" message="Select All Option Is Selected In FormFactor Page expected [true] but found [false]">
      <![CDATA[java.lang.AssertionError: Select All Option Is Selected In FormFactor Page expected [true] but found [false]
at org.testng.Assert.fail(Assert.java:97)
at org.testng.Assert.failNotEquals(Assert.java:968)
at org.testng.Assert.assertTrue(Assert.java:43)
at hpe.NewSSD.SSDWriteAll.ToVerifyFormFactorOptions(SSDWriteAll.java:332)
at sun.reflect.NativeMethodAccessorImpl.invoke0(Native Method)
at sun.reflect.NativeMethodAccessorImpl.invoke(NativeMethodAccessorImpl.java:62)
at sun.reflect.DelegatingMethodAccessorImpl.invoke(DelegatingMethodAccessorImpl.java:43)
at java.lang.reflect.Method.invoke(Method.java:498)
at org.testng.internal.MethodInvocationHelper.invokeMethod(MethodInvocationHelper.java:135)
at org.testng.internal.TestInvoker.invokeMethod(TestInvoker.java:598)
at org.testng.internal.TestInvoker.invokeTestMethod(TestInvoker.java:174)
at org.testng.internal.MethodRunner.runInSequence(MethodRunner.java:46)
at org.testng.internal.TestInvoker$MethodInvocationAgent.invoke(TestInvoker.java:821)
at org.testng.internal.TestInvoker.invokeTestMethods(TestInvoker.java:147)
at org.testng.internal.TestMethodWorker.invokeTestMethods(TestMethodWorker.java:146)
at org.testng.internal.TestMethodWorker.run(TestMethodWorker.java:128)
at java.util.ArrayList.forEach(ArrayList.java:1259)
at org.testng.TestRunner.privateRun(TestRunner.java:767)
at org.testng.TestRunner.run(TestRunner.java:588)
at org.testng.SuiteRunner.runTest(SuiteRunner.java:384)
at org.testng.SuiteRunner.runSequentially(SuiteRunner.java:378)
at org.testng.SuiteRunner.privateRun(SuiteRunner.java:337)
at org.testng.SuiteRunner.run(SuiteRunner.java:286)
at org.testng.SuiteRunnerWorker.runSuite(SuiteRunnerWorker.java:53)
at org.testng.SuiteRunnerWorker.run(SuiteRunnerWorker.java:96)
at org.testng.TestNG.runSuitesSequentially(TestNG.java:1214)
at org.testng.TestNG.runSuitesLocally(TestNG.java:1136)
at org.testng.TestNG.runSuites(TestNG.java:1066)
at org.testng.TestNG.run(TestNG.java:1034)
at org.testng.remote.AbstractRemoteTestNG.run(AbstractRemoteTestNG.java:115)
at org.testng.remote.RemoteTestNG.initAndRun(RemoteTestNG.java:251)
at org.testng.remote.RemoteTestNG.main(RemoteTestNG.java:77)
]]>
    </failure>
  </testcase> <!-- ToVerifyFormFactorOptions -->
  <system-out/>
  <testcase name="ToEditFormFactionOptions" time="1.662" classname="hpe.NewSSD.SSDWriteAll"/>
  <system-out/>
  <testcase name="ToVerifyEditedOptionRetained" time="3.383" classname="hpe.NewSSD.SSDWriteAll"/>
  <system-out/>
  <testcase name="ToVerifyBestAvailabilityPageDisplayed" time="0.049" classname="hpe.NewSSD.SSDWriteAll"/>
  <system-out/>
  <testcase name="ToVerifyToEditSelectedOption" time="4.403" classname="hpe.NewSSD.SSDWriteAll"/>
  <system-out/>
  <testcase name="ToVerifyResultPageDisplayed" time="0.021" classname="hpe.NewSSD.SSDWriteAll"/>
  <system-out/>
  <testcase name="ToVerifyWorkloadSelectedOptionDisplayed" time="0.036" classname="hpe.NewSSD.SSDWriteAll"/>
  <system-out/>
  <testcase name="ToVerifySelectedInterfaceOptionsDisplayed" time="0.059" classname="hpe.NewSSD.SSDWriteAll"/>
  <system-out/>
  <testcase name="ToVerifySelectedFormFactorDisplayed" time="0.063" classname="hpe.NewSSD.SSDWriteAll"/>
  <system-out/>
  <testcase name="ToVerifySelectedCatergoryDisplayed" time="0.063" classname="hpe.NewSSD.SSDWriteAll"/>
  <system-out/>
  <testcase name="ToVerifySelectedServerTypeDisplayed" time="0.380" classname="hpe.NewSSD.SSDWriteAll"/>
  <system-out/>
  <testcase name="ToVerifySliderLables" time="0.295" classname="hpe.NewSSD.SSDWriteAll"/>
  <system-out/>
  <testcase name="ToVerifySSDResultsDisplayedBasedOnServerType" time="0.097" classname="hpe.NewSSD.SSDWriteAll"/>
  <system-out/>
  <testcase name="ToVerifyDownloadExportCSVFile" time="1.134" classname="hpe.NewSSD.SSDWriteAll"/>
  <system-out/>
  <testcase name="ToVerifyDownloadExportExcelFile" time="1.153" classname="hpe.NewSSD.SSDWriteAll"/>
  <system-out/>
  <testcase name="ToVerifySSDsUponSelectingServerTypeToPleaseSelectServerType" time="0.677" classname="hpe.NewSSD.SSDWriteAll"/>
  <system-out/>
  <testcase name="ToVerifyAllWriteIntensiveSSDsDisplayedOnSelectServerType" time="0.757" classname="hpe.NewSSD.SSDWriteAll"/>
  <system-out/>
  <testcase name="ToVerifyOnlyWriteIntensiveSSDsDisplayed" time="0.001" classname="hpe.NewSSD.SSDWriteAll"/>
  <system-out/>
  <testcase name="ToVerifyShoweMoreLink" time="0.118" classname="hpe.NewSSD.SSDWriteAll"/>
  <system-out/>
  <testcase name="ToVerifyDownloadPDFFileIndividualSSDs" time="2.229" classname="hpe.NewSSD.SSDWriteAll"/>
  <system-out/>
  <testcase name="ToVerifyDownloadIndividualExportExcelFile" time="20.232" classname="hpe.NewSSD.SSDWriteAll">
    <error type="org.openqa.selenium.NoSuchElementException" message="no such element: Unable to locate element: {&quot;method&quot;:&quot;xpath&quot;,&quot;selector&quot;:&quot;//img[@id=&#039;download_22&#039;]&quot;}
  (Session info: chrome=90.0.4430.212)
For documentation on this error, please visit: https://www.seleniumhq.org/exceptions/no_such_element.html
Build info: version: &#039;3.141.59&#039;, revision: &#039;e82be7d358&#039;, time: &#039;2018-11-14T08:17:03&#039;
System info: host: &#039;DESKTOP-D27FDN2&#039;, ip: &#039;16.214.227.112&#039;, os.name: &#039;Windows 10&#039;, os.arch: &#039;amd64&#039;, os.version: &#039;10.0&#039;, java.version: &#039;1.8.0_291&#039;
Driver info: org.openqa.selenium.chrome.ChromeDriver
Capabilities {acceptInsecureCerts: false, browserName: chrome, browserVersion: 90.0.4430.212, chrome: {chromedriverVersion: 90.0.4430.24 (4c6d850f087da..., userDataDir: C:\Users\user\AppData\Local...}, goog:chromeOptions: {debuggerAddress: localhost:49429}, javascriptEnabled: true, networkConnectionEnabled: false, pageLoadStrategy: normal, platform: WINDOWS, platformName: WINDOWS, proxy: Proxy(), setWindowRect: true, strictFileInteractability: false, timeouts: {implicit: 0, pageLoad: 300000, script: 30000}, unhandledPromptBehavior: dismiss and notify, webauthn:extension:largeBlob: true, webauthn:virtualAuthenticators: true}
Session ID: 945405dc62d8ed5575b68599726a930d
*** Element info: {Using=xpath, value=//img[@id=&#039;download_22&#039;]}">
      <![CDATA[org.openqa.selenium.NoSuchElementException: no such element: Unable to locate element: {"method":"xpath","selector":"//img[@id='download_22']"}
  (Session info: chrome=90.0.4430.212)
For documentation on this error, please visit: https://www.seleniumhq.org/exceptions/no_such_element.html
Build info: version: '3.141.59', revision: 'e82be7d358', time: '2018-11-14T08:17:03'
System info: host: 'DESKTOP-D27FDN2', ip: '16.214.227.112', os.name: 'Windows 10', os.arch: 'amd64', os.version: '10.0', java.version: '1.8.0_291'
Driver info: org.openqa.selenium.chrome.ChromeDriver
Capabilities {acceptInsecureCerts: false, browserName: chrome, browserVersion: 90.0.4430.212, chrome: {chromedriverVersion: 90.0.4430.24 (4c6d850f087da..., userDataDir: C:\Users\user\AppData\Local...}, goog:chromeOptions: {debuggerAddress: localhost:49429}, javascriptEnabled: true, networkConnectionEnabled: false, pageLoadStrategy: normal, platform: WINDOWS, platformName: WINDOWS, proxy: Proxy(), setWindowRect: true, strictFileInteractability: false, timeouts: {implicit: 0, pageLoad: 300000, script: 30000}, unhandledPromptBehavior: dismiss and notify, webauthn:extension:largeBlob: true, webauthn:virtualAuthenticators: true}
Session ID: 945405dc62d8ed5575b68599726a930d
*** Element info: {Using=xpath, value=//img[@id='download_22']}
at sun.reflect.NativeConstructorAccessorImpl.newInstance0(Native Method)
at sun.reflect.NativeConstructorAccessorImpl.newInstance(NativeConstructorAccessorImpl.java:62)
at sun.reflect.DelegatingConstructorAccessorImpl.newInstance(DelegatingConstructorAccessorImpl.java:45)
at java.lang.reflect.Constructor.newInstance(Constructor.java:423)
at org.openqa.selenium.remote.http.W3CHttpResponseCodec.createException(W3CHttpResponseCodec.java:187)
at org.openqa.selenium.remote.http.W3CHttpResponseCodec.decode(W3CHttpResponseCodec.java:122)
at org.openqa.selenium.remote.http.W3CHttpResponseCodec.decode(W3CHttpResponseCodec.java:49)
at org.openqa.selenium.remote.HttpCommandExecutor.execute(HttpCommandExecutor.java:158)
at org.openqa.selenium.remote.service.DriverCommandExecutor.execute(DriverCommandExecutor.java:83)
at org.openqa.selenium.remote.RemoteWebDriver.execute(RemoteWebDriver.java:552)
at org.openqa.selenium.remote.RemoteWebDriver.findElement(RemoteWebDriver.java:323)
at org.openqa.selenium.remote.RemoteWebDriver.findElementByXPath(RemoteWebDriver.java:428)
at org.openqa.selenium.By$ByXPath.findElement(By.java:353)
at org.openqa.selenium.remote.RemoteWebDriver.findElement(RemoteWebDriver.java:315)
at sun.reflect.GeneratedMethodAccessor1.invoke(Unknown Source)
at sun.reflect.DelegatingMethodAccessorImpl.invoke(DelegatingMethodAccessorImpl.java:43)
at java.lang.reflect.Method.invoke(Method.java:498)
at org.openqa.selenium.support.events.EventFiringWebDriver.lambda$new$1(EventFiringWebDriver.java:105)
at com.sun.proxy.$Proxy9.findElement(Unknown Source)
at org.openqa.selenium.support.events.EventFiringWebDriver.findElement(EventFiringWebDriver.java:194)
at org.openqa.selenium.support.pagefactory.DefaultElementLocator.findElement(DefaultElementLocator.java:69)
at org.openqa.selenium.support.pagefactory.internal.LocatingElementHandler.invoke(LocatingElementHandler.java:38)
at com.sun.proxy.$Proxy13.click(Unknown Source)
at hpessdPageObjects.SSDResultPage.DownloadIndividualExcelFile(SSDResultPage.java:1120)
at hpe.NewSSD.SSDWriteAll.ToVerifyDownloadIndividualExportExcelFile(SSDWriteAll.java:562)
at sun.reflect.NativeMethodAccessorImpl.invoke0(Native Method)
at sun.reflect.NativeMethodAccessorImpl.invoke(NativeMethodAccessorImpl.java:62)
at sun.reflect.DelegatingMethodAccessorImpl.invoke(DelegatingMethodAccessorImpl.java:43)
at java.lang.reflect.Method.invoke(Method.java:498)
at org.testng.internal.MethodInvocationHelper.invokeMethod(MethodInvocationHelper.java:135)
at org.testng.internal.TestInvoker.invokeMethod(TestInvoker.java:598)
at org.testng.internal.TestInvoker.invokeTestMethod(TestInvoker.java:174)
at org.testng.internal.MethodRunner.runInSequence(MethodRunner.java:46)
at org.testng.internal.TestInvoker$MethodInvocationAgent.invoke(TestInvoker.java:821)
at org.testng.internal.TestInvoker.invokeTestMethods(TestInvoker.java:147)
at org.testng.internal.TestMethodWorker.invokeTestMethods(TestMethodWorker.java:146)
at org.testng.internal.TestMethodWorker.run(TestMethodWorker.java:128)
at java.util.ArrayList.forEach(ArrayList.java:1259)
at org.testng.TestRunner.privateRun(TestRunner.java:767)
at org.testng.TestRunner.run(TestRunner.java:588)
at org.testng.SuiteRunner.runTest(SuiteRunner.java:384)
at org.testng.SuiteRunner.runSequentially(SuiteRunner.java:378)
at org.testng.SuiteRunner.privateRun(SuiteRunner.java:337)
at org.testng.SuiteRunner.run(SuiteRunner.java:286)
at org.testng.SuiteRunnerWorker.runSuite(SuiteRunnerWorker.java:53)
at org.testng.SuiteRunnerWorker.run(SuiteRunnerWorker.java:96)
at org.testng.TestNG.runSuitesSequentially(TestNG.java:1214)
at org.testng.TestNG.runSuitesLocally(TestNG.java:1136)
at org.testng.TestNG.runSuites(TestNG.java:1066)
at org.testng.TestNG.run(TestNG.java:1034)
at org.testng.remote.AbstractRemoteTestNG.run(AbstractRemoteTestNG.java:115)
at org.testng.remote.RemoteTestNG.initAndRun(RemoteTestNG.java:251)
at org.testng.remote.RemoteTestNG.main(RemoteTestNG.java:77)
]]>
    </error>
  </testcase> <!-- ToVerifyDownloadIndividualExportExcelFile -->
  <system-out/>
  <testcase name="ToVerifyPriceLink" time="0.202" classname="hpe.NewSSD.SSDWriteAll"/>
  <system-out/>
</testsuite> <!-- hpe.NewSSD.SSDWriteAll -->
