<?xml version="1.0" encoding="UTF-8"?>
<!-- Generated by org.testng.reporters.JUnitXMLReporter -->
<testsuite ignored="0" hostname="DESKTOP-D27FDN2" failures="1" tests="43" name="Automation Test Suite for Read Intensive - Workload" time="119.547" errors="0" timestamp="2021-04-08T04:30:33 GMT-07:00">
  <testcase classname="hpe.NewSSD.SSDReadAll" name="ToVerifyHomepage" time="17.521"/>
  <testcase classname="hpe.NewSSD.SSDReadAll" name="ToVerifyHomePageLabels" time="0.287"/>
  <testcase classname="hpe.NewSSD.SSDReadAll" name="ToVerifyHomePagePDFFilesOpen" time="4.151"/>
  <testcase classname="hpe.NewSSD.SSDReadAll" name="ToVerifyWorkloadURL" time="0.02"/>
  <testcase classname="hpe.NewSSD.SSDReadAll" name="ToVerifyDisplayOfWorkloads" time="0.074"/>
  <testcase classname="hpe.NewSSD.SSDReadAll" name="ToVerifyWorkloadPageComponents" time="0.276"/>
  <testcase classname="hpe.NewSSD.SSDReadAll" name="ToVerifyToSelectReadIntensiveWorkload" time="0.34"/>
  <testcase classname="hpe.NewSSD.SSDReadAll" name="ToVerifyToOpenPDFFile" time="0.579"/>
  <testcase classname="hpe.NewSSD.SSDReadAll" name="ToVerifyWorkloadBackBtn" time="3.181"/>
  <testcase classname="hpe.NewSSD.SSDReadAll" name="ToVerifyToSelectReadIntensive" time="2.939"/>
  <testcase classname="hpe.NewSSD.SSDReadAll" name="ToVerifySSDPageDisplayed" time="0.015"/>
  <testcase classname="hpe.NewSSD.SSDReadAll" name="ToVerifySSDTypeIsSelected" time="0.043"/>
  <testcase classname="hpe.NewSSD.SSDReadAll" name="ToVerifyReadIntensiveSelected" time="9.25"/>
  <testcase classname="hpe.NewSSD.SSDReadAll" name="ToVerifyServerTypePageDisplayed" time="0.017"/>
  <testcase classname="hpe.NewSSD.SSDReadAll" name="ToVerifyServerTypeMenuBar" time="0.034"/>
  <testcase classname="hpe.NewSSD.SSDReadAll" name="ToVerifyServerPageLabels" time="0.075"/>
  <testcase classname="hpe.NewSSD.SSDReadAll" name="ToVerifyServerTypeServerModel" time="9.606"/>
  <testcase classname="hpe.NewSSD.SSDReadAll" name="ToSelectServerTypeServerModel" time="0.561"/>
  <testcase classname="hpe.NewSSD.SSDReadAll" name="ToVerifyCapacityAlert" time="1.104"/>
  <testcase classname="hpe.NewSSD.SSDReadAll" name="ToMaximumPtToMiddlePt" time="0.734"/>
  <testcase classname="hpe.NewSSD.SSDReadAll" name="ToVerifyInterfacePage" time="3.808"/>
  <testcase classname="hpe.NewSSD.SSDReadAll" name="ToVerifySSDValues" time="0.896"/>
  <testcase classname="hpe.NewSSD.SSDReadAll" name="ToVerifyInterfaceLabels" time="1.739"/>
  <testcase classname="hpe.NewSSD.SSDReadAll" name="ToEditInterfaceOptions" time="2.537"/>
  <testcase classname="hpe.NewSSD.SSDReadAll" name="ToVerifyEditedOptionsRetained" time="3.923"/>
  <testcase classname="hpe.NewSSD.SSDReadAll" name="ToVerifyFormFactorPage" time="0.014"/>
  <testcase classname="hpe.NewSSD.SSDReadAll" name="ToVerifyFormFactorOptions" time="0.061"/>
  <testcase classname="hpe.NewSSD.SSDReadAll" name="ToEditFormFactionOptions" time="2.523"/>
  <testcase classname="hpe.NewSSD.SSDReadAll" name="ToVerifyEditedOptionRetained" time="3.16"/>
  <testcase classname="hpe.NewSSD.SSDReadAll" name="ToVerifyBestAvailabilityPageDisplayed" time="0.041"/>
  <testcase classname="hpe.NewSSD.SSDReadAll" name="ToVerifyToEditSelectedOption" time="12.693"/>
  <testcase classname="hpe.NewSSD.SSDReadAll" name="ToVerifyResultPageDisplayed" time="0.026"/>
  <testcase classname="hpe.NewSSD.SSDReadAll" name="ToVerifyWorkloadSelectedOptionDisplayed" time="0.068"/>
  <testcase classname="hpe.NewSSD.SSDReadAll" name="ToVerifySelectedInterfaceOptionsDisplayed" time="0.223"/>
  <testcase classname="hpe.NewSSD.SSDReadAll" name="ToVerifySelectedFormFactorDisplayed" time="0.121"/>
  <testcase classname="hpe.NewSSD.SSDReadAll" name="ToVerifySelectedCatergoryDisplayed" time="0.101"/>
  <testcase classname="hpe.NewSSD.SSDReadAll" name="ToVerifySelectedServerTypeDisplayed" time="0.319"/>
  <testcase classname="hpe.NewSSD.SSDReadAll" name="ToVerifySliderLables" time="0.206"/>
  <testcase classname="hpe.NewSSD.SSDReadAll" name="ToVerifySSDResultsDisplayedBasedOnServerType" time="0.185"/>
  <testcase classname="hpe.NewSSD.SSDReadAll" name="ToVerifyDownloadExportCSVFile" time="1.145"/>
  <testcase classname="hpe.NewSSD.SSDReadAll" name="ToVerifyDownloadExportExcelFile" time="1.857"/>
  <testcase classname="hpe.NewSSD.SSDReadAll" name="ToVerifySSDsUponSelectingServerTypeToPleaseSelectServerType" time="0.339"/>
  <testcase classname="hpe.NewSSD.SSDReadAll" name="ToVerifyAllReadSSDsDisplayedOnSelectServerType" time="10.783">
    <failure type="org.openqa.selenium.TimeoutException" message="Expected condition failed: waiting for text (&amp;apos;139 -  SSDs meet your requirements&amp;apos;) to be present in element [[ChromeDriver: chrome on WINDOWS (ffd7e4dafb18b44774456c2f045792ce)] -&amp;gt; partial link text:  -  SSDs meet your requirements] (tried for 10 second(s) with 500 milliseconds interval)
Build info: version: &amp;apos;3.141.59&amp;apos;, revision: &amp;apos;e82be7d358&amp;apos;, time: &amp;apos;2018-11-14T08:17:03&amp;apos;
System info: host: &amp;apos;DESKTOP-D27FDN2&amp;apos;, ip: &amp;apos;16.116.144.136&amp;apos;, os.name: &amp;apos;Windows 10&amp;apos;, os.arch: &amp;apos;amd64&amp;apos;, os.version: &amp;apos;10.0&amp;apos;, java.version: &amp;apos;14.0.2&amp;apos;
Driver info: org.openqa.selenium.support.events.EventFiringWebDriver
Capabilities {acceptInsecureCerts: false, browserName: chrome, browserVersion: 89.0.4389.114, chrome: {chromedriverVersion: 88.0.4324.96 (68dba2d8a0b14..., userDataDir: C:\Users\user\AppData\Local...}, goog:chromeOptions: {debuggerAddress: localhost:60290}, javascriptEnabled: true, networkConnectionEnabled: false, pageLoadStrategy: normal, platform: WINDOWS, platformName: WINDOWS, proxy: Proxy(), setWindowRect: true, strictFileInteractability: false, timeouts: {implicit: 0, pageLoad: 300000, script: 30000}, unhandledPromptBehavior: dismiss and notify, webauthn:extension:largeBlob: true, webauthn:virtualAuthenticators: true}
Session ID: ffd7e4dafb18b44774456c2f045792ce">
      <![CDATA[org.openqa.selenium.TimeoutException: Expected condition failed: waiting for text ('139 -  SSDs meet your requirements') to be present in element [[ChromeDriver: chrome on WINDOWS (ffd7e4dafb18b44774456c2f045792ce)] -> partial link text:  -  SSDs meet your requirements] (tried for 10 second(s) with 500 milliseconds interval)
Build info: version: '3.141.59', revision: 'e82be7d358', time: '2018-11-14T08:17:03'
System info: host: 'DESKTOP-D27FDN2', ip: '16.116.144.136', os.name: 'Windows 10', os.arch: 'amd64', os.version: '10.0', java.version: '14.0.2'
Driver info: org.openqa.selenium.support.events.EventFiringWebDriver
Capabilities {acceptInsecureCerts: false, browserName: chrome, browserVersion: 89.0.4389.114, chrome: {chromedriverVersion: 88.0.4324.96 (68dba2d8a0b14..., userDataDir: C:\Users\user\AppData\Local...}, goog:chromeOptions: {debuggerAddress: localhost:60290}, javascriptEnabled: true, networkConnectionEnabled: false, pageLoadStrategy: normal, platform: WINDOWS, platformName: WINDOWS, proxy: Proxy(), setWindowRect: true, strictFileInteractability: false, timeouts: {implicit: 0, pageLoad: 300000, script: 30000}, unhandledPromptBehavior: dismiss and notify, webauthn:extension:largeBlob: true, webauthn:virtualAuthenticators: true}
Session ID: ffd7e4dafb18b44774456c2f045792ce
at org.openqa.selenium.support.ui.WebDriverWait.timeoutException(WebDriverWait.java:95)
at org.openqa.selenium.support.ui.FluentWait.until(FluentWait.java:272)
at hpe.NewSSD.SSDReadAll.ToVerifyAllReadSSDsDisplayedOnSelectServerType(SSDReadAll.java:519)
at java.base/java.util.ArrayList.forEach(ArrayList.java:1511)
... Removed 27 stack frames]]>
    </failure>
  </testcase> <!-- ToVerifyAllReadSSDsDisplayedOnSelectServerType -->
</testsuite> <!-- Automation Test Suite for Read Intensive - Workload -->
