<?xml version="1.0" encoding="UTF-8"?>
<!-- Generated by org.testng.reporters.JUnitXMLReporter -->
<testsuite ignored="0" hostname="DESKTOP-D27FDN2" failures="4" tests="67" name="Automation Test Suite for Select All Option In All Pages" time="98.699" errors="0" timestamp="2021-04-08T04:38:40 GMT-07:00">
  <testcase classname="hpe.NewSSD.SSDSelectAll" name="ToVerifySSDURL" time="10.378"/>
  <testcase classname="hpe.NewSSD.SSDSelectAll" name="ToVerifyHomePageLables" time="0.239"/>
  <testcase classname="hpe.NewSSD.SSDSelectAll" name="ToVerifyPDFFileLinkOpen" time="4.596"/>
  <testcase classname="hpe.NewSSD.SSDSelectAll" name="ToVerifySSDWorkloadPage" time="0.021"/>
  <testcase classname="hpe.NewSSD.SSDSelectAll" name="ToVerifySelectAllOption" time="0.254"/>
  <testcase classname="hpe.NewSSD.SSDSelectAll" name="ToVerifyPDFFileOpened" time="0.638"/>
  <testcase classname="hpe.NewSSD.SSDSelectAll" name="ToVerifyWorkloadMenuBar" time="0.036"/>
  <testcase classname="hpe.NewSSD.SSDSelectAll" name="ToVerifyClickonBackBtn" time="3.096"/>
  <testcase classname="hpe.NewSSD.SSDSelectAll" name="ToVerfyNextBtnEnabled" time="3.078"/>
  <testcase classname="hpe.NewSSD.SSDSelectAll" name="ToVerifySSDPage" time="0.01"/>
  <testcase classname="hpe.NewSSD.SSDSelectAll" name="ToVerifySSDTypesAutoSelected" time="0.129"/>
  <testcase classname="hpe.NewSSD.SSDSelectAll" name="ToVerifySSDTypeMenuBar" time="0.023"/>
  <testcase classname="hpe.NewSSD.SSDSelectAll" name="ToVerifySSDTypeWorkloadMenuBar" time="0.019"/>
  <testcase classname="hpe.NewSSD.SSDSelectAll" name="ToVerifyToEditSSDTypeAutoSelectedOptions" time="1.467"/>
  <testcase classname="hpe.NewSSD.SSDSelectAll" name="ToVerifySelectedWorkloadsDisplayed" time="1.362"/>
  <testcase classname="hpe.NewSSD.SSDSelectAll" name="ToCheckOptionsAreAutoSelected" time="0.12"/>
  <testcase classname="hpe.NewSSD.SSDSelectAll" name="ToVerifyNextBtnInSSDPage" time="3.13"/>
  <testcase classname="hpe.NewSSD.SSDSelectAll" name="ToVerifyServerTypePageMenubar" time="0.03"/>
  <testcase classname="hpe.NewSSD.SSDSelectAll" name="ToVerifyOtherPageNamesInMenuBar" time="0.037"/>
  <testcase classname="hpe.NewSSD.SSDSelectAll" name="ToVerifyServerTypeLabel" time="0.038"/>
  <testcase classname="hpe.NewSSD.SSDSelectAll" name="ToVerifyServerModelLabel" time="0.033"/>
  <testcase classname="hpe.NewSSD.SSDSelectAll" name="ToVerifyCapacityLabel" time="0.029"/>
  <testcase classname="hpe.NewSSD.SSDSelectAll" name="ToVerifyServerTypeServerModelList" time="10.609"/>
  <testcase classname="hpe.NewSSD.SSDSelectAll" name="ToVerifyCapacityValue" time="0.043"/>
  <testcase classname="hpe.NewSSD.SSDSelectAll" name="ToVerifyServerTyeSelectAllOption" time="1.489"/>
  <testcase classname="hpe.NewSSD.SSDSelectAll" name="ToVerifyNextBtnEnabled" time="1.508"/>
  <testcase classname="hpe.NewSSD.SSDSelectAll" name="ToVerifyServerTypeNextBtn" time="0.102"/>
  <testcase classname="hpe.NewSSD.SSDSelectAll" name="ToVerifyInterfaceMenuBar" time="0.008">
    <failure type="org.junit.ComparisonFailure" message="expected:&amp;lt;...d.azurewebsites.net/[interface]-type&amp;gt; but was:&amp;lt;...d.azurewebsites.net/[server]-type&amp;gt;">
      <![CDATA[org.junit.ComparisonFailure: expected:<...d.azurewebsites.net/[interface]-type> but was:<...d.azurewebsites.net/[server]-type>
at org.junit.Assert.assertEquals(Assert.java:117)
at org.junit.Assert.assertEquals(Assert.java:146)
at hpe.NewSSD.SSDSelectAll.ToVerifyInterfaceMenuBar(SSDSelectAll.java:298)
at java.base/java.util.ArrayList.forEach(ArrayList.java:1511)
... Removed 27 stack frames]]>
    </failure>
  </testcase> <!-- ToVerifyInterfaceMenuBar -->
  <testcase classname="hpe.NewSSD.SSDSelectAll" name="ToVerifyInterfaceOtherPageMenuBar" time="0.042"/>
  <testcase classname="hpe.NewSSD.SSDSelectAll" name="ToVerifyInterfaceOptions" time="1.566"/>
  <testcase classname="hpe.NewSSD.SSDSelectAll" name="ToVerifyInterfaceOptionsEdit" time="0.034"/>
  <testcase classname="hpe.NewSSD.SSDSelectAll" name="ToVerifyInterfaceNextbtn" time="2.623"/>
  <testcase classname="hpe.NewSSD.SSDSelectAll" name="ToVerifyFormFactorMenuBar" time="0.058"/>
  <testcase classname="hpe.NewSSD.SSDSelectAll" name="ToVerifyFormFactorPageDisplayed" time="0.006"/>
  <testcase classname="hpe.NewSSD.SSDSelectAll" name="ToVerifyFormFactorAutoSelected" time="0.142"/>
  <testcase classname="hpe.NewSSD.SSDSelectAll" name="ToVerifyFormFactorImages" time="0.154"/>
  <testcase classname="hpe.NewSSD.SSDSelectAll" name="ToVerifyFormFactorOptionsEditable" time="0.107"/>
  <testcase classname="hpe.NewSSD.SSDSelectAll" name="ToVerifyFormFactorNextBtn" time="1.669"/>
  <testcase classname="hpe.NewSSD.SSDSelectAll" name="ToVerifyBestAvailabilityPageDisplayed" time="0.017"/>
  <testcase classname="hpe.NewSSD.SSDSelectAll" name="ToVerifyBestAvailabilityMenubar" time="0.028"/>
  <testcase classname="hpe.NewSSD.SSDSelectAll" name="ToVerifyBestAvailabilityOptionSelected" time="0.044"/>
  <testcase classname="hpe.NewSSD.SSDSelectAll" name="ToVerifySelectAllBestAvailability" time="6.267"/>
  <testcase classname="hpe.NewSSD.SSDSelectAll" name="ToVerifyResultPageDisplayed" time="0.008"/>
  <testcase classname="hpe.NewSSD.SSDSelectAll" name="ToVerifyResultPageRefinelabel" time="0.065"/>
  <testcase classname="hpe.NewSSD.SSDSelectAll" name="ToVerifyResultPageSSDPortfilioAlignmentlabel" time="0.087"/>
  <testcase classname="hpe.NewSSD.SSDSelectAll" name="ToVerifyResultPagSSDRequirements" time="10.077">
    <failure type="org.openqa.selenium.TimeoutException" message="Expected condition failed: waiting for text (&amp;apos;153 -  SSDs meet your requirements&amp;apos;) to be present in element [[ChromeDriver: chrome on WINDOWS (fd26eea73eb6a933732fc3910a87df68)] -&amp;gt; partial link text:  -  SSDs meet your requirements] (tried for 10 second(s) with 500 milliseconds interval)
Build info: version: &amp;apos;3.141.59&amp;apos;, revision: &amp;apos;e82be7d358&amp;apos;, time: &amp;apos;2018-11-14T08:17:03&amp;apos;
System info: host: &amp;apos;DESKTOP-D27FDN2&amp;apos;, ip: &amp;apos;16.116.144.136&amp;apos;, os.name: &amp;apos;Windows 10&amp;apos;, os.arch: &amp;apos;amd64&amp;apos;, os.version: &amp;apos;10.0&amp;apos;, java.version: &amp;apos;14.0.2&amp;apos;
Driver info: org.openqa.selenium.support.events.EventFiringWebDriver
Capabilities {acceptInsecureCerts: false, browserName: chrome, browserVersion: 89.0.4389.114, chrome: {chromedriverVersion: 88.0.4324.96 (68dba2d8a0b14..., userDataDir: C:\Users\user\AppData\Local...}, goog:chromeOptions: {debuggerAddress: localhost:60909}, javascriptEnabled: true, networkConnectionEnabled: false, pageLoadStrategy: normal, platform: WINDOWS, platformName: WINDOWS, proxy: Proxy(), setWindowRect: true, strictFileInteractability: false, timeouts: {implicit: 0, pageLoad: 300000, script: 30000}, unhandledPromptBehavior: dismiss and notify, webauthn:extension:largeBlob: true, webauthn:virtualAuthenticators: true}
Session ID: fd26eea73eb6a933732fc3910a87df68">
      <![CDATA[org.openqa.selenium.TimeoutException: Expected condition failed: waiting for text ('153 -  SSDs meet your requirements') to be present in element [[ChromeDriver: chrome on WINDOWS (fd26eea73eb6a933732fc3910a87df68)] -> partial link text:  -  SSDs meet your requirements] (tried for 10 second(s) with 500 milliseconds interval)
Build info: version: '3.141.59', revision: 'e82be7d358', time: '2018-11-14T08:17:03'
System info: host: 'DESKTOP-D27FDN2', ip: '16.116.144.136', os.name: 'Windows 10', os.arch: 'amd64', os.version: '10.0', java.version: '14.0.2'
Driver info: org.openqa.selenium.support.events.EventFiringWebDriver
Capabilities {acceptInsecureCerts: false, browserName: chrome, browserVersion: 89.0.4389.114, chrome: {chromedriverVersion: 88.0.4324.96 (68dba2d8a0b14..., userDataDir: C:\Users\user\AppData\Local...}, goog:chromeOptions: {debuggerAddress: localhost:60909}, javascriptEnabled: true, networkConnectionEnabled: false, pageLoadStrategy: normal, platform: WINDOWS, platformName: WINDOWS, proxy: Proxy(), setWindowRect: true, strictFileInteractability: false, timeouts: {implicit: 0, pageLoad: 300000, script: 30000}, unhandledPromptBehavior: dismiss and notify, webauthn:extension:largeBlob: true, webauthn:virtualAuthenticators: true}
Session ID: fd26eea73eb6a933732fc3910a87df68
at org.openqa.selenium.support.ui.WebDriverWait.timeoutException(WebDriverWait.java:95)
at org.openqa.selenium.support.ui.FluentWait.until(FluentWait.java:272)
at hpe.NewSSD.SSDSelectAll.ToVerifyResultPagSSDRequirements(SSDSelectAll.java:438)
at java.base/java.util.ArrayList.forEach(ArrayList.java:1511)
... Removed 27 stack frames]]>
    </failure>
  </testcase> <!-- ToVerifyResultPagSSDRequirements -->
  <testcase classname="hpe.NewSSD.SSDSelectAll" name="ToVerifyResultPageSSDWorkloadPart" time="0.363"/>
  <testcase classname="hpe.NewSSD.SSDSelectAll" name="ToVerifyResultPageFormFactorPart" time="0.211"/>
  <testcase classname="hpe.NewSSD.SSDSelectAll" name="ToVerifyResultPageInterfaceTypePart" time="0.375"/>
  <testcase classname="hpe.NewSSD.SSDSelectAll" name="ToVerifyResultPageBestAvailabiltyPart" time="0.141"/>
  <testcase classname="hpe.NewSSD.SSDSelectAll" name="ToVerifyResultPageSearchTab" time="0.106">
    <failure type="java.lang.AssertionError" message="expected [] but found [Search by SKU]">
      <![CDATA[java.lang.AssertionError: expected [] but found [Search by SKU]
at hpessdPageObjects.SSDResultPage.SSDSearchTabText(SSDResultPage.java:509)
at hpe.NewSSD.SSDSelectAll.ToVerifyResultPageSearchTab(SSDSelectAll.java:478)
at java.base/java.util.ArrayList.forEach(ArrayList.java:1511)
... Removed 32 stack frames]]>
    </failure>
  </testcase> <!-- ToVerifyResultPageSearchTab -->
  <testcase classname="hpe.NewSSD.SSDSelectAll" name="ToVerifyResultPageServerType" time="0.304"/>
  <testcase classname="hpe.NewSSD.SSDSelectAll" name="ToVerifyResultPageServerModel" time="0.367"/>
  <testcase classname="hpe.NewSSD.SSDSelectAll" name="ToVerifyResultPageCapacitySlider" time="0.073"/>
  <testcase classname="hpe.NewSSD.SSDSelectAll" name="ToVerifyResultPageEnduranceSlider" time="0.063"/>
  <testcase classname="hpe.NewSSD.SSDSelectAll" name="ToVerifyResultPageRandomReadSlider" time="0.056"/>
  <testcase classname="hpe.NewSSD.SSDSelectAll" name="ToVerifyResultPageRandomWriteSlider" time="0.048"/>
  <testcase classname="hpe.NewSSD.SSDSelectAll" name="ToVerifyResultMaxRandomReadSlider" time="0.063"/>
  <testcase classname="hpe.NewSSD.SSDSelectAll" name="ToVerifyResultPageMaxRandomWriteSlider" time="0.062"/>
  <testcase classname="hpe.NewSSD.SSDSelectAll" name="ToVerifyResultPageMaxPowerSlider" time="0.049"/>
  <testcase classname="hpe.NewSSD.SSDSelectAll" name="ToVerifyResultPageSelectAllOption" time="0.079"/>
  <testcase classname="hpe.NewSSD.SSDSelectAll" name="ToVerifyResultPageSelectAllOptionSelected" time="0.537"/>
  <testcase classname="hpe.NewSSD.SSDSelectAll" name="ToVerifyAllSSDsResultDisplayed" time="10.409">
    <failure type="org.openqa.selenium.TimeoutException" message="Expected condition failed: waiting for text (&amp;apos;216 -  SSDs meet your requirements&amp;apos;) to be present in element [[ChromeDriver: chrome on WINDOWS (fd26eea73eb6a933732fc3910a87df68)] -&amp;gt; partial link text:  -  SSDs meet your requirements] (tried for 10 second(s) with 500 milliseconds interval)
Build info: version: &amp;apos;3.141.59&amp;apos;, revision: &amp;apos;e82be7d358&amp;apos;, time: &amp;apos;2018-11-14T08:17:03&amp;apos;
System info: host: &amp;apos;DESKTOP-D27FDN2&amp;apos;, ip: &amp;apos;16.116.144.136&amp;apos;, os.name: &amp;apos;Windows 10&amp;apos;, os.arch: &amp;apos;amd64&amp;apos;, os.version: &amp;apos;10.0&amp;apos;, java.version: &amp;apos;14.0.2&amp;apos;
Driver info: org.openqa.selenium.support.events.EventFiringWebDriver
Capabilities {acceptInsecureCerts: false, browserName: chrome, browserVersion: 89.0.4389.114, chrome: {chromedriverVersion: 88.0.4324.96 (68dba2d8a0b14..., userDataDir: C:\Users\user\AppData\Local...}, goog:chromeOptions: {debuggerAddress: localhost:60909}, javascriptEnabled: true, networkConnectionEnabled: false, pageLoadStrategy: normal, platform: WINDOWS, platformName: WINDOWS, proxy: Proxy(), setWindowRect: true, strictFileInteractability: false, timeouts: {implicit: 0, pageLoad: 300000, script: 30000}, unhandledPromptBehavior: dismiss and notify, webauthn:extension:largeBlob: true, webauthn:virtualAuthenticators: true}
Session ID: fd26eea73eb6a933732fc3910a87df68">
      <![CDATA[org.openqa.selenium.TimeoutException: Expected condition failed: waiting for text ('216 -  SSDs meet your requirements') to be present in element [[ChromeDriver: chrome on WINDOWS (fd26eea73eb6a933732fc3910a87df68)] -> partial link text:  -  SSDs meet your requirements] (tried for 10 second(s) with 500 milliseconds interval)
Build info: version: '3.141.59', revision: 'e82be7d358', time: '2018-11-14T08:17:03'
System info: host: 'DESKTOP-D27FDN2', ip: '16.116.144.136', os.name: 'Windows 10', os.arch: 'amd64', os.version: '10.0', java.version: '14.0.2'
Driver info: org.openqa.selenium.support.events.EventFiringWebDriver
Capabilities {acceptInsecureCerts: false, browserName: chrome, browserVersion: 89.0.4389.114, chrome: {chromedriverVersion: 88.0.4324.96 (68dba2d8a0b14..., userDataDir: C:\Users\user\AppData\Local...}, goog:chromeOptions: {debuggerAddress: localhost:60909}, javascriptEnabled: true, networkConnectionEnabled: false, pageLoadStrategy: normal, platform: WINDOWS, platformName: WINDOWS, proxy: Proxy(), setWindowRect: true, strictFileInteractability: false, timeouts: {implicit: 0, pageLoad: 300000, script: 30000}, unhandledPromptBehavior: dismiss and notify, webauthn:extension:largeBlob: true, webauthn:virtualAuthenticators: true}
Session ID: fd26eea73eb6a933732fc3910a87df68
at org.openqa.selenium.support.ui.WebDriverWait.timeoutException(WebDriverWait.java:95)
at org.openqa.selenium.support.ui.FluentWait.until(FluentWait.java:272)
at hpe.NewSSD.SSDSelectAll.ToVerifyAllSSDsResultDisplayed(SSDSelectAll.java:558)
at java.base/java.util.ArrayList.forEach(ArrayList.java:1511)
... Removed 27 stack frames]]>
    </failure>
  </testcase> <!-- ToVerifyAllSSDsResultDisplayed -->
  <testcase classname="hpe.NewSSD.SSDSelectAll" name="ToVerifySSDMainStreamResults" time="1.957"/>
  <testcase classname="hpe.NewSSD.SSDSelectAll" name="ToVerifyAlertMessage" time="0.298"/>
  <testcase classname="hpe.NewSSD.SSDSelectAll" name="ToVerifySSDNonMainstream" time="5.375"/>
  <testcase classname="hpe.NewSSD.SSDSelectAll" name="ToVerifyPriceLink" time="0.176"/>
</testsuite> <!-- Automation Test Suite for Select All Option In All Pages -->
