<?xml version="1.0" encoding="UTF-8"?>
<!-- Generated by org.testng.reporters.JUnitXMLReporter -->
<testsuite ignored="0" hostname="DESKTOP-D27FDN2" failures="3" tests="49" name="Automation Test Suite for VERY-READ-OPTIMIZED- Workload" time="128.867" errors="0" timestamp="2021-04-08T04:37:02 GMT-07:00">
  <testcase classname="hpe.NewSSD.SSDVROAll" name="ToVerifyHomepage" time="14.629"/>
  <testcase classname="hpe.NewSSD.SSDVROAll" name="ToVerifyHomePageLabels" time="0.147"/>
  <testcase classname="hpe.NewSSD.SSDVROAll" name="ToVerifyHomePagePDFFilesOpen" time="4.393"/>
  <testcase classname="hpe.NewSSD.SSDVROAll" name="ToVerifyWorkloadURL" time="0.009"/>
  <testcase classname="hpe.NewSSD.SSDVROAll" name="ToVerifyDisplayOfWorkloads" time="0.076"/>
  <testcase classname="hpe.NewSSD.SSDVROAll" name="ToVerifyWorkloadPageComponents" time="0.221"/>
  <testcase classname="hpe.NewSSD.SSDVROAll" name="ToVerifyToSelectMixedWorkloads" time="0.214"/>
  <testcase classname="hpe.NewSSD.SSDVROAll" name="ToVerifyToOpenPDFFile" time="0.617"/>
  <testcase classname="hpe.NewSSD.SSDVROAll" name="ToVerifyWorkloadBackBtn" time="3.574"/>
  <testcase classname="hpe.NewSSD.SSDVROAll" name="ToVerifyToSelectVeryReadOptimizedWorkloads" time="3.732"/>
  <testcase classname="hpe.NewSSD.SSDVROAll" name="ToVerifySSDPageDisplayed" time="0.013"/>
  <testcase classname="hpe.NewSSD.SSDVROAll" name="ToVerifySSDTypeIsSelected" time="0.035"/>
  <testcase classname="hpe.NewSSD.SSDVROAll" name="ToVerifyVeryReadOptimizedSelected" time="5.816"/>
  <testcase classname="hpe.NewSSD.SSDVROAll" name="ToVerifyServerTypePageDisplayed" time="0.013"/>
  <testcase classname="hpe.NewSSD.SSDVROAll" name="ToVerifyServerTypeMenuBar" time="0.025"/>
  <testcase classname="hpe.NewSSD.SSDVROAll" name="ToVerifyServerPageLabels" time="0.106"/>
  <testcase classname="hpe.NewSSD.SSDVROAll" name="ToVerifyServerTypeServerModel" time="9.221"/>
  <testcase classname="hpe.NewSSD.SSDVROAll" name="ToSelectServerTypeServerModel" time="20.72"/>
  <testcase classname="hpe.NewSSD.SSDVROAll" name="ToVerifyCapacityAlert" time="1.039"/>
  <testcase classname="hpe.NewSSD.SSDVROAll" name="ToMaximumPtToMiddlePt" time="0.773"/>
  <testcase classname="hpe.NewSSD.SSDVROAll" name="ToVerifyInterfacePage" time="3.36"/>
  <testcase classname="hpe.NewSSD.SSDVROAll" name="ToVerifySSDValues" time="0.843"/>
  <testcase classname="hpe.NewSSD.SSDVROAll" name="ToVerifyInterfaceLabels" time="1.869"/>
  <testcase classname="hpe.NewSSD.SSDVROAll" name="ToEditInterfaceOptions" time="3.135"/>
  <testcase classname="hpe.NewSSD.SSDVROAll" name="ToVerifyEditedOptionsRetained" time="3.139"/>
  <testcase classname="hpe.NewSSD.SSDVROAll" name="ToVerifyFormFactorPage" time="0.007"/>
  <testcase classname="hpe.NewSSD.SSDVROAll" name="ToVerifyFormFactorOptions" time="0.073"/>
  <testcase classname="hpe.NewSSD.SSDVROAll" name="ToEditFormFactionOptions" time="2.404"/>
  <testcase classname="hpe.NewSSD.SSDVROAll" name="ToVerifyEditedOptionRetained" time="5.215"/>
  <testcase classname="hpe.NewSSD.SSDVROAll" name="ToVerifyBestAvailabilityPageDisplayed" time="0.032"/>
  <testcase classname="hpe.NewSSD.SSDVROAll" name="ToVerifyToEditSelectedOption" time="4.838"/>
  <testcase classname="hpe.NewSSD.SSDVROAll" name="ToVerifyResultPageDisplayed" time="0.02"/>
  <testcase classname="hpe.NewSSD.SSDVROAll" name="ToVerifyWorkloadSelectedOptionDisplayed" time="0.026"/>
  <testcase classname="hpe.NewSSD.SSDVROAll" name="ToVerifySelectedInterfaceOptionsDisplayed" time="0.026"/>
  <testcase classname="hpe.NewSSD.SSDVROAll" name="ToVerifySelectedFormFactorDisplayed" time="0.047"/>
  <testcase classname="hpe.NewSSD.SSDVROAll" name="ToVerifySelectedCatergoryDisplayed" time="0.046"/>
  <testcase classname="hpe.NewSSD.SSDVROAll" name="ToVerifySelectedServerTypeDisplayed" time="0.24"/>
  <testcase classname="hpe.NewSSD.SSDVROAll" name="ToVerifySliderLables" time="0.152"/>
  <testcase classname="hpe.NewSSD.SSDVROAll" name="ToVerifySSDResultsDisplayedBasedOnServerType" time="0.127"/>
  <testcase classname="hpe.NewSSD.SSDVROAll" name="ToVerifyDownloadExportCSVFile" time="1.089"/>
  <testcase classname="hpe.NewSSD.SSDVROAll" name="ToVerifyDownloadExportExcelFile" time="1.187"/>
  <testcase classname="hpe.NewSSD.SSDVROAll" name="ToVerifySSDsUponSelectingServerTypeToPleaseSelectServerType" time="0.168"/>
  <testcase classname="hpe.NewSSD.SSDVROAll" name="ToVerifyAllVeryreadOptimizedSSDsDisplayedOnSelectServerType" time="0.782"/>
  <testcase classname="hpe.NewSSD.SSDVROAll" name="ToVerifyOnlyVeryReadOptimizedSSDsDisplayed" time="0.001"/>
  <testcase classname="hpe.NewSSD.SSDVROAll" name="ToVerifyShoweMoreLink" time="0.156"/>
  <testcase classname="hpe.NewSSD.SSDVROAll" name="ToVerifyDownloadPDFFileIndividualSSDs" time="2.255"/>
  <testcase classname="hpe.NewSSD.SSDVROAll" name="ToVerifyDownloadIndividualExportExcelFile" time="20.125">
    <failure type="org.openqa.selenium.NoSuchElementException" message="no such element: Unable to locate element: {&amp;quot;method&amp;quot;:&amp;quot;xpath&amp;quot;,&amp;quot;selector&amp;quot;:&amp;quot;//img[@id=&amp;apos;download_22&amp;apos;]&amp;quot;}
  (Session info: chrome=89.0.4389.114)
For documentation on this error, please visit: https://www.seleniumhq.org/exceptions/no_such_element.html
Build info: version: &amp;apos;3.141.59&amp;apos;, revision: &amp;apos;e82be7d358&amp;apos;, time: &amp;apos;2018-11-14T08:17:03&amp;apos;
System info: host: &amp;apos;DESKTOP-D27FDN2&amp;apos;, ip: &amp;apos;16.116.144.136&amp;apos;, os.name: &amp;apos;Windows 10&amp;apos;, os.arch: &amp;apos;amd64&amp;apos;, os.version: &amp;apos;10.0&amp;apos;, java.version: &amp;apos;14.0.2&amp;apos;
Driver info: org.openqa.selenium.chrome.ChromeDriver
Capabilities {acceptInsecureCerts: false, browserName: chrome, browserVersion: 89.0.4389.114, chrome: {chromedriverVersion: 88.0.4324.96 (68dba2d8a0b14..., userDataDir: C:\Users\user\AppData\Local...}, goog:chromeOptions: {debuggerAddress: localhost:60725}, javascriptEnabled: true, networkConnectionEnabled: false, pageLoadStrategy: normal, platform: WINDOWS, platformName: WINDOWS, proxy: Proxy(), setWindowRect: true, strictFileInteractability: false, timeouts: {implicit: 0, pageLoad: 300000, script: 30000}, unhandledPromptBehavior: dismiss and notify, webauthn:extension:largeBlob: true, webauthn:virtualAuthenticators: true}
Session ID: 24958d45692a27485d123f9703f48440
*** Element info: {Using=xpath, value=//img[@id=&amp;apos;download_22&amp;apos;]}">
      <![CDATA[org.openqa.selenium.NoSuchElementException: no such element: Unable to locate element: {"method":"xpath","selector":"//img[@id='download_22']"}
  (Session info: chrome=89.0.4389.114)
For documentation on this error, please visit: https://www.seleniumhq.org/exceptions/no_such_element.html
Build info: version: '3.141.59', revision: 'e82be7d358', time: '2018-11-14T08:17:03'
System info: host: 'DESKTOP-D27FDN2', ip: '16.116.144.136', os.name: 'Windows 10', os.arch: 'amd64', os.version: '10.0', java.version: '14.0.2'
Driver info: org.openqa.selenium.chrome.ChromeDriver
Capabilities {acceptInsecureCerts: false, browserName: chrome, browserVersion: 89.0.4389.114, chrome: {chromedriverVersion: 88.0.4324.96 (68dba2d8a0b14..., userDataDir: C:\Users\user\AppData\Local...}, goog:chromeOptions: {debuggerAddress: localhost:60725}, javascriptEnabled: true, networkConnectionEnabled: false, pageLoadStrategy: normal, platform: WINDOWS, platformName: WINDOWS, proxy: Proxy(), setWindowRect: true, strictFileInteractability: false, timeouts: {implicit: 0, pageLoad: 300000, script: 30000}, unhandledPromptBehavior: dismiss and notify, webauthn:extension:largeBlob: true, webauthn:virtualAuthenticators: true}
Session ID: 24958d45692a27485d123f9703f48440
*** Element info: {Using=xpath, value=//img[@id='download_22']}
at org.openqa.selenium.remote.http.W3CHttpResponseCodec.createException(W3CHttpResponseCodec.java:187)
at org.openqa.selenium.remote.http.W3CHttpResponseCodec.decode(W3CHttpResponseCodec.java:122)
at org.openqa.selenium.remote.http.W3CHttpResponseCodec.decode(W3CHttpResponseCodec.java:49)
at org.openqa.selenium.remote.HttpCommandExecutor.execute(HttpCommandExecutor.java:158)
at org.openqa.selenium.remote.service.DriverCommandExecutor.execute(DriverCommandExecutor.java:83)
at org.openqa.selenium.remote.RemoteWebDriver.execute(RemoteWebDriver.java:552)
at org.openqa.selenium.remote.RemoteWebDriver.findElement(RemoteWebDriver.java:323)
at org.openqa.selenium.remote.RemoteWebDriver.findElementByXPath(RemoteWebDriver.java:428)
at org.openqa.selenium.By$ByXPath.findElement(By.java:353)
at org.openqa.selenium.remote.RemoteWebDriver.findElement(RemoteWebDriver.java:315)
at org.openqa.selenium.support.events.EventFiringWebDriver.lambda$new$1(EventFiringWebDriver.java:105)
at com.sun.proxy.$Proxy11.findElement(Unknown Source)
at org.openqa.selenium.support.events.EventFiringWebDriver.findElement(EventFiringWebDriver.java:194)
at org.openqa.selenium.support.pagefactory.DefaultElementLocator.findElement(DefaultElementLocator.java:69)
at org.openqa.selenium.support.pagefactory.internal.LocatingElementHandler.invoke(LocatingElementHandler.java:38)
at com.sun.proxy.$Proxy15.click(Unknown Source)
at hpessdPageObjects.SSDResultPage.DownloadIndividualExcelFile(SSDResultPage.java:879)
at hpe.NewSSD.SSDVROAll.ToVerifyDownloadIndividualExportExcelFile(SSDVROAll.java:559)
at java.base/java.util.ArrayList.forEach(ArrayList.java:1511)
... Removed 35 stack frames]]>
    </failure>
  </testcase> <!-- ToVerifyDownloadIndividualExportExcelFile -->
  <testcase classname="hpe.NewSSD.SSDVROAll" name="ToVerifyBrowserBackButton" time="0.044">
    <failure type="java.lang.AssertionError" message="expected [https://stg-app-hpessd.azurewebsites.net/recommendation] but found [https://stg-app-hpessd.azurewebsites.net/mainstream]">
      <![CDATA[java.lang.AssertionError: expected [https://stg-app-hpessd.azurewebsites.net/recommendation] but found [https://stg-app-hpessd.azurewebsites.net/mainstream]
at hpe.NewSSD.SSDVROAll.ToVerifyBrowserBackButton(SSDVROAll.java:586)
at java.base/java.util.ArrayList.forEach(ArrayList.java:1511)
... Removed 32 stack frames]]>
    </failure>
  </testcase> <!-- ToVerifyBrowserBackButton -->
  <testcase classname="hpe.NewSSD.SSDVROAll" name="ToVerifyItRedirectsToHomePage" time="0.039">
    <failure type="java.lang.AssertionError" message="expected [https://stg-app-hpessd.azurewebsites.net/recommendation#] but found [https://stg-app-hpessd.azurewebsites.net/index]">
      <![CDATA[java.lang.AssertionError: expected [https://stg-app-hpessd.azurewebsites.net/recommendation#] but found [https://stg-app-hpessd.azurewebsites.net/index]
at hpe.NewSSD.SSDVROAll.ToVerifyItRedirectsToHomePage(SSDVROAll.java:606)
at java.base/java.util.ArrayList.forEach(ArrayList.java:1511)
... Removed 32 stack frames]]>
    </failure>
  </testcase> <!-- ToVerifyItRedirectsToHomePage -->
</testsuite> <!-- Automation Test Suite for VERY-READ-OPTIMIZED- Workload -->
