<?xml version="1.0" encoding="UTF-8"?>
<!-- Generated by org.testng.reporters.JUnitXMLReporter -->
<testsuite ignored="0" hostname="DESKTOP-D27FDN2" failures="1" tests="48" name="Automation Test Suite for Write Intensive - Workload" time="111.828" errors="0" timestamp="2021-04-08T04:32:25 GMT-07:00">
  <testcase classname="hpe.NewSSD.SSDWriteAll" name="ToVerifyHomepage" time="12.387"/>
  <testcase classname="hpe.NewSSD.SSDWriteAll" name="ToVerifyHomePageLabels" time="0.149"/>
  <testcase classname="hpe.NewSSD.SSDWriteAll" name="ToVerifyHomePagePDFFilesOpen" time="5.409"/>
  <testcase classname="hpe.NewSSD.SSDWriteAll" name="ToVerifyWorkloadURL" time="0.013"/>
  <testcase classname="hpe.NewSSD.SSDWriteAll" name="ToVerifyDisplayOfWorkloads" time="0.07"/>
  <testcase classname="hpe.NewSSD.SSDWriteAll" name="ToVerifyWorkloadPageComponents" time="0.295"/>
  <testcase classname="hpe.NewSSD.SSDWriteAll" name="ToVerifyToSelectMixedWorkloads" time="0.343"/>
  <testcase classname="hpe.NewSSD.SSDWriteAll" name="ToVerifyToOpenPDFFile" time="0.541"/>
  <testcase classname="hpe.NewSSD.SSDWriteAll" name="ToVerifyWorkloadBackBtn" time="3.535"/>
  <testcase classname="hpe.NewSSD.SSDWriteAll" name="ToVerifyToSelectWriteIntensive" time="1.81"/>
  <testcase classname="hpe.NewSSD.SSDWriteAll" name="ToVerifySSDPageDisplayed" time="0.021"/>
  <testcase classname="hpe.NewSSD.SSDWriteAll" name="ToVerifySSDTypeIsSelected" time="0.039"/>
  <testcase classname="hpe.NewSSD.SSDWriteAll" name="ToVerifyWriteIntensiveSelected" time="6.604"/>
  <testcase classname="hpe.NewSSD.SSDWriteAll" name="ToVerifyServerTypePageDisplayed" time="0.016"/>
  <testcase classname="hpe.NewSSD.SSDWriteAll" name="ToVerifyServerTypeMenuBar" time="0.029"/>
  <testcase classname="hpe.NewSSD.SSDWriteAll" name="ToVerifyServerPageLabels" time="0.113"/>
  <testcase classname="hpe.NewSSD.SSDWriteAll" name="ToVerifyServerTypeServerModel" time="10.496"/>
  <testcase classname="hpe.NewSSD.SSDWriteAll" name="ToSelectServerTypeServerModel" time="0.158"/>
  <testcase classname="hpe.NewSSD.SSDWriteAll" name="ToVerifyCapacityAlert" time="1.102"/>
  <testcase classname="hpe.NewSSD.SSDWriteAll" name="ToMaximumPtToMiddlePt" time="0.646"/>
  <testcase classname="hpe.NewSSD.SSDWriteAll" name="ToVerifyInterfacePage" time="4.298"/>
  <testcase classname="hpe.NewSSD.SSDWriteAll" name="ToVerifySSDValues" time="0.924"/>
  <testcase classname="hpe.NewSSD.SSDWriteAll" name="ToVerifyInterfaceLabels" time="1.658"/>
  <testcase classname="hpe.NewSSD.SSDWriteAll" name="ToEditInterfaceOptions" time="2.446"/>
  <testcase classname="hpe.NewSSD.SSDWriteAll" name="ToVerifyEditedOptionsRetained" time="2.722"/>
  <testcase classname="hpe.NewSSD.SSDWriteAll" name="ToVerifyFormFactorPage" time="0.009"/>
  <testcase classname="hpe.NewSSD.SSDWriteAll" name="ToVerifyFormFactorOptions" time="0.069"/>
  <testcase classname="hpe.NewSSD.SSDWriteAll" name="ToEditFormFactionOptions" time="1.406"/>
  <testcase classname="hpe.NewSSD.SSDWriteAll" name="ToVerifyEditedOptionRetained" time="2.662"/>
  <testcase classname="hpe.NewSSD.SSDWriteAll" name="ToVerifyBestAvailabilityPageDisplayed" time="0.042"/>
  <testcase classname="hpe.NewSSD.SSDWriteAll" name="ToVerifyToEditSelectedOption" time="6.741"/>
  <testcase classname="hpe.NewSSD.SSDWriteAll" name="ToVerifyResultPageDisplayed" time="0.014"/>
  <testcase classname="hpe.NewSSD.SSDWriteAll" name="ToVerifyWorkloadSelectedOptionDisplayed" time="0.03"/>
  <testcase classname="hpe.NewSSD.SSDWriteAll" name="ToVerifySelectedInterfaceOptionsDisplayed" time="0.046"/>
  <testcase classname="hpe.NewSSD.SSDWriteAll" name="ToVerifySelectedFormFactorDisplayed" time="0.048"/>
  <testcase classname="hpe.NewSSD.SSDWriteAll" name="ToVerifySelectedCatergoryDisplayed" time="0.048"/>
  <testcase classname="hpe.NewSSD.SSDWriteAll" name="ToVerifySelectedServerTypeDisplayed" time="0.289"/>
  <testcase classname="hpe.NewSSD.SSDWriteAll" name="ToVerifySliderLables" time="0.154"/>
  <testcase classname="hpe.NewSSD.SSDWriteAll" name="ToVerifySSDResultsDisplayedBasedOnServerType" time="0.13"/>
  <testcase classname="hpe.NewSSD.SSDWriteAll" name="ToVerifyDownloadExportCSVFile" time="1.089"/>
  <testcase classname="hpe.NewSSD.SSDWriteAll" name="ToVerifyDownloadExportExcelFile" time="1.26"/>
  <testcase classname="hpe.NewSSD.SSDWriteAll" name="ToVerifySSDsUponSelectingServerTypeToPleaseSelectServerType" time="0.236"/>
  <testcase classname="hpe.NewSSD.SSDWriteAll" name="ToVerifyAllWriteIntensiveSSDsDisplayedOnSelectServerType" time="0.716"/>
  <testcase classname="hpe.NewSSD.SSDWriteAll" name="ToVerifyOnlyWriteIntensiveSSDsDisplayed" time="0.001"/>
  <testcase classname="hpe.NewSSD.SSDWriteAll" name="ToVerifyShoweMoreLink" time="0.121"/>
  <testcase classname="hpe.NewSSD.SSDWriteAll" name="ToVerifyDownloadPDFFileIndividualSSDs" time="2.673"/>
  <testcase classname="hpe.NewSSD.SSDWriteAll" name="ToVerifyDownloadIndividualExportExcelFile" time="20.133">
    <failure type="org.openqa.selenium.NoSuchElementException" message="no such element: Unable to locate element: {&amp;quot;method&amp;quot;:&amp;quot;xpath&amp;quot;,&amp;quot;selector&amp;quot;:&amp;quot;//img[@id=&amp;apos;download_22&amp;apos;]&amp;quot;}
  (Session info: chrome=89.0.4389.114)
For documentation on this error, please visit: https://www.seleniumhq.org/exceptions/no_such_element.html
Build info: version: &amp;apos;3.141.59&amp;apos;, revision: &amp;apos;e82be7d358&amp;apos;, time: &amp;apos;2018-11-14T08:17:03&amp;apos;
System info: host: &amp;apos;DESKTOP-D27FDN2&amp;apos;, ip: &amp;apos;16.116.144.136&amp;apos;, os.name: &amp;apos;Windows 10&amp;apos;, os.arch: &amp;apos;amd64&amp;apos;, os.version: &amp;apos;10.0&amp;apos;, java.version: &amp;apos;14.0.2&amp;apos;
Driver info: org.openqa.selenium.chrome.ChromeDriver
Capabilities {acceptInsecureCerts: false, browserName: chrome, browserVersion: 89.0.4389.114, chrome: {chromedriverVersion: 88.0.4324.96 (68dba2d8a0b14..., userDataDir: C:\Users\user\AppData\Local...}, goog:chromeOptions: {debuggerAddress: localhost:60374}, javascriptEnabled: true, networkConnectionEnabled: false, pageLoadStrategy: normal, platform: WINDOWS, platformName: WINDOWS, proxy: Proxy(), setWindowRect: true, strictFileInteractability: false, timeouts: {implicit: 0, pageLoad: 300000, script: 30000}, unhandledPromptBehavior: dismiss and notify, webauthn:extension:largeBlob: true, webauthn:virtualAuthenticators: true}
Session ID: 465e2e6f0ea12adf27326009c1ae71d0
*** Element info: {Using=xpath, value=//img[@id=&amp;apos;download_22&amp;apos;]}">
      <![CDATA[org.openqa.selenium.NoSuchElementException: no such element: Unable to locate element: {"method":"xpath","selector":"//img[@id='download_22']"}
  (Session info: chrome=89.0.4389.114)
For documentation on this error, please visit: https://www.seleniumhq.org/exceptions/no_such_element.html
Build info: version: '3.141.59', revision: 'e82be7d358', time: '2018-11-14T08:17:03'
System info: host: 'DESKTOP-D27FDN2', ip: '16.116.144.136', os.name: 'Windows 10', os.arch: 'amd64', os.version: '10.0', java.version: '14.0.2'
Driver info: org.openqa.selenium.chrome.ChromeDriver
Capabilities {acceptInsecureCerts: false, browserName: chrome, browserVersion: 89.0.4389.114, chrome: {chromedriverVersion: 88.0.4324.96 (68dba2d8a0b14..., userDataDir: C:\Users\user\AppData\Local...}, goog:chromeOptions: {debuggerAddress: localhost:60374}, javascriptEnabled: true, networkConnectionEnabled: false, pageLoadStrategy: normal, platform: WINDOWS, platformName: WINDOWS, proxy: Proxy(), setWindowRect: true, strictFileInteractability: false, timeouts: {implicit: 0, pageLoad: 300000, script: 30000}, unhandledPromptBehavior: dismiss and notify, webauthn:extension:largeBlob: true, webauthn:virtualAuthenticators: true}
Session ID: 465e2e6f0ea12adf27326009c1ae71d0
*** Element info: {Using=xpath, value=//img[@id='download_22']}
at org.openqa.selenium.remote.http.W3CHttpResponseCodec.createException(W3CHttpResponseCodec.java:187)
at org.openqa.selenium.remote.http.W3CHttpResponseCodec.decode(W3CHttpResponseCodec.java:122)
at org.openqa.selenium.remote.http.W3CHttpResponseCodec.decode(W3CHttpResponseCodec.java:49)
at org.openqa.selenium.remote.HttpCommandExecutor.execute(HttpCommandExecutor.java:158)
at org.openqa.selenium.remote.service.DriverCommandExecutor.execute(DriverCommandExecutor.java:83)
at org.openqa.selenium.remote.RemoteWebDriver.execute(RemoteWebDriver.java:552)
at org.openqa.selenium.remote.RemoteWebDriver.findElement(RemoteWebDriver.java:323)
at org.openqa.selenium.remote.RemoteWebDriver.findElementByXPath(RemoteWebDriver.java:428)
at org.openqa.selenium.By$ByXPath.findElement(By.java:353)
at org.openqa.selenium.remote.RemoteWebDriver.findElement(RemoteWebDriver.java:315)
at org.openqa.selenium.support.events.EventFiringWebDriver.lambda$new$1(EventFiringWebDriver.java:105)
at com.sun.proxy.$Proxy11.findElement(Unknown Source)
at org.openqa.selenium.support.events.EventFiringWebDriver.findElement(EventFiringWebDriver.java:194)
at org.openqa.selenium.support.pagefactory.DefaultElementLocator.findElement(DefaultElementLocator.java:69)
at org.openqa.selenium.support.pagefactory.internal.LocatingElementHandler.invoke(LocatingElementHandler.java:38)
at com.sun.proxy.$Proxy15.click(Unknown Source)
at hpessdPageObjects.SSDResultPage.DownloadIndividualExcelFile(SSDResultPage.java:879)
at hpe.NewSSD.SSDWriteAll.ToVerifyDownloadIndividualExportExcelFile(SSDWriteAll.java:557)
at java.base/java.util.ArrayList.forEach(ArrayList.java:1511)
... Removed 35 stack frames]]>
    </failure>
  </testcase> <!-- ToVerifyDownloadIndividualExportExcelFile -->
  <testcase classname="hpe.NewSSD.SSDWriteAll" name="ToVerifyPriceLink" time="0.163"/>
</testsuite> <!-- Automation Test Suite for Write Intensive - Workload -->
