<?xml version="1.0" encoding="UTF-8"?>
<!-- Generated by org.testng.reporters.JUnitXMLReporter -->
<testsuite ignored="0" hostname="DESKTOP-D27FDN2" failures="3" tests="48" name="Automation Test Suite for Mixed Use - Workload" time="147.244" errors="0" timestamp="2021-04-08T04:34:53 GMT-07:00">
  <testcase classname="hpe.NewSSD.SSDMixedUse" name="ToVerifyHomepage" time="11.932"/>
  <testcase classname="hpe.NewSSD.SSDMixedUse" name="ToVerifyHomePageLabels" time="0.154"/>
  <testcase classname="hpe.NewSSD.SSDMixedUse" name="ToVerifyHomePagePDFFilesOpen" time="3.442"/>
  <testcase classname="hpe.NewSSD.SSDMixedUse" name="ToVerifyWorkloadURL" time="0.009"/>
  <testcase classname="hpe.NewSSD.SSDMixedUse" name="ToVerifyDisplayOfWorkloads" time="0.044"/>
  <testcase classname="hpe.NewSSD.SSDMixedUse" name="ToVerifyWorkloadPageComponents" time="0.36"/>
  <testcase classname="hpe.NewSSD.SSDMixedUse" name="ToVerifyToSelectMixedWorkloads" time="0.329"/>
  <testcase classname="hpe.NewSSD.SSDMixedUse" name="ToVerifyToOpenPDFFile" time="0.522"/>
  <testcase classname="hpe.NewSSD.SSDMixedUse" name="ToVerifyWorkloadBackBtn" time="3.109"/>
  <testcase classname="hpe.NewSSD.SSDMixedUse" name="ToVerifyToSelectReadIntensive" time="1.533"/>
  <testcase classname="hpe.NewSSD.SSDMixedUse" name="ToVerifySSDPageDisplayed" time="0.022"/>
  <testcase classname="hpe.NewSSD.SSDMixedUse" name="ToVerifySSDTypeIsSelected" time="0.028"/>
  <testcase classname="hpe.NewSSD.SSDMixedUse" name="ToVerifyReadIntensiveSelected" time="5.544"/>
  <testcase classname="hpe.NewSSD.SSDMixedUse" name="ToVerifyServerTypePageDisplayed" time="0.014"/>
  <testcase classname="hpe.NewSSD.SSDMixedUse" name="ToVerifyServerTypeMenuBar" time="0.03"/>
  <testcase classname="hpe.NewSSD.SSDMixedUse" name="ToVerifyServerPageLabels" time="0.11"/>
  <testcase classname="hpe.NewSSD.SSDMixedUse" name="ToVerifyServerTypeServerModel" time="9.321"/>
  <testcase classname="hpe.NewSSD.SSDMixedUse" name="ToSelectServerTypeServerModel" time="0.526"/>
  <testcase classname="hpe.NewSSD.SSDMixedUse" name="ToVerifyCapacityAlert" time="1.025"/>
  <testcase classname="hpe.NewSSD.SSDMixedUse" name="ToMaximumPtToMiddlePt" time="0.781"/>
  <testcase classname="hpe.NewSSD.SSDMixedUse" name="ToVerifyInterfacePage" time="4.244"/>
  <testcase classname="hpe.NewSSD.SSDMixedUse" name="ToVerifySSDValues" time="0.413"/>
  <testcase classname="hpe.NewSSD.SSDMixedUse" name="ToVerifyInterfaceLabels" time="1.743"/>
  <testcase classname="hpe.NewSSD.SSDMixedUse" name="ToEditInterfaceOptions" time="2.407"/>
  <testcase classname="hpe.NewSSD.SSDMixedUse" name="ToVerifyEditedOptionsRetained" time="2.819"/>
  <testcase classname="hpe.NewSSD.SSDMixedUse" name="ToVerifyFormFactorPage" time="0.007"/>
  <testcase classname="hpe.NewSSD.SSDMixedUse" name="ToVerifyFormFactorOptions" time="0.122"/>
  <testcase classname="hpe.NewSSD.SSDMixedUse" name="ToEditFormFactionOptions" time="1.721"/>
  <testcase classname="hpe.NewSSD.SSDMixedUse" name="ToVerifyEditedOptionRetained" time="4.595"/>
  <testcase classname="hpe.NewSSD.SSDMixedUse" name="ToVerifyBestAvailabilityPageDisplayed" time="0.037"/>
  <testcase classname="hpe.NewSSD.SSDMixedUse" name="ToVerifyToEditSelectedOption" time="18.663"/>
  <testcase classname="hpe.NewSSD.SSDMixedUse" name="ToVerifyResultPageDisplayed" time="0.009"/>
  <testcase classname="hpe.NewSSD.SSDMixedUse" name="ToVerifyWorkloadSelectedOptionDisplayed" time="0.066"/>
  <testcase classname="hpe.NewSSD.SSDMixedUse" name="ToVerifySelectedInterfaceOptionsDisplayed" time="0.228"/>
  <testcase classname="hpe.NewSSD.SSDMixedUse" name="ToVerifySelectedFormFactorDisplayed" time="0.192"/>
  <testcase classname="hpe.NewSSD.SSDMixedUse" name="ToVerifySelectedCatergoryDisplayed" time="0.072"/>
  <testcase classname="hpe.NewSSD.SSDMixedUse" name="ToVerifySelectedServerTypeDisplayed" time="0.452"/>
  <testcase classname="hpe.NewSSD.SSDMixedUse" name="ToVerifySliderLables" time="0.193"/>
  <testcase classname="hpe.NewSSD.SSDMixedUse" name="ToVerifySSDResultsDisplayedBasedOnServerType" time="0.182"/>
  <testcase classname="hpe.NewSSD.SSDMixedUse" name="ToVerifyDownloadExportCSVFile" time="1.107"/>
  <testcase classname="hpe.NewSSD.SSDMixedUse" name="ToVerifyDownloadExportExcelFile" time="1.118"/>
  <testcase classname="hpe.NewSSD.SSDMixedUse" name="ToVerifySSDsUponSelectingServerTypeToPleaseSelectServerType" time="0.23"/>
  <testcase classname="hpe.NewSSD.SSDMixedUse" name="ToVerifyAllReadSSDsDisplayedOnSelectServerType" time="11.338">
    <failure type="org.openqa.selenium.TimeoutException" message="Expected condition failed: waiting for text (&amp;apos;131 -  SSDs meet your requirements&amp;apos;) to be present in element [[ChromeDriver: chrome on WINDOWS (fbfdce7edba2fb1efdf69d10541bd23b)] -&amp;gt; partial link text:  -  SSDs meet your requirements] (tried for 10 second(s) with 500 milliseconds interval)
Build info: version: &amp;apos;3.141.59&amp;apos;, revision: &amp;apos;e82be7d358&amp;apos;, time: &amp;apos;2018-11-14T08:17:03&amp;apos;
System info: host: &amp;apos;DESKTOP-D27FDN2&amp;apos;, ip: &amp;apos;16.116.144.136&amp;apos;, os.name: &amp;apos;Windows 10&amp;apos;, os.arch: &amp;apos;amd64&amp;apos;, os.version: &amp;apos;10.0&amp;apos;, java.version: &amp;apos;14.0.2&amp;apos;
Driver info: org.openqa.selenium.support.events.EventFiringWebDriver
Capabilities {acceptInsecureCerts: false, browserName: chrome, browserVersion: 89.0.4389.114, chrome: {chromedriverVersion: 88.0.4324.96 (68dba2d8a0b14..., userDataDir: C:\Users\user\AppData\Local...}, goog:chromeOptions: {debuggerAddress: localhost:60462}, javascriptEnabled: true, networkConnectionEnabled: false, pageLoadStrategy: normal, platform: WINDOWS, platformName: WINDOWS, proxy: Proxy(), setWindowRect: true, strictFileInteractability: false, timeouts: {implicit: 0, pageLoad: 300000, script: 30000}, unhandledPromptBehavior: dismiss and notify, webauthn:extension:largeBlob: true, webauthn:virtualAuthenticators: true}
Session ID: fbfdce7edba2fb1efdf69d10541bd23b">
      <![CDATA[org.openqa.selenium.TimeoutException: Expected condition failed: waiting for text ('131 -  SSDs meet your requirements') to be present in element [[ChromeDriver: chrome on WINDOWS (fbfdce7edba2fb1efdf69d10541bd23b)] -> partial link text:  -  SSDs meet your requirements] (tried for 10 second(s) with 500 milliseconds interval)
Build info: version: '3.141.59', revision: 'e82be7d358', time: '2018-11-14T08:17:03'
System info: host: 'DESKTOP-D27FDN2', ip: '16.116.144.136', os.name: 'Windows 10', os.arch: 'amd64', os.version: '10.0', java.version: '14.0.2'
Driver info: org.openqa.selenium.support.events.EventFiringWebDriver
Capabilities {acceptInsecureCerts: false, browserName: chrome, browserVersion: 89.0.4389.114, chrome: {chromedriverVersion: 88.0.4324.96 (68dba2d8a0b14..., userDataDir: C:\Users\user\AppData\Local...}, goog:chromeOptions: {debuggerAddress: localhost:60462}, javascriptEnabled: true, networkConnectionEnabled: false, pageLoadStrategy: normal, platform: WINDOWS, platformName: WINDOWS, proxy: Proxy(), setWindowRect: true, strictFileInteractability: false, timeouts: {implicit: 0, pageLoad: 300000, script: 30000}, unhandledPromptBehavior: dismiss and notify, webauthn:extension:largeBlob: true, webauthn:virtualAuthenticators: true}
Session ID: fbfdce7edba2fb1efdf69d10541bd23b
at org.openqa.selenium.support.ui.WebDriverWait.timeoutException(WebDriverWait.java:95)
at org.openqa.selenium.support.ui.FluentWait.until(FluentWait.java:272)
at hpe.NewSSD.SSDMixedUse.ToVerifyAllReadSSDsDisplayedOnSelectServerType(SSDMixedUse.java:512)
at java.base/java.util.ArrayList.forEach(ArrayList.java:1511)
... Removed 27 stack frames]]>
    </failure>
  </testcase> <!-- ToVerifyAllReadSSDsDisplayedOnSelectServerType -->
  <testcase classname="hpe.NewSSD.SSDMixedUse" name="ToVerifyOnlyMixedUsSSDsDisplayed" time="0.001"/>
  <testcase classname="hpe.NewSSD.SSDMixedUse" name="ToVerifyShoweMoreLink" time="0.091"/>
  <testcase classname="hpe.NewSSD.SSDMixedUse" name="ToVerifyDownloadPDFFileIndividualSSDs" time="20.136">
    <failure type="org.openqa.selenium.NoSuchElementException" message="no such element: Unable to locate element: {&amp;quot;method&amp;quot;:&amp;quot;xpath&amp;quot;,&amp;quot;selector&amp;quot;:&amp;quot;//body/section[@id=&amp;apos;mainContent&amp;apos;]/div[5]/div[4]/div[1]/div[1]/div[2]/div[1]/div[1]/div[1]/div[1]/div[1]/div[6]/div[2]/a[2]/img[1]&amp;quot;}
  (Session info: chrome=89.0.4389.114)
For documentation on this error, please visit: https://www.seleniumhq.org/exceptions/no_such_element.html
Build info: version: &amp;apos;3.141.59&amp;apos;, revision: &amp;apos;e82be7d358&amp;apos;, time: &amp;apos;2018-11-14T08:17:03&amp;apos;
System info: host: &amp;apos;DESKTOP-D27FDN2&amp;apos;, ip: &amp;apos;16.116.144.136&amp;apos;, os.name: &amp;apos;Windows 10&amp;apos;, os.arch: &amp;apos;amd64&amp;apos;, os.version: &amp;apos;10.0&amp;apos;, java.version: &amp;apos;14.0.2&amp;apos;
Driver info: org.openqa.selenium.chrome.ChromeDriver
Capabilities {acceptInsecureCerts: false, browserName: chrome, browserVersion: 89.0.4389.114, chrome: {chromedriverVersion: 88.0.4324.96 (68dba2d8a0b14..., userDataDir: C:\Users\user\AppData\Local...}, goog:chromeOptions: {debuggerAddress: localhost:60462}, javascriptEnabled: true, networkConnectionEnabled: false, pageLoadStrategy: normal, platform: WINDOWS, platformName: WINDOWS, proxy: Proxy(), setWindowRect: true, strictFileInteractability: false, timeouts: {implicit: 0, pageLoad: 300000, script: 30000}, unhandledPromptBehavior: dismiss and notify, webauthn:extension:largeBlob: true, webauthn:virtualAuthenticators: true}
Session ID: fbfdce7edba2fb1efdf69d10541bd23b
*** Element info: {Using=xpath, value=//body/section[@id=&amp;apos;mainContent&amp;apos;]/div[5]/div[4]/div[1]/div[1]/div[2]/div[1]/div[1]/div[1]/div[1]/div[1]/div[6]/div[2]/a[2]/img[1]}">
      <![CDATA[org.openqa.selenium.NoSuchElementException: no such element: Unable to locate element: {"method":"xpath","selector":"//body/section[@id='mainContent']/div[5]/div[4]/div[1]/div[1]/div[2]/div[1]/div[1]/div[1]/div[1]/div[1]/div[6]/div[2]/a[2]/img[1]"}
  (Session info: chrome=89.0.4389.114)
For documentation on this error, please visit: https://www.seleniumhq.org/exceptions/no_such_element.html
Build info: version: '3.141.59', revision: 'e82be7d358', time: '2018-11-14T08:17:03'
System info: host: 'DESKTOP-D27FDN2', ip: '16.116.144.136', os.name: 'Windows 10', os.arch: 'amd64', os.version: '10.0', java.version: '14.0.2'
Driver info: org.openqa.selenium.chrome.ChromeDriver
Capabilities {acceptInsecureCerts: false, browserName: chrome, browserVersion: 89.0.4389.114, chrome: {chromedriverVersion: 88.0.4324.96 (68dba2d8a0b14..., userDataDir: C:\Users\user\AppData\Local...}, goog:chromeOptions: {debuggerAddress: localhost:60462}, javascriptEnabled: true, networkConnectionEnabled: false, pageLoadStrategy: normal, platform: WINDOWS, platformName: WINDOWS, proxy: Proxy(), setWindowRect: true, strictFileInteractability: false, timeouts: {implicit: 0, pageLoad: 300000, script: 30000}, unhandledPromptBehavior: dismiss and notify, webauthn:extension:largeBlob: true, webauthn:virtualAuthenticators: true}
Session ID: fbfdce7edba2fb1efdf69d10541bd23b
*** Element info: {Using=xpath, value=//body/section[@id='mainContent']/div[5]/div[4]/div[1]/div[1]/div[2]/div[1]/div[1]/div[1]/div[1]/div[1]/div[6]/div[2]/a[2]/img[1]}
at org.openqa.selenium.remote.http.W3CHttpResponseCodec.createException(W3CHttpResponseCodec.java:187)
at org.openqa.selenium.remote.http.W3CHttpResponseCodec.decode(W3CHttpResponseCodec.java:122)
at org.openqa.selenium.remote.http.W3CHttpResponseCodec.decode(W3CHttpResponseCodec.java:49)
at org.openqa.selenium.remote.HttpCommandExecutor.execute(HttpCommandExecutor.java:158)
at org.openqa.selenium.remote.service.DriverCommandExecutor.execute(DriverCommandExecutor.java:83)
at org.openqa.selenium.remote.RemoteWebDriver.execute(RemoteWebDriver.java:552)
at org.openqa.selenium.remote.RemoteWebDriver.findElement(RemoteWebDriver.java:323)
at org.openqa.selenium.remote.RemoteWebDriver.findElementByXPath(RemoteWebDriver.java:428)
at org.openqa.selenium.By$ByXPath.findElement(By.java:353)
at org.openqa.selenium.remote.RemoteWebDriver.findElement(RemoteWebDriver.java:315)
at org.openqa.selenium.support.events.EventFiringWebDriver.lambda$new$1(EventFiringWebDriver.java:105)
at com.sun.proxy.$Proxy11.findElement(Unknown Source)
at org.openqa.selenium.support.events.EventFiringWebDriver.findElement(EventFiringWebDriver.java:194)
at org.openqa.selenium.support.pagefactory.DefaultElementLocator.findElement(DefaultElementLocator.java:69)
at org.openqa.selenium.support.pagefactory.internal.LocatingElementHandler.invoke(LocatingElementHandler.java:38)
at com.sun.proxy.$Proxy15.click(Unknown Source)
at hpessdPageObjects.SSDResultPage.DownloadPDFFile(SSDResultPage.java:856)
at hpe.NewSSD.SSDMixedUse.ToVerifyDownloadPDFFileIndividualSSDs(SSDMixedUse.java:544)
at java.base/java.util.ArrayList.forEach(ArrayList.java:1511)
... Removed 35 stack frames]]>
    </failure>
  </testcase> <!-- ToVerifyDownloadPDFFileIndividualSSDs -->
  <testcase classname="hpe.NewSSD.SSDMixedUse" name="ToVerifyDownloadIndividualExportExcelFile" time="20.097">
    <failure type="org.openqa.selenium.NoSuchElementException" message="no such element: Unable to locate element: {&amp;quot;method&amp;quot;:&amp;quot;xpath&amp;quot;,&amp;quot;selector&amp;quot;:&amp;quot;//img[@id=&amp;apos;download_22&amp;apos;]&amp;quot;}
  (Session info: chrome=89.0.4389.114)
For documentation on this error, please visit: https://www.seleniumhq.org/exceptions/no_such_element.html
Build info: version: &amp;apos;3.141.59&amp;apos;, revision: &amp;apos;e82be7d358&amp;apos;, time: &amp;apos;2018-11-14T08:17:03&amp;apos;
System info: host: &amp;apos;DESKTOP-D27FDN2&amp;apos;, ip: &amp;apos;16.116.144.136&amp;apos;, os.name: &amp;apos;Windows 10&amp;apos;, os.arch: &amp;apos;amd64&amp;apos;, os.version: &amp;apos;10.0&amp;apos;, java.version: &amp;apos;14.0.2&amp;apos;
Driver info: org.openqa.selenium.chrome.ChromeDriver
Capabilities {acceptInsecureCerts: false, browserName: chrome, browserVersion: 89.0.4389.114, chrome: {chromedriverVersion: 88.0.4324.96 (68dba2d8a0b14..., userDataDir: C:\Users\user\AppData\Local...}, goog:chromeOptions: {debuggerAddress: localhost:60462}, javascriptEnabled: true, networkConnectionEnabled: false, pageLoadStrategy: normal, platform: WINDOWS, platformName: WINDOWS, proxy: Proxy(), setWindowRect: true, strictFileInteractability: false, timeouts: {implicit: 0, pageLoad: 300000, script: 30000}, unhandledPromptBehavior: dismiss and notify, webauthn:extension:largeBlob: true, webauthn:virtualAuthenticators: true}
Session ID: fbfdce7edba2fb1efdf69d10541bd23b
*** Element info: {Using=xpath, value=//img[@id=&amp;apos;download_22&amp;apos;]}">
      <![CDATA[org.openqa.selenium.NoSuchElementException: no such element: Unable to locate element: {"method":"xpath","selector":"//img[@id='download_22']"}
  (Session info: chrome=89.0.4389.114)
For documentation on this error, please visit: https://www.seleniumhq.org/exceptions/no_such_element.html
Build info: version: '3.141.59', revision: 'e82be7d358', time: '2018-11-14T08:17:03'
System info: host: 'DESKTOP-D27FDN2', ip: '16.116.144.136', os.name: 'Windows 10', os.arch: 'amd64', os.version: '10.0', java.version: '14.0.2'
Driver info: org.openqa.selenium.chrome.ChromeDriver
Capabilities {acceptInsecureCerts: false, browserName: chrome, browserVersion: 89.0.4389.114, chrome: {chromedriverVersion: 88.0.4324.96 (68dba2d8a0b14..., userDataDir: C:\Users\user\AppData\Local...}, goog:chromeOptions: {debuggerAddress: localhost:60462}, javascriptEnabled: true, networkConnectionEnabled: false, pageLoadStrategy: normal, platform: WINDOWS, platformName: WINDOWS, proxy: Proxy(), setWindowRect: true, strictFileInteractability: false, timeouts: {implicit: 0, pageLoad: 300000, script: 30000}, unhandledPromptBehavior: dismiss and notify, webauthn:extension:largeBlob: true, webauthn:virtualAuthenticators: true}
Session ID: fbfdce7edba2fb1efdf69d10541bd23b
*** Element info: {Using=xpath, value=//img[@id='download_22']}
at org.openqa.selenium.remote.http.W3CHttpResponseCodec.createException(W3CHttpResponseCodec.java:187)
at org.openqa.selenium.remote.http.W3CHttpResponseCodec.decode(W3CHttpResponseCodec.java:122)
at org.openqa.selenium.remote.http.W3CHttpResponseCodec.decode(W3CHttpResponseCodec.java:49)
at org.openqa.selenium.remote.HttpCommandExecutor.execute(HttpCommandExecutor.java:158)
at org.openqa.selenium.remote.service.DriverCommandExecutor.execute(DriverCommandExecutor.java:83)
at org.openqa.selenium.remote.RemoteWebDriver.execute(RemoteWebDriver.java:552)
at org.openqa.selenium.remote.RemoteWebDriver.findElement(RemoteWebDriver.java:323)
at org.openqa.selenium.remote.RemoteWebDriver.findElementByXPath(RemoteWebDriver.java:428)
at org.openqa.selenium.By$ByXPath.findElement(By.java:353)
at org.openqa.selenium.remote.RemoteWebDriver.findElement(RemoteWebDriver.java:315)
at org.openqa.selenium.support.events.EventFiringWebDriver.lambda$new$1(EventFiringWebDriver.java:105)
at com.sun.proxy.$Proxy11.findElement(Unknown Source)
at org.openqa.selenium.support.events.EventFiringWebDriver.findElement(EventFiringWebDriver.java:194)
at org.openqa.selenium.support.pagefactory.DefaultElementLocator.findElement(DefaultElementLocator.java:69)
at org.openqa.selenium.support.pagefactory.internal.LocatingElementHandler.invoke(LocatingElementHandler.java:38)
at com.sun.proxy.$Proxy15.click(Unknown Source)
at hpessdPageObjects.SSDResultPage.DownloadIndividualExcelFile(SSDResultPage.java:879)
at hpe.NewSSD.SSDMixedUse.ToVerifyDownloadIndividualExportExcelFile(SSDMixedUse.java:557)
at java.base/java.util.ArrayList.forEach(ArrayList.java:1511)
... Removed 35 stack frames]]>
    </failure>
  </testcase> <!-- ToVerifyDownloadIndividualExportExcelFile -->
  <testcase classname="hpe.NewSSD.SSDMixedUse" name="ToVerifyPriceLink" time="0.18"/>
</testsuite> <!-- Automation Test Suite for Mixed Use - Workload -->
